---------------------------------------------------------------

[2020-05-07T08:59:34+08:00] 127.0.0.1 GET dolphin.com/
[运行时间：2.727440s] [吞吐率：0.37req/s] [内存消耗：3,519.87kb] [文件加载：107]
[ info ] [ LANG ] F:\Project\DolphinPHPV1.4.5\thinkphp\lang\zh-cn.php
[ info ] [ DB ] INIT mysql
[ info ] [ ROUTE ] array (
)
[ info ] [ HEADER ] array (
  'cookie' => 'dolphin_uid=1; dolphin_signin_token=95d89fa2bda0eaac514ec6c65bf890bc23aeeb77',
  'accept-language' => 'zh-CN,zh;q=0.9',
  'accept-encoding' => 'gzip, deflate',
  'accept' => 'text/html,application/xhtml+xml,application/xml;q=0.9,image/webp,image/apng,*/*;q=0.8,application/signed-exchange;v=b3;q=0.9',
  'user-agent' => 'Mozilla/5.0 (Windows NT 10.0; Win64; x64) AppleWebKit/537.36 (KHTML, like Gecko) Chrome/81.0.4044.138 Safari/537.36',
  'upgrade-insecure-requests' => '1',
  'connection' => 'close',
  'host' => 'dolphin.com',
)
[ info ] [ PARAM ] array (
)
[ info ] [ VIEW ] F:\Project\DolphinPHPV1.4.5\application\index\view\index\index.html [ array (
  0 => 'title',
  1 => 'configuration',
  2 => 'nav_1',
  3 => 'nav_2',
  4 => 'nav_h',
  5 => 'nav_f',
  6 => 'nav_pid',
  7 => 'nav_id',
  8 => 'banner_bg',
  9 => 'banner',
  10 => 'album',
  11 => 'food',
  12 => 'news',
  13 => 'store',
  14 => 'roll',
) ]
[ sql ] [ DB ] CONNECT:[ UseTime:0.017142s ] mysql:host=127.0.0.1;port=3306;dbname=dolphin;charset=utf8
[ sql ] [ SQL ] SHOW COLUMNS FROM `dp_admin_config` [ RunTime:0.063144s ]
[ sql ] [ SQL ] SELECT `name`,`value`,`type` FROM `dp_admin_config` [ RunTime:0.001963s ]
[ sql ] [ SQL ] SHOW COLUMNS FROM `dp_admin_module` [ RunTime:0.052087s ]
[ sql ] [ SQL ] SELECT `name`,`config` FROM `dp_admin_module` WHERE  `config` <> '' [ RunTime:0.001698s ]
[ sql ] [ SQL ] SHOW COLUMNS FROM `dp_admin_hook` [ RunTime:0.039073s ]
[ sql ] [ SQL ] SELECT `name`,`status` FROM `dp_admin_hook` WHERE  `status` = 1 [ RunTime:0.000684s ]
[ sql ] [ SQL ] SHOW COLUMNS FROM `dp_admin_plugin` [ RunTime:0.044034s ]
[ sql ] [ SQL ] SELECT `name`,`status` FROM `dp_admin_plugin` WHERE  `status` = 1 [ RunTime:0.000871s ]
[ sql ] [ SQL ] SHOW COLUMNS FROM `dp_admin_hook_plugin` [ RunTime:0.045528s ]
[ sql ] [ SQL ] SELECT * FROM `dp_admin_hook_plugin` WHERE  `status` = 1 ORDER BY `hook`,`sort` [ RunTime:0.000670s ]
[ sql ] [ SQL ] SHOW COLUMNS FROM `dp_admin_navigation` [ RunTime:0.046367s ]
[ sql ] [ SQL ] SELECT `id`,`pid` FROM `dp_admin_navigation` WHERE  `url_value` = 'index/index/index' LIMIT 1 [ RunTime:0.001871s ]
[ sql ] [ SQL ] SELECT `id` FROM `dp_admin_navigation` WHERE  `pid` = 1 ORDER BY `sort` LIMIT 1 [ RunTime:0.000830s ]
[ sql ] [ SQL ] SELECT `title` FROM `dp_admin_navigation` WHERE  `id` = 0 LIMIT 1 [ RunTime:0.000546s ]
[ sql ] [ SQL ] SELECT `id`,`title`,`url_value`,`params` FROM `dp_admin_navigation` WHERE  `pid` = 1  AND `status` = 1 ORDER BY `sort` [ RunTime:0.000554s ]
[ sql ] [ SQL ] SHOW COLUMNS FROM `dp_configuration` [ RunTime:0.047787s ]
[ sql ] [ SQL ] SELECT * FROM `dp_configuration` WHERE  `id` = 1 LIMIT 1 [ RunTime:0.000862s ]
[ sql ] [ SQL ] SELECT `id`,`title`,`url_value`,`params` FROM `dp_admin_navigation` WHERE  `pid` = 0  AND `status` = 1 ORDER BY `sort` [ RunTime:0.000767s ]
[ sql ] [ SQL ] SELECT `id`,`title`,`url_value`,`params` FROM `dp_admin_navigation` WHERE  `pid` = 0  AND `status` = 1 ORDER BY `sort` [ RunTime:0.000665s ]
[ sql ] [ SQL ] SELECT `id`,`title`,`url_value`,`params` FROM `dp_admin_navigation` WHERE  `pid` = 2  AND `status` = 1 ORDER BY `sort` [ RunTime:0.000718s ]
[ sql ] [ SQL ] SELECT `id`,`title`,`url_value`,`params` FROM `dp_admin_navigation` WHERE  `pid` = 9  AND `status` = 1 ORDER BY `sort` [ RunTime:0.000675s ]
[ sql ] [ SQL ] SELECT `id`,`title`,`url_value`,`params` FROM `dp_admin_navigation` WHERE  `pid` = 18  AND `status` = 1 ORDER BY `sort` [ RunTime:0.000667s ]
[ sql ] [ SQL ] SELECT `id`,`title`,`url_value`,`params` FROM `dp_admin_navigation` WHERE  `pid` = 20  AND `status` = 1 ORDER BY `sort` [ RunTime:0.000702s ]
[ sql ] [ SQL ] SELECT `id`,`title`,`url_value`,`params` FROM `dp_admin_navigation` WHERE  `pid` = 27  AND `status` = 1 ORDER BY `sort` [ RunTime:0.000553s ]
[ sql ] [ SQL ] SELECT `id`,`title`,`url_value`,`params` FROM `dp_admin_navigation` WHERE  `pid` = 31  AND `status` = 1 ORDER BY `sort` [ RunTime:0.000886s ]
[ sql ] [ SQL ] SELECT `id`,`title`,`url_value`,`params` FROM `dp_admin_navigation` WHERE  `pid` = 35  AND `status` = 1 ORDER BY `sort` [ RunTime:0.000575s ]
[ sql ] [ SQL ] SELECT `id`,`title`,`url_value`,`params` FROM `dp_admin_navigation` WHERE  `footer` = 1  AND `status` = 1 ORDER BY `sort` [ RunTime:0.000617s ]
[ sql ] [ SQL ] SHOW COLUMNS FROM `dp_home_banner_bg` [ RunTime:0.043958s ]
[ sql ] [ SQL ] SELECT `id`,`img` FROM `dp_home_banner_bg` WHERE  `status` = 1 ORDER BY `sort` [ RunTime:0.000626s ]
[ sql ] [ SQL ] SHOW COLUMNS FROM `dp_home_banner` [ RunTime:0.042048s ]
[ sql ] [ SQL ] SELECT * FROM `dp_home_banner` WHERE  `status` = 1 ORDER BY `sort` LIMIT 4 [ RunTime:0.000705s ]
[ sql ] [ SQL ] SHOW COLUMNS FROM `dp_home_album` [ RunTime:0.047391s ]
[ sql ] [ SQL ] SELECT * FROM `dp_home_album` WHERE  `status` = 1 ORDER BY `sort` [ RunTime:0.000727s ]
[ sql ] [ SQL ] SHOW COLUMNS FROM `dp_home_food` [ RunTime:0.043890s ]
[ sql ] [ SQL ] SELECT * FROM `dp_home_food` WHERE  `status` = 1 ORDER BY `sort` LIMIT 5 [ RunTime:0.001290s ]
[ sql ] [ SQL ] SHOW COLUMNS FROM `dp_home_news` [ RunTime:0.048955s ]
[ sql ] [ SQL ] SELECT * FROM `dp_home_news` WHERE  `status` = 1  AND `is_tui` = 1 LIMIT 5 [ RunTime:0.001023s ]
[ sql ] [ SQL ] SHOW COLUMNS FROM `dp_home_store` [ RunTime:0.042396s ]
[ sql ] [ SQL ] SELECT * FROM `dp_home_store` WHERE  `status` = 1 LIMIT 4 [ RunTime:0.000635s ]
[ sql ] [ SQL ] SHOW COLUMNS FROM `dp_home_roll` [ RunTime:0.041402s ]
[ sql ] [ SQL ] SELECT * FROM `dp_home_roll` WHERE  `status` = 1 ORDER BY `sort` [ RunTime:0.000752s ]
[ sql ] [ SQL ] SHOW COLUMNS FROM `dp_admin_attachment` [ RunTime:0.053256s ]
[ sql ] [ SQL ] SELECT * FROM `dp_admin_attachment` WHERE  `id` = 3 LIMIT 1 [ RunTime:0.001300s ]
[ sql ] [ SQL ] SELECT * FROM `dp_admin_attachment` WHERE  `id` = 16 LIMIT 1 [ RunTime:0.001100s ]
[ sql ] [ SQL ] SELECT * FROM `dp_admin_attachment` WHERE  `id` = 17 LIMIT 1 [ RunTime:0.000858s ]
[ sql ] [ SQL ] SELECT * FROM `dp_admin_attachment` WHERE  `id` = 18 LIMIT 1 [ RunTime:0.000621s ]
[ sql ] [ SQL ] SELECT * FROM `dp_admin_attachment` WHERE  `id` = 19 LIMIT 1 [ RunTime:0.000540s ]
[ sql ] [ SQL ] SELECT * FROM `dp_admin_attachment` WHERE  `id` = 20 LIMIT 1 [ RunTime:0.000852s ]
[ sql ] [ SQL ] SELECT * FROM `dp_admin_attachment` WHERE  `id` = 21 LIMIT 1 [ RunTime:0.000722s ]
[ sql ] [ SQL ] SELECT * FROM `dp_admin_attachment` WHERE  `id` = 22 LIMIT 1 [ RunTime:0.000733s ]
[ sql ] [ SQL ] SELECT * FROM `dp_admin_attachment` WHERE  `id` = 23 LIMIT 1 [ RunTime:0.000576s ]
[ sql ] [ SQL ] SELECT * FROM `dp_admin_attachment` WHERE  `id` = 24 LIMIT 1 [ RunTime:0.000569s ]
[ sql ] [ SQL ] SELECT * FROM `dp_admin_attachment` WHERE  `id` = 25 LIMIT 1 [ RunTime:0.000579s ]
[ sql ] [ SQL ] SELECT * FROM `dp_admin_attachment` WHERE  `id` = 26 LIMIT 1 [ RunTime:0.000598s ]
[ sql ] [ SQL ] SELECT * FROM `dp_admin_attachment` WHERE  `id` = 21 LIMIT 1 [ RunTime:0.000604s ]
[ sql ] [ SQL ] SELECT * FROM `dp_admin_attachment` WHERE  `id` = 51 LIMIT 1 [ RunTime:0.000499s ]
[ sql ] [ SQL ] SELECT * FROM `dp_admin_attachment` WHERE  `id` = 50 LIMIT 1 [ RunTime:0.000591s ]
[ sql ] [ SQL ] SELECT * FROM `dp_admin_attachment` WHERE  `id` = 5 LIMIT 1 [ RunTime:0.000511s ]
[ sql ] [ SQL ] SELECT * FROM `dp_admin_attachment` WHERE  `id` = 28 LIMIT 1 [ RunTime:0.000819s ]
[ sql ] [ SQL ] SELECT * FROM `dp_admin_attachment` WHERE  `id` = 29 LIMIT 1 [ RunTime:0.000473s ]
[ sql ] [ SQL ] SELECT * FROM `dp_admin_attachment` WHERE  `id` = 30 LIMIT 1 [ RunTime:0.000614s ]
[ sql ] [ SQL ] SELECT * FROM `dp_admin_attachment` WHERE  `id` = 27 LIMIT 1 [ RunTime:0.000684s ]
[ sql ] [ SQL ] SELECT * FROM `dp_admin_attachment` WHERE  `id` = 31 LIMIT 1 [ RunTime:0.000541s ]
[ sql ] [ SQL ] SELECT * FROM `dp_admin_attachment` WHERE  `id` = 47 LIMIT 1 [ RunTime:0.000538s ]
[ sql ] [ SQL ] SELECT * FROM `dp_admin_attachment` WHERE  `id` = 4 LIMIT 1 [ RunTime:0.000580s ]
[ sql ] [ SQL ] SELECT * FROM `dp_admin_attachment` WHERE  `id` = 48 LIMIT 1 [ RunTime:0.000520s ]
[ sql ] [ SQL ] SELECT * FROM `dp_admin_attachment` WHERE  `id` = 49 LIMIT 1 [ RunTime:0.000525s ]
[ sql ] [ SQL ] SELECT * FROM `dp_admin_attachment` WHERE  `id` = 32 LIMIT 1 [ RunTime:0.000531s ]
[ sql ] [ SQL ] SELECT * FROM `dp_admin_attachment` WHERE  `id` = 33 LIMIT 1 [ RunTime:0.000578s ]
[ sql ] [ SQL ] SELECT * FROM `dp_admin_attachment` WHERE  `id` = 34 LIMIT 1 [ RunTime:0.000622s ]
[ sql ] [ SQL ] SELECT * FROM `dp_admin_attachment` WHERE  `id` = 35 LIMIT 1 [ RunTime:0.000723s ]
[ sql ] [ SQL ] SELECT * FROM `dp_admin_attachment` WHERE  `id` = 36 LIMIT 1 [ RunTime:0.000547s ]
[ sql ] [ SQL ] SELECT * FROM `dp_admin_attachment` WHERE  `id` = 37 LIMIT 1 [ RunTime:0.000514s ]
[ sql ] [ SQL ] SELECT * FROM `dp_admin_attachment` WHERE  `id` = 38 LIMIT 1 [ RunTime:0.000514s ]
[ sql ] [ SQL ] SELECT * FROM `dp_admin_attachment` WHERE  `id` = 39 LIMIT 1 [ RunTime:0.000574s ]
[ sql ] [ SQL ] SELECT * FROM `dp_admin_attachment` WHERE  `id` = 40 LIMIT 1 [ RunTime:0.000512s ]
[ sql ] [ SQL ] SELECT * FROM `dp_admin_attachment` WHERE  `id` = 41 LIMIT 1 [ RunTime:0.000508s ]
[ sql ] [ SQL ] SELECT * FROM `dp_admin_attachment` WHERE  `id` = 2 LIMIT 1 [ RunTime:0.000534s ]
[ sql ] [ SQL ] SELECT * FROM `dp_admin_attachment` WHERE  `id` = 2 LIMIT 1 [ RunTime:0.000545s ]
---------------------------------------------------------------

[2020-05-07T08:59:49+08:00] 127.0.0.1 GET dolphin.com/admin
[运行时间：0.047667s] [吞吐率：20.98req/s] [内存消耗：1,596.80kb] [文件加载：71]
[ info ] [ LANG ] F:\Project\DolphinPHPV1.4.5\thinkphp\lang\zh-cn.php
---------------------------------------------------------------

[2020-05-07T08:59:51+08:00] 127.0.0.1 GET dolphin.com/admin.php/admin
[运行时间：1.461317s] [吞吐率：0.68req/s] [内存消耗：3,560.50kb] [文件加载：122]
[ info ] [ LANG ] F:\Project\DolphinPHPV1.4.5\thinkphp\lang\zh-cn.php
[ info ] [ DB ] INIT mysql
[ info ] [ ROUTE ] array (
)
[ info ] [ HEADER ] array (
  'cookie' => 'dolphin_uid=1; dolphin_signin_token=95d89fa2bda0eaac514ec6c65bf890bc23aeeb77; __mfwlv=1588813174; __mfwvn=1; __mfwlt=1588813174; __mfwft=1588813174; Hm_lvt_7df9947f924dba11b94fe85fad935d1d=1588813176; Hm_lpvt_7df9947f924dba11b94fe85fad935d1d=1588813176; thinkphp_show_page_trace=0|0',
  'accept-language' => 'zh-CN,zh;q=0.9',
  'accept-encoding' => 'gzip, deflate',
  'accept' => 'text/html,application/xhtml+xml,application/xml;q=0.9,image/webp,image/apng,*/*;q=0.8,application/signed-exchange;v=b3;q=0.9',
  'user-agent' => 'Mozilla/5.0 (Windows NT 10.0; Win64; x64) AppleWebKit/537.36 (KHTML, like Gecko) Chrome/81.0.4044.138 Safari/537.36',
  'upgrade-insecure-requests' => '1',
  'connection' => 'close',
  'host' => 'dolphin.com',
)
[ info ] [ PARAM ] array (
)
[ info ] [ VIEW ] F:\Project\DolphinPHPV1.4.5\application\admin\view\index\index.html [ array (
  0 => '_admin_base_layout',
  1 => 'system_color',
  2 => '_pop',
  3 => '_top_menus',
  4 => '_top_menus_all',
  5 => '_sidebar_menus',
  6 => '_location',
  7 => '_message',
  8 => '_icons',
  9 => 'aside',
  10 => 'default_pass',
) ]
[ info ] [ VIEW ] F:\Project\DolphinPHPV1.4.5\plugins/SystemInfo/view/widget.html [ array (
  0 => '_admin_base_layout',
  1 => 'system_color',
  2 => '_pop',
  3 => '_top_menus',
  4 => '_top_menus_all',
  5 => '_sidebar_menus',
  6 => '_location',
  7 => '_message',
  8 => '_icons',
  9 => 'aside',
  10 => 'default_pass',
  11 => 'display',
  12 => 'width',
) ]
[ info ] [ DB ] INIT mysql
[ info ] [ VIEW ] F:\Project\DolphinPHPV1.4.5\plugins/DevTeam/view/widget.html [ array (
  0 => '_admin_base_layout',
  1 => 'system_color',
  2 => '_pop',
  3 => '_top_menus',
  4 => '_top_menus_all',
  5 => '_sidebar_menus',
  6 => '_location',
  7 => '_message',
  8 => '_icons',
  9 => 'aside',
  10 => 'default_pass',
  11 => 'display',
  12 => 'width',
) ]
[ sql ] [ DB ] CONNECT:[ UseTime:0.002775s ] mysql:host=127.0.0.1;port=3306;dbname=dolphin;charset=utf8
[ sql ] [ SQL ] SHOW COLUMNS FROM `dp_admin_config` [ RunTime:0.026975s ]
[ sql ] [ SQL ] SELECT `name`,`value`,`type` FROM `dp_admin_config` [ RunTime:0.000595s ]
[ sql ] [ SQL ] SHOW COLUMNS FROM `dp_admin_module` [ RunTime:0.022346s ]
[ sql ] [ SQL ] SELECT `name`,`config` FROM `dp_admin_module` WHERE  `config` <> '' [ RunTime:0.000585s ]
[ sql ] [ SQL ] SHOW COLUMNS FROM `dp_admin_hook` [ RunTime:0.022016s ]
[ sql ] [ SQL ] SELECT `name`,`status` FROM `dp_admin_hook` WHERE  `status` = 1 [ RunTime:0.000617s ]
[ sql ] [ SQL ] SHOW COLUMNS FROM `dp_admin_plugin` [ RunTime:0.027269s ]
[ sql ] [ SQL ] SELECT `name`,`status` FROM `dp_admin_plugin` WHERE  `status` = 1 [ RunTime:0.000462s ]
[ sql ] [ SQL ] SHOW COLUMNS FROM `dp_admin_hook_plugin` [ RunTime:0.020960s ]
[ sql ] [ SQL ] SELECT * FROM `dp_admin_hook_plugin` WHERE  `status` = 1 ORDER BY `hook`,`sort` [ RunTime:0.000456s ]
[ sql ] [ SQL ] SHOW COLUMNS FROM `dp_admin_user` [ RunTime:0.055847s ]
[ sql ] [ SQL ] SELECT * FROM `dp_admin_user` WHERE  `id` = 1 LIMIT 1 [ RunTime:0.000661s ]
[ sql ] [ SQL ] SHOW COLUMNS FROM `dp_admin_role` [ RunTime:0.045896s ]
[ sql ] [ SQL ] SELECT `name` FROM `dp_admin_role` WHERE  `id` = 1 LIMIT 1 [ RunTime:0.000842s ]
[ sql ] [ SQL ] SELECT `menu_auth` FROM `dp_admin_role` WHERE  `id` = 1 LIMIT 1 [ RunTime:0.000602s ]
[ sql ] [ SQL ] SHOW COLUMNS FROM `dp_admin_menu` [ RunTime:0.049740s ]
[ sql ] [ SQL ] SELECT `id`,`url_value` FROM `dp_admin_menu` WHERE  `id` = in [ RunTime:0.000530s ]
[ sql ] [ SQL ] SELECT `id`,`pid`,`module`,`title`,`url_value`,`url_type`,`url_target`,`icon`,`params` FROM `dp_admin_menu` WHERE  `status` = 1  AND `pid` = 0 ORDER BY `sort`,`id` [ RunTime:0.001012s ]
[ sql ] [ SQL ] SELECT `id`,`pid`,`module`,`title`,`url_value`,`url_type`,`url_target`,`icon`,`params` FROM `dp_admin_menu` WHERE  `status` = 1  AND `pid` = 0 ORDER BY `sort`,`id` [ RunTime:0.000727s ]
[ sql ] [ SQL ] SELECT `id` FROM `dp_admin_menu` WHERE  `pid` <> 0  AND `url_value` = 'admin/index/index' LIMIT 1 [ RunTime:0.000580s ]
[ sql ] [ SQL ] SELECT `id`,`pid`,`title`,`url_value`,`params` FROM `dp_admin_menu` [ RunTime:0.001157s ]
[ sql ] [ SQL ] SELECT `id`,`pid`,`module`,`title`,`url_value`,`url_type`,`url_target`,`icon`,`params` FROM `dp_admin_menu` WHERE  `status` = 1 ORDER BY `sort`,`id` [ RunTime:0.004652s ]
[ sql ] [ SQL ] SELECT `id` FROM `dp_admin_menu` WHERE  `pid` <> 0  AND `url_value` = 'admin/index/index' LIMIT 1 [ RunTime:0.000736s ]
[ sql ] [ SQL ] SELECT `id`,`pid`,`title`,`url_value`,`params` FROM `dp_admin_menu` [ RunTime:0.000830s ]
[ sql ] [ SQL ] SHOW COLUMNS FROM `dp_admin_message` [ RunTime:0.050779s ]
[ sql ] [ SQL ] SELECT COUNT(*) AS tp_count FROM `dp_admin_message` WHERE  `status` = 0  AND `uid_receive` = 1 [ RunTime:0.002274s ]
[ sql ] [ SQL ] SHOW COLUMNS FROM `dp_admin_icon` [ RunTime:0.041274s ]
[ sql ] [ SQL ] SELECT * FROM `dp_admin_icon` WHERE  `status` = 1 [ RunTime:0.000719s ]
[ sql ] [ SQL ] SELECT `value` FROM `dp_admin_config` WHERE  `id` = 1 LIMIT 1 [ RunTime:0.000566s ]
[ sql ] [ SQL ] SELECT `password` FROM `dp_admin_user` WHERE  `id` = 1 LIMIT 1 [ RunTime:0.000613s ]
[ sql ] [ SQL ] SELECT `avatar` FROM `dp_admin_user` WHERE  `id` = 1 LIMIT 1 [ RunTime:0.001003s ]
[ sql ] [ SQL ] SHOW COLUMNS FROM `dp_admin_attachment` [ RunTime:0.028035s ]
[ sql ] [ SQL ] SELECT * FROM `dp_admin_attachment` WHERE  `id` = 1 LIMIT 1 [ RunTime:0.000647s ]
[ sql ] [ SQL ] SELECT `avatar` FROM `dp_admin_user` WHERE  `id` = 1 LIMIT 1 [ RunTime:0.000502s ]
[ sql ] [ SQL ] SELECT * FROM `dp_admin_attachment` WHERE  `id` = 1 LIMIT 1 [ RunTime:0.000786s ]
[ sql ] [ SQL ] SELECT `config` FROM `dp_admin_plugin` WHERE  `name` = 'SystemInfo' LIMIT 1 [ RunTime:0.000648s ]
[ sql ] [ DB ] CONNECT:[ UseTime:0.002224s ] mysql:host=127.0.0.1;port=3306;dbname=dolphin;charset=utf8
[ sql ] [ SQL ] select version() as version [ RunTime:0.002293s ]
[ sql ] [ SQL ] SELECT `config` FROM `dp_admin_plugin` WHERE  `name` = 'DevTeam' LIMIT 1 [ RunTime:0.000661s ]
---------------------------------------------------------------

[2020-05-07T08:59:52+08:00] 127.0.0.1 GET dolphin.com/admin.php/admin/index/checkupdate.html
[运行时间：0.706276s] [吞吐率：1.42req/s] [内存消耗：3,131.07kb] [文件加载：103]
[ info ] [ LANG ] F:\Project\DolphinPHPV1.4.5\thinkphp\lang\zh-cn.php
[ info ] [ DB ] INIT mysql
[ info ] [ ROUTE ] array (
)
[ info ] [ HEADER ] array (
  'cookie' => 'thinkphp_show_page_trace=0|0; dolphin_uid=1; dolphin_signin_token=95d89fa2bda0eaac514ec6c65bf890bc23aeeb77; __mfwlv=1588813174; __mfwvn=1; __mfwlt=1588813174; __mfwft=1588813174; Hm_lvt_7df9947f924dba11b94fe85fad935d1d=1588813176; Hm_lpvt_7df9947f924dba11b94fe85fad935d1d=1588813176; thinkphp_show_page_trace=0|0; PHPSESSID=7nijt97ou8bcker1p0egn04dh3',
  'accept-language' => 'zh-CN,zh;q=0.9',
  'accept-encoding' => 'gzip, deflate',
  'referer' => 'http://dolphin.com/admin.php/admin',
  'x-requested-with' => 'XMLHttpRequest',
  'user-agent' => 'Mozilla/5.0 (Windows NT 10.0; Win64; x64) AppleWebKit/537.36 (KHTML, like Gecko) Chrome/81.0.4044.138 Safari/537.36',
  'accept' => '*/*',
  'connection' => 'close',
  'host' => 'dolphin.com',
)
[ info ] [ PARAM ] array (
)
[ info ] [ DB ] INIT mysql
[ sql ] [ DB ] CONNECT:[ UseTime:0.002312s ] mysql:host=127.0.0.1;port=3306;dbname=dolphin;charset=utf8
[ sql ] [ SQL ] SHOW COLUMNS FROM `dp_admin_config` [ RunTime:0.025870s ]
[ sql ] [ SQL ] SELECT `name`,`value`,`type` FROM `dp_admin_config` [ RunTime:0.000657s ]
[ sql ] [ SQL ] SHOW COLUMNS FROM `dp_admin_module` [ RunTime:0.026590s ]
[ sql ] [ SQL ] SELECT `name`,`config` FROM `dp_admin_module` WHERE  `config` <> '' [ RunTime:0.000579s ]
[ sql ] [ SQL ] SHOW COLUMNS FROM `dp_admin_hook` [ RunTime:0.021962s ]
[ sql ] [ SQL ] SELECT `name`,`status` FROM `dp_admin_hook` WHERE  `status` = 1 [ RunTime:0.000692s ]
[ sql ] [ SQL ] SHOW COLUMNS FROM `dp_admin_plugin` [ RunTime:0.028769s ]
[ sql ] [ SQL ] SELECT `name`,`status` FROM `dp_admin_plugin` WHERE  `status` = 1 [ RunTime:0.000589s ]
[ sql ] [ SQL ] SHOW COLUMNS FROM `dp_admin_hook_plugin` [ RunTime:0.022755s ]
[ sql ] [ SQL ] SELECT * FROM `dp_admin_hook_plugin` WHERE  `status` = 1 ORDER BY `hook`,`sort` [ RunTime:0.000613s ]
[ sql ] [ SQL ] SHOW COLUMNS FROM `dp_admin_role` [ RunTime:0.020918s ]
[ sql ] [ SQL ] SELECT `menu_auth` FROM `dp_admin_role` WHERE  `id` = 1 LIMIT 1 [ RunTime:0.000581s ]
[ sql ] [ SQL ] SHOW COLUMNS FROM `dp_admin_menu` [ RunTime:0.022332s ]
[ sql ] [ SQL ] SELECT `id`,`url_value` FROM `dp_admin_menu` WHERE  `id` = in [ RunTime:0.000549s ]
[ sql ] [ DB ] CONNECT:[ UseTime:0.011150s ] mysql:host=127.0.0.1;port=3306;dbname=dolphin;charset=utf8
[ sql ] [ SQL ] select version() as version [ RunTime:0.000459s ]
---------------------------------------------------------------

[2020-05-07T09:03:25+08:00] 127.0.0.1 GET dolphin.com/admin.php/admin
[运行时间：0.470817s] [吞吐率：2.12req/s] [内存消耗：3,536.84kb] [文件加载：120]
[ info ] [ LANG ] F:\Project\DolphinPHPV1.4.5\thinkphp\lang\zh-cn.php
[ info ] [ DB ] INIT mysql
[ info ] [ ROUTE ] array (
)
[ info ] [ HEADER ] array (
  'cookie' => 'thinkphp_show_page_trace=0|0; dolphin_uid=1; dolphin_signin_token=95d89fa2bda0eaac514ec6c65bf890bc23aeeb77; __mfwlv=1588813174; __mfwvn=1; __mfwlt=1588813174; __mfwft=1588813174; Hm_lvt_7df9947f924dba11b94fe85fad935d1d=1588813176; Hm_lpvt_7df9947f924dba11b94fe85fad935d1d=1588813176; thinkphp_show_page_trace=0|0; PHPSESSID=7nijt97ou8bcker1p0egn04dh3',
  'accept-language' => 'zh-CN,zh;q=0.9',
  'accept-encoding' => 'gzip, deflate',
  'accept' => 'text/html,application/xhtml+xml,application/xml;q=0.9,image/webp,image/apng,*/*;q=0.8,application/signed-exchange;v=b3;q=0.9',
  'user-agent' => 'Mozilla/5.0 (Windows NT 10.0; Win64; x64) AppleWebKit/537.36 (KHTML, like Gecko) Chrome/81.0.4044.138 Safari/537.36',
  'upgrade-insecure-requests' => '1',
  'cache-control' => 'max-age=0',
  'connection' => 'close',
  'host' => 'dolphin.com',
)
[ info ] [ PARAM ] array (
)
[ info ] [ VIEW ] F:\Project\DolphinPHPV1.4.5\application\admin\view\index\index.html [ array (
  0 => '_admin_base_layout',
  1 => 'system_color',
  2 => '_pop',
  3 => '_top_menus',
  4 => '_top_menus_all',
  5 => '_sidebar_menus',
  6 => '_location',
  7 => '_message',
  8 => '_icons',
  9 => 'aside',
  10 => 'default_pass',
) ]
[ info ] [ VIEW ] F:\Project\DolphinPHPV1.4.5\plugins/SystemInfo/view/widget.html [ array (
  0 => '_admin_base_layout',
  1 => 'system_color',
  2 => '_pop',
  3 => '_top_menus',
  4 => '_top_menus_all',
  5 => '_sidebar_menus',
  6 => '_location',
  7 => '_message',
  8 => '_icons',
  9 => 'aside',
  10 => 'default_pass',
  11 => 'display',
  12 => 'width',
) ]
[ info ] [ DB ] INIT mysql
[ info ] [ VIEW ] F:\Project\DolphinPHPV1.4.5\plugins/DevTeam/view/widget.html [ array (
  0 => '_admin_base_layout',
  1 => 'system_color',
  2 => '_pop',
  3 => '_top_menus',
  4 => '_top_menus_all',
  5 => '_sidebar_menus',
  6 => '_location',
  7 => '_message',
  8 => '_icons',
  9 => 'aside',
  10 => 'default_pass',
  11 => 'display',
  12 => 'width',
) ]
[ sql ] [ DB ] CONNECT:[ UseTime:0.011139s ] mysql:host=127.0.0.1;port=3306;dbname=dolphin;charset=utf8
[ sql ] [ SQL ] SHOW COLUMNS FROM `dp_admin_config` [ RunTime:0.031900s ]
[ sql ] [ SQL ] SELECT `name`,`value`,`type` FROM `dp_admin_config` [ RunTime:0.000635s ]
[ sql ] [ SQL ] SHOW COLUMNS FROM `dp_admin_module` [ RunTime:0.020208s ]
[ sql ] [ SQL ] SELECT `name`,`config` FROM `dp_admin_module` WHERE  `config` <> '' [ RunTime:0.000649s ]
[ sql ] [ SQL ] SHOW COLUMNS FROM `dp_admin_hook` [ RunTime:0.020630s ]
[ sql ] [ SQL ] SELECT `name`,`status` FROM `dp_admin_hook` WHERE  `status` = 1 [ RunTime:0.000598s ]
[ sql ] [ SQL ] SHOW COLUMNS FROM `dp_admin_plugin` [ RunTime:0.020309s ]
[ sql ] [ SQL ] SELECT `name`,`status` FROM `dp_admin_plugin` WHERE  `status` = 1 [ RunTime:0.000780s ]
[ sql ] [ SQL ] SHOW COLUMNS FROM `dp_admin_hook_plugin` [ RunTime:0.019727s ]
[ sql ] [ SQL ] SELECT * FROM `dp_admin_hook_plugin` WHERE  `status` = 1 ORDER BY `hook`,`sort` [ RunTime:0.000652s ]
[ sql ] [ SQL ] SHOW COLUMNS FROM `dp_admin_role` [ RunTime:0.021187s ]
[ sql ] [ SQL ] SELECT `menu_auth` FROM `dp_admin_role` WHERE  `id` = 1 LIMIT 1 [ RunTime:0.000607s ]
[ sql ] [ SQL ] SHOW COLUMNS FROM `dp_admin_menu` [ RunTime:0.020250s ]
[ sql ] [ SQL ] SELECT `id`,`url_value` FROM `dp_admin_menu` WHERE  `id` = in [ RunTime:0.000434s ]
[ sql ] [ SQL ] SELECT `id`,`pid`,`module`,`title`,`url_value`,`url_type`,`url_target`,`icon`,`params` FROM `dp_admin_menu` WHERE  `status` = 1  AND `pid` = 0 ORDER BY `sort`,`id` [ RunTime:0.000736s ]
[ sql ] [ SQL ] SELECT `id`,`pid`,`module`,`title`,`url_value`,`url_type`,`url_target`,`icon`,`params` FROM `dp_admin_menu` WHERE  `status` = 1  AND `pid` = 0 ORDER BY `sort`,`id` [ RunTime:0.000759s ]
[ sql ] [ SQL ] SELECT `id` FROM `dp_admin_menu` WHERE  `pid` <> 0  AND `url_value` = 'admin/index/index' LIMIT 1 [ RunTime:0.000409s ]
[ sql ] [ SQL ] SELECT `id`,`pid`,`title`,`url_value`,`params` FROM `dp_admin_menu` [ RunTime:0.000653s ]
[ sql ] [ SQL ] SELECT `id`,`pid`,`module`,`title`,`url_value`,`url_type`,`url_target`,`icon`,`params` FROM `dp_admin_menu` WHERE  `status` = 1 ORDER BY `sort`,`id` [ RunTime:0.004214s ]
[ sql ] [ SQL ] SELECT `id` FROM `dp_admin_menu` WHERE  `pid` <> 0  AND `url_value` = 'admin/index/index' LIMIT 1 [ RunTime:0.000648s ]
[ sql ] [ SQL ] SELECT `id`,`pid`,`title`,`url_value`,`params` FROM `dp_admin_menu` [ RunTime:0.000627s ]
[ sql ] [ SQL ] SHOW COLUMNS FROM `dp_admin_message` [ RunTime:0.018984s ]
[ sql ] [ SQL ] SELECT COUNT(*) AS tp_count FROM `dp_admin_message` WHERE  `status` = 0  AND `uid_receive` = 1 [ RunTime:0.000453s ]
[ sql ] [ SQL ] SHOW COLUMNS FROM `dp_admin_icon` [ RunTime:0.019246s ]
[ sql ] [ SQL ] SELECT * FROM `dp_admin_icon` WHERE  `status` = 1 [ RunTime:0.000415s ]
[ sql ] [ SQL ] SELECT `value` FROM `dp_admin_config` WHERE  `id` = 1 LIMIT 1 [ RunTime:0.000376s ]
[ sql ] [ SQL ] SHOW COLUMNS FROM `dp_admin_user` [ RunTime:0.020020s ]
[ sql ] [ SQL ] SELECT `password` FROM `dp_admin_user` WHERE  `id` = 1 LIMIT 1 [ RunTime:0.000622s ]
[ sql ] [ SQL ] SELECT `avatar` FROM `dp_admin_user` WHERE  `id` = 1 LIMIT 1 [ RunTime:0.000652s ]
[ sql ] [ SQL ] SHOW COLUMNS FROM `dp_admin_attachment` [ RunTime:0.032504s ]
[ sql ] [ SQL ] SELECT * FROM `dp_admin_attachment` WHERE  `id` = 1 LIMIT 1 [ RunTime:0.000775s ]
[ sql ] [ SQL ] SELECT `avatar` FROM `dp_admin_user` WHERE  `id` = 1 LIMIT 1 [ RunTime:0.000600s ]
[ sql ] [ SQL ] SELECT * FROM `dp_admin_attachment` WHERE  `id` = 1 LIMIT 1 [ RunTime:0.000579s ]
[ sql ] [ SQL ] SELECT `config` FROM `dp_admin_plugin` WHERE  `name` = 'SystemInfo' LIMIT 1 [ RunTime:0.000666s ]
[ sql ] [ DB ] CONNECT:[ UseTime:0.011123s ] mysql:host=127.0.0.1;port=3306;dbname=dolphin;charset=utf8
[ sql ] [ SQL ] select version() as version [ RunTime:0.000533s ]
[ sql ] [ SQL ] SELECT `config` FROM `dp_admin_plugin` WHERE  `name` = 'DevTeam' LIMIT 1 [ RunTime:0.000598s ]
---------------------------------------------------------------

[2020-05-07T09:03:26+08:00] 127.0.0.1 GET dolphin.com/admin.php/admin/index/checkupdate.html
[运行时间：0.629534s] [吞吐率：1.59req/s] [内存消耗：3,131.09kb] [文件加载：103]
[ info ] [ LANG ] F:\Project\DolphinPHPV1.4.5\thinkphp\lang\zh-cn.php
[ info ] [ DB ] INIT mysql
[ info ] [ ROUTE ] array (
)
[ info ] [ HEADER ] array (
  'cookie' => 'thinkphp_show_page_trace=0|0; dolphin_uid=1; dolphin_signin_token=95d89fa2bda0eaac514ec6c65bf890bc23aeeb77; __mfwlv=1588813174; __mfwvn=1; __mfwlt=1588813174; __mfwft=1588813174; Hm_lvt_7df9947f924dba11b94fe85fad935d1d=1588813176; Hm_lpvt_7df9947f924dba11b94fe85fad935d1d=1588813176; thinkphp_show_page_trace=0|0; PHPSESSID=7nijt97ou8bcker1p0egn04dh3',
  'accept-language' => 'zh-CN,zh;q=0.9',
  'accept-encoding' => 'gzip, deflate',
  'referer' => 'http://dolphin.com/admin.php/admin',
  'x-requested-with' => 'XMLHttpRequest',
  'user-agent' => 'Mozilla/5.0 (Windows NT 10.0; Win64; x64) AppleWebKit/537.36 (KHTML, like Gecko) Chrome/81.0.4044.138 Safari/537.36',
  'accept' => '*/*',
  'connection' => 'close',
  'host' => 'dolphin.com',
)
[ info ] [ PARAM ] array (
)
[ info ] [ DB ] INIT mysql
[ sql ] [ DB ] CONNECT:[ UseTime:0.011060s ] mysql:host=127.0.0.1;port=3306;dbname=dolphin;charset=utf8
[ sql ] [ SQL ] SHOW COLUMNS FROM `dp_admin_config` [ RunTime:0.027154s ]
[ sql ] [ SQL ] SELECT `name`,`value`,`type` FROM `dp_admin_config` [ RunTime:0.000742s ]
[ sql ] [ SQL ] SHOW COLUMNS FROM `dp_admin_module` [ RunTime:0.020318s ]
[ sql ] [ SQL ] SELECT `name`,`config` FROM `dp_admin_module` WHERE  `config` <> '' [ RunTime:0.000586s ]
[ sql ] [ SQL ] SHOW COLUMNS FROM `dp_admin_hook` [ RunTime:0.021136s ]
[ sql ] [ SQL ] SELECT `name`,`status` FROM `dp_admin_hook` WHERE  `status` = 1 [ RunTime:0.000583s ]
[ sql ] [ SQL ] SHOW COLUMNS FROM `dp_admin_plugin` [ RunTime:0.019806s ]
[ sql ] [ SQL ] SELECT `name`,`status` FROM `dp_admin_plugin` WHERE  `status` = 1 [ RunTime:0.000585s ]
[ sql ] [ SQL ] SHOW COLUMNS FROM `dp_admin_hook_plugin` [ RunTime:0.020314s ]
[ sql ] [ SQL ] SELECT * FROM `dp_admin_hook_plugin` WHERE  `status` = 1 ORDER BY `hook`,`sort` [ RunTime:0.000860s ]
[ sql ] [ SQL ] SHOW COLUMNS FROM `dp_admin_role` [ RunTime:0.019992s ]
[ sql ] [ SQL ] SELECT `menu_auth` FROM `dp_admin_role` WHERE  `id` = 1 LIMIT 1 [ RunTime:0.000598s ]
[ sql ] [ SQL ] SHOW COLUMNS FROM `dp_admin_menu` [ RunTime:0.019321s ]
[ sql ] [ SQL ] SELECT `id`,`url_value` FROM `dp_admin_menu` WHERE  `id` = in [ RunTime:0.000552s ]
[ sql ] [ DB ] CONNECT:[ UseTime:0.010715s ] mysql:host=127.0.0.1;port=3306;dbname=dolphin;charset=utf8
[ sql ] [ SQL ] select version() as version [ RunTime:0.000533s ]
---------------------------------------------------------------

[2020-05-07T09:03:30+08:00] 127.0.0.1 GET dolphin.com/
[运行时间：0.615964s] [吞吐率：1.62req/s] [内存消耗：3,521.19kb] [文件加载：107]
[ info ] [ LANG ] F:\Project\DolphinPHPV1.4.5\thinkphp\lang\zh-cn.php
[ info ] [ DB ] INIT mysql
[ info ] [ ROUTE ] array (
)
[ info ] [ HEADER ] array (
  'cookie' => 'dolphin_uid=1; dolphin_signin_token=95d89fa2bda0eaac514ec6c65bf890bc23aeeb77; __mfwlv=1588813174; __mfwvn=1; __mfwlt=1588813174; __mfwft=1588813174; Hm_lvt_7df9947f924dba11b94fe85fad935d1d=1588813176; Hm_lpvt_7df9947f924dba11b94fe85fad935d1d=1588813176; thinkphp_show_page_trace=0|0; PHPSESSID=7nijt97ou8bcker1p0egn04dh3',
  'accept-language' => 'zh-CN,zh;q=0.9',
  'accept-encoding' => 'gzip, deflate',
  'accept' => 'text/html,application/xhtml+xml,application/xml;q=0.9,image/webp,image/apng,*/*;q=0.8,application/signed-exchange;v=b3;q=0.9',
  'user-agent' => 'Mozilla/5.0 (Windows NT 10.0; Win64; x64) AppleWebKit/537.36 (KHTML, like Gecko) Chrome/81.0.4044.138 Safari/537.36',
  'upgrade-insecure-requests' => '1',
  'cache-control' => 'max-age=0',
  'connection' => 'close',
  'host' => 'dolphin.com',
)
[ info ] [ PARAM ] array (
)
[ info ] [ VIEW ] F:\Project\DolphinPHPV1.4.5\application\index\view\index\index.html [ array (
  0 => 'title',
  1 => 'configuration',
  2 => 'nav_1',
  3 => 'nav_2',
  4 => 'nav_h',
  5 => 'nav_f',
  6 => 'nav_pid',
  7 => 'nav_id',
  8 => 'banner_bg',
  9 => 'banner',
  10 => 'album',
  11 => 'food',
  12 => 'news',
  13 => 'store',
  14 => 'roll',
) ]
[ sql ] [ DB ] CONNECT:[ UseTime:0.001992s ] mysql:host=127.0.0.1;port=3306;dbname=dolphin;charset=utf8
[ sql ] [ SQL ] SHOW COLUMNS FROM `dp_admin_config` [ RunTime:0.040262s ]
[ sql ] [ SQL ] SELECT `name`,`value`,`type` FROM `dp_admin_config` [ RunTime:0.000745s ]
[ sql ] [ SQL ] SHOW COLUMNS FROM `dp_admin_module` [ RunTime:0.023849s ]
[ sql ] [ SQL ] SELECT `name`,`config` FROM `dp_admin_module` WHERE  `config` <> '' [ RunTime:0.000659s ]
[ sql ] [ SQL ] SHOW COLUMNS FROM `dp_admin_hook` [ RunTime:0.022958s ]
[ sql ] [ SQL ] SELECT `name`,`status` FROM `dp_admin_hook` WHERE  `status` = 1 [ RunTime:0.000613s ]
[ sql ] [ SQL ] SHOW COLUMNS FROM `dp_admin_plugin` [ RunTime:0.026108s ]
[ sql ] [ SQL ] SELECT `name`,`status` FROM `dp_admin_plugin` WHERE  `status` = 1 [ RunTime:0.000593s ]
[ sql ] [ SQL ] SHOW COLUMNS FROM `dp_admin_hook_plugin` [ RunTime:0.026400s ]
[ sql ] [ SQL ] SELECT * FROM `dp_admin_hook_plugin` WHERE  `status` = 1 ORDER BY `hook`,`sort` [ RunTime:0.000780s ]
[ sql ] [ SQL ] SHOW COLUMNS FROM `dp_admin_navigation` [ RunTime:0.030924s ]
[ sql ] [ SQL ] SELECT `id`,`pid` FROM `dp_admin_navigation` WHERE  `url_value` = 'index/index/index' LIMIT 1 [ RunTime:0.000499s ]
[ sql ] [ SQL ] SELECT `id` FROM `dp_admin_navigation` WHERE  `pid` = 1 ORDER BY `sort` LIMIT 1 [ RunTime:0.000499s ]
[ sql ] [ SQL ] SELECT `title` FROM `dp_admin_navigation` WHERE  `id` = 0 LIMIT 1 [ RunTime:0.000405s ]
[ sql ] [ SQL ] SELECT `id`,`title`,`url_value`,`params` FROM `dp_admin_navigation` WHERE  `pid` = 1  AND `status` = 1 ORDER BY `sort` [ RunTime:0.000628s ]
[ sql ] [ SQL ] SHOW COLUMNS FROM `dp_configuration` [ RunTime:0.031815s ]
[ sql ] [ SQL ] SELECT * FROM `dp_configuration` WHERE  `id` = 1 LIMIT 1 [ RunTime:0.000648s ]
[ sql ] [ SQL ] SELECT `id`,`title`,`url_value`,`params` FROM `dp_admin_navigation` WHERE  `pid` = 0  AND `status` = 1 ORDER BY `sort` [ RunTime:0.000561s ]
[ sql ] [ SQL ] SELECT `id`,`title`,`url_value`,`params` FROM `dp_admin_navigation` WHERE  `pid` = 0  AND `status` = 1 ORDER BY `sort` [ RunTime:0.000726s ]
[ sql ] [ SQL ] SELECT `id`,`title`,`url_value`,`params` FROM `dp_admin_navigation` WHERE  `pid` = 2  AND `status` = 1 ORDER BY `sort` [ RunTime:0.000647s ]
[ sql ] [ SQL ] SELECT `id`,`title`,`url_value`,`params` FROM `dp_admin_navigation` WHERE  `pid` = 9  AND `status` = 1 ORDER BY `sort` [ RunTime:0.000606s ]
[ sql ] [ SQL ] SELECT `id`,`title`,`url_value`,`params` FROM `dp_admin_navigation` WHERE  `pid` = 18  AND `status` = 1 ORDER BY `sort` [ RunTime:0.000580s ]
[ sql ] [ SQL ] SELECT `id`,`title`,`url_value`,`params` FROM `dp_admin_navigation` WHERE  `pid` = 20  AND `status` = 1 ORDER BY `sort` [ RunTime:0.000635s ]
[ sql ] [ SQL ] SELECT `id`,`title`,`url_value`,`params` FROM `dp_admin_navigation` WHERE  `pid` = 27  AND `status` = 1 ORDER BY `sort` [ RunTime:0.000831s ]
[ sql ] [ SQL ] SELECT `id`,`title`,`url_value`,`params` FROM `dp_admin_navigation` WHERE  `pid` = 31  AND `status` = 1 ORDER BY `sort` [ RunTime:0.001555s ]
[ sql ] [ SQL ] SELECT `id`,`title`,`url_value`,`params` FROM `dp_admin_navigation` WHERE  `pid` = 35  AND `status` = 1 ORDER BY `sort` [ RunTime:0.000590s ]
[ sql ] [ SQL ] SELECT `id`,`title`,`url_value`,`params` FROM `dp_admin_navigation` WHERE  `footer` = 1  AND `status` = 1 ORDER BY `sort` [ RunTime:0.000735s ]
[ sql ] [ SQL ] SHOW COLUMNS FROM `dp_home_banner_bg` [ RunTime:0.023569s ]
[ sql ] [ SQL ] SELECT `id`,`img` FROM `dp_home_banner_bg` WHERE  `status` = 1 ORDER BY `sort` [ RunTime:0.000602s ]
[ sql ] [ SQL ] SHOW COLUMNS FROM `dp_home_banner` [ RunTime:0.026125s ]
[ sql ] [ SQL ] SELECT * FROM `dp_home_banner` WHERE  `status` = 1 ORDER BY `sort` LIMIT 4 [ RunTime:0.000598s ]
[ sql ] [ SQL ] SHOW COLUMNS FROM `dp_home_album` [ RunTime:0.038969s ]
[ sql ] [ SQL ] SELECT * FROM `dp_home_album` WHERE  `status` = 1 ORDER BY `sort` [ RunTime:0.000654s ]
[ sql ] [ SQL ] SHOW COLUMNS FROM `dp_home_food` [ RunTime:0.031735s ]
[ sql ] [ SQL ] SELECT * FROM `dp_home_food` WHERE  `status` = 1 ORDER BY `sort` LIMIT 5 [ RunTime:0.000709s ]
[ sql ] [ SQL ] SHOW COLUMNS FROM `dp_home_news` [ RunTime:0.030899s ]
[ sql ] [ SQL ] SELECT * FROM `dp_home_news` WHERE  `status` = 1  AND `is_tui` = 1 LIMIT 5 [ RunTime:0.001188s ]
[ sql ] [ SQL ] SHOW COLUMNS FROM `dp_home_store` [ RunTime:0.041741s ]
[ sql ] [ SQL ] SELECT * FROM `dp_home_store` WHERE  `status` = 1 LIMIT 4 [ RunTime:0.001277s ]
[ sql ] [ SQL ] SHOW COLUMNS FROM `dp_home_roll` [ RunTime:0.032753s ]
[ sql ] [ SQL ] SELECT * FROM `dp_home_roll` WHERE  `status` = 1 ORDER BY `sort` [ RunTime:0.000779s ]
[ sql ] [ SQL ] SHOW COLUMNS FROM `dp_admin_attachment` [ RunTime:0.030232s ]
[ sql ] [ SQL ] SELECT * FROM `dp_admin_attachment` WHERE  `id` = 3 LIMIT 1 [ RunTime:0.001228s ]
[ sql ] [ SQL ] SELECT * FROM `dp_admin_attachment` WHERE  `id` = 16 LIMIT 1 [ RunTime:0.000548s ]
[ sql ] [ SQL ] SELECT * FROM `dp_admin_attachment` WHERE  `id` = 17 LIMIT 1 [ RunTime:0.000437s ]
[ sql ] [ SQL ] SELECT * FROM `dp_admin_attachment` WHERE  `id` = 18 LIMIT 1 [ RunTime:0.000422s ]
[ sql ] [ SQL ] SELECT * FROM `dp_admin_attachment` WHERE  `id` = 19 LIMIT 1 [ RunTime:0.000382s ]
[ sql ] [ SQL ] SELECT * FROM `dp_admin_attachment` WHERE  `id` = 20 LIMIT 1 [ RunTime:0.000371s ]
[ sql ] [ SQL ] SELECT * FROM `dp_admin_attachment` WHERE  `id` = 21 LIMIT 1 [ RunTime:0.000393s ]
[ sql ] [ SQL ] SELECT * FROM `dp_admin_attachment` WHERE  `id` = 22 LIMIT 1 [ RunTime:0.000580s ]
[ sql ] [ SQL ] SELECT * FROM `dp_admin_attachment` WHERE  `id` = 23 LIMIT 1 [ RunTime:0.002406s ]
[ sql ] [ SQL ] SELECT * FROM `dp_admin_attachment` WHERE  `id` = 24 LIMIT 1 [ RunTime:0.000702s ]
[ sql ] [ SQL ] SELECT * FROM `dp_admin_attachment` WHERE  `id` = 25 LIMIT 1 [ RunTime:0.000696s ]
[ sql ] [ SQL ] SELECT * FROM `dp_admin_attachment` WHERE  `id` = 26 LIMIT 1 [ RunTime:0.000613s ]
[ sql ] [ SQL ] SELECT * FROM `dp_admin_attachment` WHERE  `id` = 21 LIMIT 1 [ RunTime:0.000794s ]
[ sql ] [ SQL ] SELECT * FROM `dp_admin_attachment` WHERE  `id` = 51 LIMIT 1 [ RunTime:0.002120s ]
[ sql ] [ SQL ] SELECT * FROM `dp_admin_attachment` WHERE  `id` = 50 LIMIT 1 [ RunTime:0.000514s ]
[ sql ] [ SQL ] SELECT * FROM `dp_admin_attachment` WHERE  `id` = 5 LIMIT 1 [ RunTime:0.000385s ]
[ sql ] [ SQL ] SELECT * FROM `dp_admin_attachment` WHERE  `id` = 28 LIMIT 1 [ RunTime:0.000389s ]
[ sql ] [ SQL ] SELECT * FROM `dp_admin_attachment` WHERE  `id` = 29 LIMIT 1 [ RunTime:0.000387s ]
[ sql ] [ SQL ] SELECT * FROM `dp_admin_attachment` WHERE  `id` = 30 LIMIT 1 [ RunTime:0.000372s ]
[ sql ] [ SQL ] SELECT * FROM `dp_admin_attachment` WHERE  `id` = 27 LIMIT 1 [ RunTime:0.000426s ]
[ sql ] [ SQL ] SELECT * FROM `dp_admin_attachment` WHERE  `id` = 31 LIMIT 1 [ RunTime:0.000371s ]
[ sql ] [ SQL ] SELECT * FROM `dp_admin_attachment` WHERE  `id` = 47 LIMIT 1 [ RunTime:0.000374s ]
[ sql ] [ SQL ] SELECT * FROM `dp_admin_attachment` WHERE  `id` = 4 LIMIT 1 [ RunTime:0.000428s ]
[ sql ] [ SQL ] SELECT * FROM `dp_admin_attachment` WHERE  `id` = 48 LIMIT 1 [ RunTime:0.000802s ]
[ sql ] [ SQL ] SELECT * FROM `dp_admin_attachment` WHERE  `id` = 49 LIMIT 1 [ RunTime:0.002323s ]
[ sql ] [ SQL ] SELECT * FROM `dp_admin_attachment` WHERE  `id` = 32 LIMIT 1 [ RunTime:0.000843s ]
[ sql ] [ SQL ] SELECT * FROM `dp_admin_attachment` WHERE  `id` = 33 LIMIT 1 [ RunTime:0.000474s ]
[ sql ] [ SQL ] SELECT * FROM `dp_admin_attachment` WHERE  `id` = 34 LIMIT 1 [ RunTime:0.000591s ]
[ sql ] [ SQL ] SELECT * FROM `dp_admin_attachment` WHERE  `id` = 35 LIMIT 1 [ RunTime:0.000586s ]
[ sql ] [ SQL ] SELECT * FROM `dp_admin_attachment` WHERE  `id` = 36 LIMIT 1 [ RunTime:0.002234s ]
[ sql ] [ SQL ] SELECT * FROM `dp_admin_attachment` WHERE  `id` = 37 LIMIT 1 [ RunTime:0.000798s ]
[ sql ] [ SQL ] SELECT * FROM `dp_admin_attachment` WHERE  `id` = 38 LIMIT 1 [ RunTime:0.000422s ]
[ sql ] [ SQL ] SELECT * FROM `dp_admin_attachment` WHERE  `id` = 39 LIMIT 1 [ RunTime:0.000390s ]
[ sql ] [ SQL ] SELECT * FROM `dp_admin_attachment` WHERE  `id` = 40 LIMIT 1 [ RunTime:0.000430s ]
[ sql ] [ SQL ] SELECT * FROM `dp_admin_attachment` WHERE  `id` = 41 LIMIT 1 [ RunTime:0.000495s ]
[ sql ] [ SQL ] SELECT * FROM `dp_admin_attachment` WHERE  `id` = 2 LIMIT 1 [ RunTime:0.000428s ]
[ sql ] [ SQL ] SELECT * FROM `dp_admin_attachment` WHERE  `id` = 2 LIMIT 1 [ RunTime:0.000391s ]
---------------------------------------------------------------

[2020-05-07T09:03:49+08:00] 127.0.0.1 POST dolphin.com/admin.php/admin/ajax/getsidebarmenu.html
[运行时间：0.275296s] [吞吐率：3.63req/s] [内存消耗：3,311.95kb] [文件加载：106]
[ info ] [ LANG ] F:\Project\DolphinPHPV1.4.5\thinkphp\lang\zh-cn.php
[ info ] [ DB ] INIT mysql
[ info ] [ ROUTE ] array (
)
[ info ] [ HEADER ] array (
  'cookie' => 'thinkphp_show_page_trace=0|0; dolphin_uid=1; dolphin_signin_token=95d89fa2bda0eaac514ec6c65bf890bc23aeeb77; __mfwlv=1588813174; __mfwvn=1; __mfwft=1588813174; Hm_lvt_7df9947f924dba11b94fe85fad935d1d=1588813176; thinkphp_show_page_trace=0|0; PHPSESSID=7nijt97ou8bcker1p0egn04dh3; __mfwlt=1588813410; Hm_lpvt_7df9947f924dba11b94fe85fad935d1d=1588813411',
  'accept-language' => 'zh-CN,zh;q=0.9',
  'accept-encoding' => 'gzip, deflate',
  'referer' => 'http://dolphin.com/admin.php/admin',
  'origin' => 'http://dolphin.com',
  'content-type' => 'application/x-www-form-urlencoded; charset=UTF-8',
  'user-agent' => 'Mozilla/5.0 (Windows NT 10.0; Win64; x64) AppleWebKit/537.36 (KHTML, like Gecko) Chrome/81.0.4044.138 Safari/537.36',
  'x-requested-with' => 'XMLHttpRequest',
  'accept' => '*/*',
  'content-length' => '42',
  'connection' => 'close',
  'host' => 'dolphin.com',
)
[ info ] [ PARAM ] array (
  'module_id' => '4',
  'module' => 'admin',
  'controller' => 'system',
)
[ sql ] [ DB ] CONNECT:[ UseTime:0.010977s ] mysql:host=127.0.0.1;port=3306;dbname=dolphin;charset=utf8
[ sql ] [ SQL ] SHOW COLUMNS FROM `dp_admin_config` [ RunTime:0.027708s ]
[ sql ] [ SQL ] SELECT `name`,`value`,`type` FROM `dp_admin_config` [ RunTime:0.000681s ]
[ sql ] [ SQL ] SHOW COLUMNS FROM `dp_admin_module` [ RunTime:0.019663s ]
[ sql ] [ SQL ] SELECT `name`,`config` FROM `dp_admin_module` WHERE  `config` <> '' [ RunTime:0.000567s ]
[ sql ] [ SQL ] SHOW COLUMNS FROM `dp_admin_hook` [ RunTime:0.019668s ]
[ sql ] [ SQL ] SELECT `name`,`status` FROM `dp_admin_hook` WHERE  `status` = 1 [ RunTime:0.000713s ]
[ sql ] [ SQL ] SHOW COLUMNS FROM `dp_admin_plugin` [ RunTime:0.019002s ]
[ sql ] [ SQL ] SELECT `name`,`status` FROM `dp_admin_plugin` WHERE  `status` = 1 [ RunTime:0.000593s ]
[ sql ] [ SQL ] SHOW COLUMNS FROM `dp_admin_hook_plugin` [ RunTime:0.022989s ]
[ sql ] [ SQL ] SELECT * FROM `dp_admin_hook_plugin` WHERE  `status` = 1 ORDER BY `hook`,`sort` [ RunTime:0.000658s ]
[ sql ] [ SQL ] SHOW COLUMNS FROM `dp_admin_role` [ RunTime:0.021266s ]
[ sql ] [ SQL ] SELECT `menu_auth` FROM `dp_admin_role` WHERE  `id` = 1 LIMIT 1 [ RunTime:0.000620s ]
[ sql ] [ SQL ] SHOW COLUMNS FROM `dp_admin_menu` [ RunTime:0.024098s ]
[ sql ] [ SQL ] SELECT `id`,`url_value` FROM `dp_admin_menu` WHERE  `id` = in [ RunTime:0.000750s ]
[ sql ] [ SQL ] SELECT `id`,`pid`,`title`,`url_value`,`params` FROM `dp_admin_menu` [ RunTime:0.000805s ]
[ sql ] [ SQL ] SELECT `id`,`pid`,`module`,`title`,`url_value`,`url_type`,`url_target`,`icon`,`params` FROM `dp_admin_menu` WHERE  `status` = 1 ORDER BY `sort`,`id` [ RunTime:0.004129s ]
---------------------------------------------------------------

[2020-05-07T09:03:51+08:00] 127.0.0.1 GET dolphin.com/admin.php/admin/system/index.html
[运行时间：2.467612s] [吞吐率：0.41req/s] [内存消耗：3,789.34kb] [文件加载：114]
[ info ] [ LANG ] F:\Project\DolphinPHPV1.4.5\thinkphp\lang\zh-cn.php
[ info ] [ DB ] INIT mysql
[ info ] [ ROUTE ] array (
)
[ info ] [ HEADER ] array (
  'cookie' => 'thinkphp_show_page_trace=0|0; dolphin_uid=1; dolphin_signin_token=95d89fa2bda0eaac514ec6c65bf890bc23aeeb77; __mfwlv=1588813174; __mfwvn=1; __mfwft=1588813174; Hm_lvt_7df9947f924dba11b94fe85fad935d1d=1588813176; thinkphp_show_page_trace=0|0; PHPSESSID=7nijt97ou8bcker1p0egn04dh3; __mfwlt=1588813410; Hm_lpvt_7df9947f924dba11b94fe85fad935d1d=1588813411',
  'accept-language' => 'zh-CN,zh;q=0.9',
  'accept-encoding' => 'gzip, deflate',
  'referer' => 'http://dolphin.com/admin.php/admin',
  'accept' => 'text/html,application/xhtml+xml,application/xml;q=0.9,image/webp,image/apng,*/*;q=0.8,application/signed-exchange;v=b3;q=0.9',
  'user-agent' => 'Mozilla/5.0 (Windows NT 10.0; Win64; x64) AppleWebKit/537.36 (KHTML, like Gecko) Chrome/81.0.4044.138 Safari/537.36',
  'upgrade-insecure-requests' => '1',
  'connection' => 'close',
  'host' => 'dolphin.com',
)
[ info ] [ PARAM ] array (
)
[ info ] [ VIEW ] F:\Project\DolphinPHPV1.4.5\application\common/builder/form/layout.html [ array (
  0 => '_admin_base_layout',
  1 => 'system_color',
  2 => '_pop',
  3 => '_top_menus',
  4 => '_top_menus_all',
  5 => '_sidebar_menus',
  6 => '_location',
  7 => '_message',
  8 => '_icons',
  9 => 'aside',
  10 => 'page_title',
  11 => 'page_tips',
  12 => 'tips_type',
  13 => 'btn_hide',
  14 => 'btn_title',
  15 => 'form_items',
  16 => 'tab_nav',
  17 => 'post_url',
  18 => 'form_data',
  19 => 'extra_html',
  20 => 'extra_js',
  21 => 'extra_css',
  22 => 'ajax_submit',
  23 => 'hide_header',
  24 => 'header_title',
  25 => 'js_list',
  26 => 'css_list',
  27 => 'field_triggers',
  28 => 'field_hide',
  29 => 'field_values',
  30 => 'field_clear',
  31 => '_js_files',
  32 => '_js_init',
  33 => '_css_files',
  34 => '_layout',
  35 => 'btn_extra',
  36 => 'submit_confirm',
  37 => 'extend_js_list',
  38 => 'extend_css_list',
  39 => '_method',
  40 => 'empty_tips',
  41 => '_token_name',
  42 => '_token_value',
) ]
[ sql ] [ DB ] CONNECT:[ UseTime:0.011293s ] mysql:host=127.0.0.1;port=3306;dbname=dolphin;charset=utf8
[ sql ] [ SQL ] SHOW COLUMNS FROM `dp_admin_config` [ RunTime:0.021745s ]
[ sql ] [ SQL ] SELECT `name`,`value`,`type` FROM `dp_admin_config` [ RunTime:0.000656s ]
[ sql ] [ SQL ] SHOW COLUMNS FROM `dp_admin_module` [ RunTime:0.021211s ]
[ sql ] [ SQL ] SELECT `name`,`config` FROM `dp_admin_module` WHERE  `config` <> '' [ RunTime:0.000598s ]
[ sql ] [ SQL ] SHOW COLUMNS FROM `dp_admin_hook` [ RunTime:0.021161s ]
[ sql ] [ SQL ] SELECT `name`,`status` FROM `dp_admin_hook` WHERE  `status` = 1 [ RunTime:0.000600s ]
[ sql ] [ SQL ] SHOW COLUMNS FROM `dp_admin_plugin` [ RunTime:0.020392s ]
[ sql ] [ SQL ] SELECT `name`,`status` FROM `dp_admin_plugin` WHERE  `status` = 1 [ RunTime:0.000688s ]
[ sql ] [ SQL ] SHOW COLUMNS FROM `dp_admin_hook_plugin` [ RunTime:0.016879s ]
[ sql ] [ SQL ] SELECT * FROM `dp_admin_hook_plugin` WHERE  `status` = 1 ORDER BY `hook`,`sort` [ RunTime:0.000579s ]
[ sql ] [ SQL ] SHOW COLUMNS FROM `dp_admin_role` [ RunTime:0.016799s ]
[ sql ] [ SQL ] SELECT `menu_auth` FROM `dp_admin_role` WHERE  `id` = 1 LIMIT 1 [ RunTime:0.000582s ]
[ sql ] [ SQL ] SHOW COLUMNS FROM `dp_admin_menu` [ RunTime:0.015887s ]
[ sql ] [ SQL ] SELECT `id`,`url_value` FROM `dp_admin_menu` WHERE  `id` = in [ RunTime:0.000591s ]
[ sql ] [ SQL ] SELECT `id`,`pid`,`module`,`title`,`url_value`,`url_type`,`url_target`,`icon`,`params` FROM `dp_admin_menu` WHERE  `status` = 1  AND `pid` = 0 ORDER BY `sort`,`id` [ RunTime:0.001009s ]
[ sql ] [ SQL ] SELECT `id`,`pid`,`module`,`title`,`url_value`,`url_type`,`url_target`,`icon`,`params` FROM `dp_admin_menu` WHERE  `status` = 1  AND `pid` = 0 ORDER BY `sort`,`id` [ RunTime:0.000734s ]
[ sql ] [ SQL ] SELECT `id` FROM `dp_admin_menu` WHERE  `pid` <> 0  AND `url_value` = 'admin/system/index' LIMIT 1 [ RunTime:0.000507s ]
[ sql ] [ SQL ] SELECT `id`,`pid`,`title`,`url_value`,`params` FROM `dp_admin_menu` [ RunTime:0.000799s ]
[ sql ] [ SQL ] SELECT `id`,`pid`,`module`,`title`,`url_value`,`url_type`,`url_target`,`icon`,`params` FROM `dp_admin_menu` WHERE  `status` = 1 ORDER BY `sort`,`id` [ RunTime:0.004299s ]
[ sql ] [ SQL ] SELECT `id` FROM `dp_admin_menu` WHERE  `pid` <> 0  AND `url_value` = 'admin/system/index' LIMIT 1 [ RunTime:0.000726s ]
[ sql ] [ SQL ] SELECT `id`,`pid`,`title`,`url_value`,`params` FROM `dp_admin_menu` [ RunTime:0.000854s ]
[ sql ] [ SQL ] SHOW COLUMNS FROM `dp_admin_message` [ RunTime:0.019976s ]
[ sql ] [ SQL ] SELECT COUNT(*) AS tp_count FROM `dp_admin_message` WHERE  `status` = 0  AND `uid_receive` = 1 [ RunTime:0.000600s ]
[ sql ] [ SQL ] SHOW COLUMNS FROM `dp_admin_icon` [ RunTime:0.020028s ]
[ sql ] [ SQL ] SELECT * FROM `dp_admin_icon` WHERE  `status` = 1 [ RunTime:0.000484s ]
[ sql ] [ SQL ] SELECT `value` FROM `dp_admin_config` WHERE  `id` = 1 LIMIT 1 [ RunTime:0.000660s ]
[ sql ] [ SQL ] SELECT `name`,`config`,`title` FROM `dp_admin_module` WHERE  `config` <> ''  AND `status` = 1 [ RunTime:0.000673s ]
[ sql ] [ SQL ] SELECT `id`,`name`,`title`,`type`,`value`,`options`,`tips`,`ajax_url`,`next_items`,`param`,`format`,`table`,`level`,`key`,`option`,`pid`,`ak`,`create_time`,`update_time`,`sort`,`status` FROM `dp_admin_config` WHERE  `group` = 'base'  AND `status` = 1 ORDER BY `sort` ASC,`id` ASC [ RunTime:0.001501s ]
[ sql ] [ SQL ] SHOW COLUMNS FROM `dp_admin_user` [ RunTime:0.032948s ]
[ sql ] [ SQL ] SELECT `avatar` FROM `dp_admin_user` WHERE  `id` = 1 LIMIT 1 [ RunTime:0.000627s ]
[ sql ] [ SQL ] SHOW COLUMNS FROM `dp_admin_attachment` [ RunTime:0.024731s ]
[ sql ] [ SQL ] SELECT * FROM `dp_admin_attachment` WHERE  `id` = 1 LIMIT 1 [ RunTime:0.000820s ]
[ sql ] [ SQL ] SELECT `avatar` FROM `dp_admin_user` WHERE  `id` = 1 LIMIT 1 [ RunTime:0.000805s ]
[ sql ] [ SQL ] SELECT * FROM `dp_admin_attachment` WHERE  `id` = 1 LIMIT 1 [ RunTime:0.000710s ]
---------------------------------------------------------------

[2020-05-07T09:04:00+08:00] 127.0.0.1 GET dolphin.com/admin.php/admin/system/index/group/system.html
[运行时间：0.385893s] [吞吐率：2.59req/s] [内存消耗：3,792.42kb] [文件加载：114]
[ info ] [ LANG ] F:\Project\DolphinPHPV1.4.5\thinkphp\lang\zh-cn.php
[ info ] [ DB ] INIT mysql
[ info ] [ ROUTE ] array (
)
[ info ] [ HEADER ] array (
  'cookie' => 'thinkphp_show_page_trace=0|0; thinkphp_show_page_trace=0|0; dolphin_uid=1; dolphin_signin_token=95d89fa2bda0eaac514ec6c65bf890bc23aeeb77; __mfwlv=1588813174; __mfwvn=1; __mfwft=1588813174; Hm_lvt_7df9947f924dba11b94fe85fad935d1d=1588813176; thinkphp_show_page_trace=0|0; PHPSESSID=7nijt97ou8bcker1p0egn04dh3; __mfwlt=1588813410; Hm_lpvt_7df9947f924dba11b94fe85fad935d1d=1588813411',
  'accept-language' => 'zh-CN,zh;q=0.9',
  'accept-encoding' => 'gzip, deflate',
  'referer' => 'http://dolphin.com/admin.php/admin/system/index.html',
  'accept' => 'text/html,application/xhtml+xml,application/xml;q=0.9,image/webp,image/apng,*/*;q=0.8,application/signed-exchange;v=b3;q=0.9',
  'user-agent' => 'Mozilla/5.0 (Windows NT 10.0; Win64; x64) AppleWebKit/537.36 (KHTML, like Gecko) Chrome/81.0.4044.138 Safari/537.36',
  'upgrade-insecure-requests' => '1',
  'connection' => 'close',
  'host' => 'dolphin.com',
)
[ info ] [ PARAM ] array (
  'group' => 'system',
)
[ info ] [ VIEW ] F:\Project\DolphinPHPV1.4.5\application\common/builder/form/layout.html [ array (
  0 => '_admin_base_layout',
  1 => 'system_color',
  2 => '_pop',
  3 => '_top_menus',
  4 => '_top_menus_all',
  5 => '_sidebar_menus',
  6 => '_location',
  7 => '_message',
  8 => '_icons',
  9 => 'aside',
  10 => 'page_title',
  11 => 'page_tips',
  12 => 'tips_type',
  13 => 'btn_hide',
  14 => 'btn_title',
  15 => 'form_items',
  16 => 'tab_nav',
  17 => 'post_url',
  18 => 'form_data',
  19 => 'extra_html',
  20 => 'extra_js',
  21 => 'extra_css',
  22 => 'ajax_submit',
  23 => 'hide_header',
  24 => 'header_title',
  25 => 'js_list',
  26 => 'css_list',
  27 => 'field_triggers',
  28 => 'field_hide',
  29 => 'field_values',
  30 => 'field_clear',
  31 => '_js_files',
  32 => '_js_init',
  33 => '_css_files',
  34 => '_layout',
  35 => 'btn_extra',
  36 => 'submit_confirm',
  37 => 'extend_js_list',
  38 => 'extend_css_list',
  39 => '_method',
  40 => 'empty_tips',
  41 => '_token_name',
  42 => '_token_value',
) ]
[ sql ] [ DB ] CONNECT:[ UseTime:0.011563s ] mysql:host=127.0.0.1;port=3306;dbname=dolphin;charset=utf8
[ sql ] [ SQL ] SHOW COLUMNS FROM `dp_admin_config` [ RunTime:0.032647s ]
[ sql ] [ SQL ] SELECT `name`,`value`,`type` FROM `dp_admin_config` [ RunTime:0.000802s ]
[ sql ] [ SQL ] SHOW COLUMNS FROM `dp_admin_module` [ RunTime:0.020776s ]
[ sql ] [ SQL ] SELECT `name`,`config` FROM `dp_admin_module` WHERE  `config` <> '' [ RunTime:0.000622s ]
[ sql ] [ SQL ] SHOW COLUMNS FROM `dp_admin_hook` [ RunTime:0.022649s ]
[ sql ] [ SQL ] SELECT `name`,`status` FROM `dp_admin_hook` WHERE  `status` = 1 [ RunTime:0.000562s ]
[ sql ] [ SQL ] SHOW COLUMNS FROM `dp_admin_plugin` [ RunTime:0.021424s ]
[ sql ] [ SQL ] SELECT `name`,`status` FROM `dp_admin_plugin` WHERE  `status` = 1 [ RunTime:0.000588s ]
[ sql ] [ SQL ] SHOW COLUMNS FROM `dp_admin_hook_plugin` [ RunTime:0.022390s ]
[ sql ] [ SQL ] SELECT * FROM `dp_admin_hook_plugin` WHERE  `status` = 1 ORDER BY `hook`,`sort` [ RunTime:0.000516s ]
[ sql ] [ SQL ] SHOW COLUMNS FROM `dp_admin_role` [ RunTime:0.020919s ]
[ sql ] [ SQL ] SELECT `menu_auth` FROM `dp_admin_role` WHERE  `id` = 1 LIMIT 1 [ RunTime:0.000594s ]
[ sql ] [ SQL ] SHOW COLUMNS FROM `dp_admin_menu` [ RunTime:0.027978s ]
[ sql ] [ SQL ] SELECT `id`,`url_value` FROM `dp_admin_menu` WHERE  `id` = in [ RunTime:0.000623s ]
[ sql ] [ SQL ] SELECT `id`,`pid`,`module`,`title`,`url_value`,`url_type`,`url_target`,`icon`,`params` FROM `dp_admin_menu` WHERE  `status` = 1  AND `pid` = 0 ORDER BY `sort`,`id` [ RunTime:0.000990s ]
[ sql ] [ SQL ] SELECT `id`,`pid`,`module`,`title`,`url_value`,`url_type`,`url_target`,`icon`,`params` FROM `dp_admin_menu` WHERE  `status` = 1  AND `pid` = 0 ORDER BY `sort`,`id` [ RunTime:0.000927s ]
[ sql ] [ SQL ] SELECT `id` FROM `dp_admin_menu` WHERE  `pid` <> 0  AND `url_value` = 'admin/system/index' LIMIT 1 [ RunTime:0.000561s ]
[ sql ] [ SQL ] SELECT `id`,`pid`,`title`,`url_value`,`params` FROM `dp_admin_menu` [ RunTime:0.000803s ]
[ sql ] [ SQL ] SELECT `id`,`pid`,`module`,`title`,`url_value`,`url_type`,`url_target`,`icon`,`params` FROM `dp_admin_menu` WHERE  `status` = 1 ORDER BY `sort`,`id` [ RunTime:0.004306s ]
[ sql ] [ SQL ] SELECT `id` FROM `dp_admin_menu` WHERE  `pid` <> 0  AND `url_value` = 'admin/system/index' LIMIT 1 [ RunTime:0.001128s ]
[ sql ] [ SQL ] SELECT `id`,`pid`,`title`,`url_value`,`params` FROM `dp_admin_menu` [ RunTime:0.000819s ]
[ sql ] [ SQL ] SHOW COLUMNS FROM `dp_admin_message` [ RunTime:0.022295s ]
[ sql ] [ SQL ] SELECT COUNT(*) AS tp_count FROM `dp_admin_message` WHERE  `status` = 0  AND `uid_receive` = 1 [ RunTime:0.000609s ]
[ sql ] [ SQL ] SHOW COLUMNS FROM `dp_admin_icon` [ RunTime:0.020047s ]
[ sql ] [ SQL ] SELECT * FROM `dp_admin_icon` WHERE  `status` = 1 [ RunTime:0.000815s ]
[ sql ] [ SQL ] SELECT `value` FROM `dp_admin_config` WHERE  `id` = 1 LIMIT 1 [ RunTime:0.000682s ]
[ sql ] [ SQL ] SELECT `name`,`config`,`title` FROM `dp_admin_module` WHERE  `config` <> ''  AND `status` = 1 [ RunTime:0.000548s ]
[ sql ] [ SQL ] SELECT `id`,`name`,`title`,`type`,`value`,`options`,`tips`,`ajax_url`,`next_items`,`param`,`format`,`table`,`level`,`key`,`option`,`pid`,`ak`,`create_time`,`update_time`,`sort`,`status` FROM `dp_admin_config` WHERE  `group` = 'system'  AND `status` = 1 ORDER BY `sort` ASC,`id` ASC [ RunTime:0.000762s ]
[ sql ] [ SQL ] SELECT `name`,`title` FROM `dp_admin_module` WHERE  `status` >= 0 ORDER BY `id` [ RunTime:0.000560s ]
[ sql ] [ SQL ] SHOW COLUMNS FROM `dp_admin_user` [ RunTime:0.023338s ]
[ sql ] [ SQL ] SELECT `avatar` FROM `dp_admin_user` WHERE  `id` = 1 LIMIT 1 [ RunTime:0.000401s ]
[ sql ] [ SQL ] SHOW COLUMNS FROM `dp_admin_attachment` [ RunTime:0.019989s ]
[ sql ] [ SQL ] SELECT * FROM `dp_admin_attachment` WHERE  `id` = 1 LIMIT 1 [ RunTime:0.000597s ]
[ sql ] [ SQL ] SELECT `avatar` FROM `dp_admin_user` WHERE  `id` = 1 LIMIT 1 [ RunTime:0.000446s ]
[ sql ] [ SQL ] SELECT * FROM `dp_admin_attachment` WHERE  `id` = 1 LIMIT 1 [ RunTime:0.000638s ]
