---------------------------------------------------------------

[2020-05-16T10:11:02+08:00] 127.0.0.1 GET dolphin.com/index.php/index/test/index
[运行时间：2.785133s] [吞吐率：0.36req/s] [内存消耗：2,904.66kb] [文件加载：99]
[ info ] [ LANG ] F:\Project\DolphinPHPV1.4.5\thinkphp\lang\zh-cn.php
[ info ] [ DB ] INIT mysql
[ info ] [ ROUTE ] array (
)
[ info ] [ HEADER ] array (
  'cookie' => 'thinkphp_show_page_trace=0|0; PHPSESSID=qk74qi2pv5qitct2ol5caido9j; __mfwft=1589418621; Hm_lvt_7df9947f924dba11b94fe85fad935d1d=1589418622; thinkphp_show_page_trace=0|0; __mfwlv=1589513514; __mfwvn=3; __mfwlt=1589513552; dolphin___forward__=%2Fadmin.php%2Fuser%2Findex%2Findex.html; Hm_lpvt_7df9947f924dba11b94fe85fad935d1d=1589531475',
  'accept-language' => 'zh-CN,zh;q=0.9',
  'accept-encoding' => 'gzip, deflate',
  'accept' => 'text/html,application/xhtml+xml,application/xml;q=0.9,image/webp,image/apng,*/*;q=0.8,application/signed-exchange;v=b3;q=0.9',
  'user-agent' => 'Mozilla/5.0 (Windows NT 10.0; Win64; x64) AppleWebKit/537.36 (KHTML, like Gecko) Chrome/81.0.4044.138 Safari/537.36',
  'upgrade-insecure-requests' => '1',
  'connection' => 'close',
  'host' => 'dolphin.com',
)
[ info ] [ PARAM ] array (
)
[ sql ] [ DB ] CONNECT:[ UseTime:0.022975s ] mysql:host=127.0.0.1;port=3306;dbname=dolphin;charset=utf8
[ sql ] [ SQL ] SHOW COLUMNS FROM `dp_admin_config` [ RunTime:0.079723s ]
[ sql ] [ SQL ] SELECT `name`,`value`,`type` FROM `dp_admin_config` [ RunTime:0.001424s ]
[ sql ] [ SQL ] SHOW COLUMNS FROM `dp_admin_module` [ RunTime:0.046977s ]
[ sql ] [ SQL ] SELECT `name`,`config` FROM `dp_admin_module` WHERE  `config` <> '' [ RunTime:0.002244s ]
[ sql ] [ SQL ] SHOW COLUMNS FROM `dp_admin_hook` [ RunTime:0.052082s ]
[ sql ] [ SQL ] SELECT `name`,`status` FROM `dp_admin_hook` WHERE  `status` = 1 [ RunTime:0.000752s ]
[ sql ] [ SQL ] SHOW COLUMNS FROM `dp_admin_plugin` [ RunTime:0.050383s ]
[ sql ] [ SQL ] SELECT `name`,`status` FROM `dp_admin_plugin` WHERE  `status` = 1 [ RunTime:0.000820s ]
[ sql ] [ SQL ] SHOW COLUMNS FROM `dp_admin_hook_plugin` [ RunTime:0.049200s ]
[ sql ] [ SQL ] SELECT * FROM `dp_admin_hook_plugin` WHERE  `status` = 1 ORDER BY `hook`,`sort` [ RunTime:0.001848s ]
---------------------------------------------------------------

[2020-05-16T10:11:19+08:00] 127.0.0.1 GET dolphin.com/index.php
[运行时间：2.206059s] [吞吐率：0.45req/s] [内存消耗：3,709.96kb] [文件加载：110]
[ info ] [ LANG ] F:\Project\DolphinPHPV1.4.5\thinkphp\lang\zh-cn.php
[ info ] [ DB ] INIT mysql
[ info ] [ ROUTE ] array (
)
[ info ] [ HEADER ] array (
  'cookie' => 'PHPSESSID=qk74qi2pv5qitct2ol5caido9j; __mfwft=1589418621; Hm_lvt_7df9947f924dba11b94fe85fad935d1d=1589418622; thinkphp_show_page_trace=0|0; __mfwlv=1589513514; __mfwvn=3; __mfwlt=1589513552; dolphin___forward__=%2Fadmin.php%2Fuser%2Findex%2Findex.html; Hm_lpvt_7df9947f924dba11b94fe85fad935d1d=1589531475',
  'accept-language' => 'zh-CN,zh;q=0.9',
  'accept-encoding' => 'gzip, deflate',
  'accept' => 'text/html,application/xhtml+xml,application/xml;q=0.9,image/webp,image/apng,*/*;q=0.8,application/signed-exchange;v=b3;q=0.9',
  'user-agent' => 'Mozilla/5.0 (Windows NT 10.0; Win64; x64) AppleWebKit/537.36 (KHTML, like Gecko) Chrome/81.0.4044.138 Safari/537.36',
  'upgrade-insecure-requests' => '1',
  'connection' => 'close',
  'host' => 'dolphin.com',
)
[ info ] [ PARAM ] array (
)
[ info ] [ VIEW ] F:\Project\DolphinPHPV1.4.5\application\index\view\index\index.html [ array (
  0 => 'title',
  1 => 'configuration',
  2 => 'nav_1',
  3 => 'nav_2',
  4 => 'nav_h',
  5 => 'nav_f',
  6 => 'nav_pid',
  7 => 'nav_id',
  8 => 'banner_bg',
  9 => 'banner',
  10 => 'album',
  11 => 'food',
  12 => 'news',
  13 => 'store',
  14 => 'roll',
) ]
[ sql ] [ DB ] CONNECT:[ UseTime:0.013069s ] mysql:host=127.0.0.1;port=3306;dbname=dolphin;charset=utf8
[ sql ] [ SQL ] SHOW COLUMNS FROM `dp_admin_config` [ RunTime:0.040492s ]
[ sql ] [ SQL ] SELECT `name`,`value`,`type` FROM `dp_admin_config` [ RunTime:0.000718s ]
[ sql ] [ SQL ] SHOW COLUMNS FROM `dp_admin_module` [ RunTime:0.021076s ]
[ sql ] [ SQL ] SELECT `name`,`config` FROM `dp_admin_module` WHERE  `config` <> '' [ RunTime:0.000842s ]
[ sql ] [ SQL ] SHOW COLUMNS FROM `dp_admin_hook` [ RunTime:0.020017s ]
[ sql ] [ SQL ] SELECT `name`,`status` FROM `dp_admin_hook` WHERE  `status` = 1 [ RunTime:0.000529s ]
[ sql ] [ SQL ] SHOW COLUMNS FROM `dp_admin_plugin` [ RunTime:0.026170s ]
[ sql ] [ SQL ] SELECT `name`,`status` FROM `dp_admin_plugin` WHERE  `status` = 1 [ RunTime:0.000535s ]
[ sql ] [ SQL ] SHOW COLUMNS FROM `dp_admin_hook_plugin` [ RunTime:0.021101s ]
[ sql ] [ SQL ] SELECT * FROM `dp_admin_hook_plugin` WHERE  `status` = 1 ORDER BY `hook`,`sort` [ RunTime:0.000628s ]
[ sql ] [ SQL ] SHOW COLUMNS FROM `dp_admin_navigation` [ RunTime:0.056569s ]
[ sql ] [ SQL ] SELECT `id`,`pid` FROM `dp_admin_navigation` WHERE  `url_value` = 'index/index/index' LIMIT 1 [ RunTime:0.003720s ]
[ sql ] [ SQL ] SELECT `id` FROM `dp_admin_navigation` WHERE  `pid` = 1 ORDER BY `sort` LIMIT 1 [ RunTime:0.000638s ]
[ sql ] [ SQL ] SELECT `title` FROM `dp_admin_navigation` WHERE  `id` = 0 LIMIT 1 [ RunTime:0.001189s ]
[ sql ] [ SQL ] SELECT `id`,`title`,`url_value`,`params` FROM `dp_admin_navigation` WHERE  `pid` = 1  AND `status` = 1 ORDER BY `sort` [ RunTime:0.000581s ]
[ sql ] [ SQL ] SHOW COLUMNS FROM `dp_configuration` [ RunTime:0.044486s ]
[ sql ] [ SQL ] SELECT * FROM `dp_configuration` WHERE  `id` = 1 LIMIT 1 [ RunTime:0.000918s ]
[ sql ] [ SQL ] SELECT `id`,`title`,`url_value`,`params` FROM `dp_admin_navigation` WHERE  `pid` = 0  AND `status` = 1 ORDER BY `sort` [ RunTime:0.000737s ]
[ sql ] [ SQL ] SELECT `id`,`title`,`url_value`,`params` FROM `dp_admin_navigation` WHERE  `pid` = 0  AND `status` = 1 ORDER BY `sort` [ RunTime:0.000639s ]
[ sql ] [ SQL ] SELECT `id`,`title`,`url_value`,`params` FROM `dp_admin_navigation` WHERE  `pid` = 2  AND `status` = 1 ORDER BY `sort` [ RunTime:0.000587s ]
[ sql ] [ SQL ] SELECT `id`,`title`,`url_value`,`params` FROM `dp_admin_navigation` WHERE  `pid` = 9  AND `status` = 1 ORDER BY `sort` [ RunTime:0.000614s ]
[ sql ] [ SQL ] SELECT `id`,`title`,`url_value`,`params` FROM `dp_admin_navigation` WHERE  `pid` = 18  AND `status` = 1 ORDER BY `sort` [ RunTime:0.000580s ]
[ sql ] [ SQL ] SELECT `id`,`title`,`url_value`,`params` FROM `dp_admin_navigation` WHERE  `pid` = 20  AND `status` = 1 ORDER BY `sort` [ RunTime:0.000593s ]
[ sql ] [ SQL ] SELECT `id`,`title`,`url_value`,`params` FROM `dp_admin_navigation` WHERE  `pid` = 27  AND `status` = 1 ORDER BY `sort` [ RunTime:0.000589s ]
[ sql ] [ SQL ] SELECT `id`,`title`,`url_value`,`params` FROM `dp_admin_navigation` WHERE  `pid` = 31  AND `status` = 1 ORDER BY `sort` [ RunTime:0.000585s ]
[ sql ] [ SQL ] SELECT `id`,`title`,`url_value`,`params` FROM `dp_admin_navigation` WHERE  `pid` = 35  AND `status` = 1 ORDER BY `sort` [ RunTime:0.000549s ]
[ sql ] [ SQL ] SELECT `id`,`title`,`url_value`,`params` FROM `dp_admin_navigation` WHERE  `footer` = 1  AND `status` = 1 ORDER BY `sort` [ RunTime:0.000618s ]
[ sql ] [ SQL ] SHOW COLUMNS FROM `dp_home_banner_bg` [ RunTime:0.055039s ]
[ sql ] [ SQL ] SELECT `id`,`img` FROM `dp_home_banner_bg` WHERE  `status` = 1 ORDER BY `sort` [ RunTime:0.000517s ]
[ sql ] [ SQL ] SHOW COLUMNS FROM `dp_home_banner` [ RunTime:0.047842s ]
[ sql ] [ SQL ] SELECT * FROM `dp_home_banner` WHERE  `status` = 1 ORDER BY `sort` LIMIT 4 [ RunTime:0.000665s ]
[ sql ] [ SQL ] SHOW COLUMNS FROM `dp_home_album` [ RunTime:0.048163s ]
[ sql ] [ SQL ] SELECT * FROM `dp_home_album` WHERE  `status` = 1 ORDER BY `sort` [ RunTime:0.000551s ]
[ sql ] [ SQL ] SHOW COLUMNS FROM `dp_home_food` [ RunTime:0.047952s ]
[ sql ] [ SQL ] SELECT * FROM `dp_home_food` WHERE  `status` = 1 ORDER BY `sort` LIMIT 5 [ RunTime:0.000678s ]
[ sql ] [ SQL ] SHOW COLUMNS FROM `dp_home_news` [ RunTime:0.065745s ]
[ sql ] [ SQL ] SELECT * FROM `dp_home_news` WHERE  `status` = 1  AND `is_tui` = 1 LIMIT 5 [ RunTime:0.000933s ]
[ sql ] [ SQL ] SHOW COLUMNS FROM `dp_home_store` [ RunTime:0.051366s ]
[ sql ] [ SQL ] SELECT * FROM `dp_home_store` WHERE  `status` = 1 LIMIT 4 [ RunTime:0.000481s ]
[ sql ] [ SQL ] SHOW COLUMNS FROM `dp_home_roll` [ RunTime:0.041218s ]
[ sql ] [ SQL ] SELECT * FROM `dp_home_roll` WHERE  `status` = 1 ORDER BY `sort` [ RunTime:0.000686s ]
[ sql ] [ SQL ] SHOW COLUMNS FROM `dp_admin_attachment` [ RunTime:0.066174s ]
[ sql ] [ SQL ] SELECT * FROM `dp_admin_attachment` WHERE  `id` = 3 LIMIT 1 [ RunTime:0.003394s ]
[ sql ] [ SQL ] SELECT * FROM `dp_admin_attachment` WHERE  `id` = 16 LIMIT 1 [ RunTime:0.000599s ]
[ sql ] [ SQL ] SELECT * FROM `dp_admin_attachment` WHERE  `id` = 17 LIMIT 1 [ RunTime:0.000501s ]
[ sql ] [ SQL ] SELECT * FROM `dp_admin_attachment` WHERE  `id` = 18 LIMIT 1 [ RunTime:0.000613s ]
[ sql ] [ SQL ] SELECT * FROM `dp_admin_attachment` WHERE  `id` = 19 LIMIT 1 [ RunTime:0.000626s ]
[ sql ] [ SQL ] SELECT * FROM `dp_admin_attachment` WHERE  `id` = 20 LIMIT 1 [ RunTime:0.000604s ]
[ sql ] [ SQL ] SELECT * FROM `dp_admin_attachment` WHERE  `id` = 21 LIMIT 1 [ RunTime:0.000522s ]
[ sql ] [ SQL ] SELECT * FROM `dp_admin_attachment` WHERE  `id` = 22 LIMIT 1 [ RunTime:0.000585s ]
[ sql ] [ SQL ] SELECT * FROM `dp_admin_attachment` WHERE  `id` = 23 LIMIT 1 [ RunTime:0.000671s ]
[ sql ] [ SQL ] SELECT * FROM `dp_admin_attachment` WHERE  `id` = 24 LIMIT 1 [ RunTime:0.000607s ]
[ sql ] [ SQL ] SELECT * FROM `dp_admin_attachment` WHERE  `id` = 25 LIMIT 1 [ RunTime:0.000582s ]
[ sql ] [ SQL ] SELECT * FROM `dp_admin_attachment` WHERE  `id` = 26 LIMIT 1 [ RunTime:0.000506s ]
[ sql ] [ SQL ] SELECT * FROM `dp_admin_attachment` WHERE  `id` = 21 LIMIT 1 [ RunTime:0.000449s ]
[ sql ] [ SQL ] SELECT * FROM `dp_admin_attachment` WHERE  `id` = 51 LIMIT 1 [ RunTime:0.000796s ]
[ sql ] [ SQL ] SELECT * FROM `dp_admin_attachment` WHERE  `id` = 50 LIMIT 1 [ RunTime:0.000774s ]
[ sql ] [ SQL ] SELECT * FROM `dp_admin_attachment` WHERE  `id` = 5 LIMIT 1 [ RunTime:0.000642s ]
[ sql ] [ SQL ] SELECT * FROM `dp_admin_attachment` WHERE  `id` = 28 LIMIT 1 [ RunTime:0.000701s ]
[ sql ] [ SQL ] SELECT * FROM `dp_admin_attachment` WHERE  `id` = 29 LIMIT 1 [ RunTime:0.000876s ]
[ sql ] [ SQL ] SELECT * FROM `dp_admin_attachment` WHERE  `id` = 30 LIMIT 1 [ RunTime:0.000875s ]
[ sql ] [ SQL ] SELECT * FROM `dp_admin_attachment` WHERE  `id` = 27 LIMIT 1 [ RunTime:0.000626s ]
[ sql ] [ SQL ] SELECT * FROM `dp_admin_attachment` WHERE  `id` = 31 LIMIT 1 [ RunTime:0.000579s ]
[ sql ] [ SQL ] SELECT * FROM `dp_admin_attachment` WHERE  `id` = 47 LIMIT 1 [ RunTime:0.000439s ]
[ sql ] [ SQL ] SELECT * FROM `dp_admin_attachment` WHERE  `id` = 4 LIMIT 1 [ RunTime:0.000512s ]
[ sql ] [ SQL ] SELECT * FROM `dp_admin_attachment` WHERE  `id` = 48 LIMIT 1 [ RunTime:0.000552s ]
[ sql ] [ SQL ] SELECT * FROM `dp_admin_attachment` WHERE  `id` = 49 LIMIT 1 [ RunTime:0.000434s ]
[ sql ] [ SQL ] SELECT * FROM `dp_admin_attachment` WHERE  `id` = 32 LIMIT 1 [ RunTime:0.000578s ]
[ sql ] [ SQL ] SELECT * FROM `dp_admin_attachment` WHERE  `id` = 33 LIMIT 1 [ RunTime:0.000458s ]
[ sql ] [ SQL ] SELECT * FROM `dp_admin_attachment` WHERE  `id` = 34 LIMIT 1 [ RunTime:0.000525s ]
[ sql ] [ SQL ] SELECT * FROM `dp_admin_attachment` WHERE  `id` = 35 LIMIT 1 [ RunTime:0.000596s ]
[ sql ] [ SQL ] SELECT * FROM `dp_admin_attachment` WHERE  `id` = 36 LIMIT 1 [ RunTime:0.000501s ]
[ sql ] [ SQL ] SELECT * FROM `dp_admin_attachment` WHERE  `id` = 37 LIMIT 1 [ RunTime:0.000612s ]
[ sql ] [ SQL ] SELECT * FROM `dp_admin_attachment` WHERE  `id` = 38 LIMIT 1 [ RunTime:0.000810s ]
[ sql ] [ SQL ] SELECT * FROM `dp_admin_attachment` WHERE  `id` = 39 LIMIT 1 [ RunTime:0.000658s ]
[ sql ] [ SQL ] SELECT * FROM `dp_admin_attachment` WHERE  `id` = 40 LIMIT 1 [ RunTime:0.000802s ]
[ sql ] [ SQL ] SELECT * FROM `dp_admin_attachment` WHERE  `id` = 41 LIMIT 1 [ RunTime:0.000735s ]
[ sql ] [ SQL ] SELECT * FROM `dp_admin_attachment` WHERE  `id` = 2 LIMIT 1 [ RunTime:0.000615s ]
[ sql ] [ SQL ] SELECT * FROM `dp_admin_attachment` WHERE  `id` = 2 LIMIT 1 [ RunTime:0.000510s ]
---------------------------------------------------------------

[2020-05-16T10:11:25+08:00] 127.0.0.1 GET dolphin.com/admin
[运行时间：0.070272s] [吞吐率：14.23req/s] [内存消耗：1,596.80kb] [文件加载：71]
[ info ] [ LANG ] F:\Project\DolphinPHPV1.4.5\thinkphp\lang\zh-cn.php
---------------------------------------------------------------

[2020-05-16T10:11:27+08:00] 127.0.0.1 GET dolphin.com/admin.php/admin
[运行时间：2.237502s] [吞吐率：0.45req/s] [内存消耗：3,541.70kb] [文件加载：120]
[ info ] [ LANG ] F:\Project\DolphinPHPV1.4.5\thinkphp\lang\zh-cn.php
[ info ] [ DB ] INIT mysql
[ info ] [ ROUTE ] array (
)
[ info ] [ HEADER ] array (
  'cookie' => 'PHPSESSID=qk74qi2pv5qitct2ol5caido9j; __mfwft=1589418621; Hm_lvt_7df9947f924dba11b94fe85fad935d1d=1589418622; thinkphp_show_page_trace=0|0; __mfwlv=1589513514; __mfwvn=3; __mfwlt=1589513552; dolphin___forward__=%2Fadmin.php%2Fuser%2Findex%2Findex.html; Hm_lpvt_7df9947f924dba11b94fe85fad935d1d=1589595080',
  'accept-language' => 'zh-CN,zh;q=0.9',
  'accept-encoding' => 'gzip, deflate',
  'accept' => 'text/html,application/xhtml+xml,application/xml;q=0.9,image/webp,image/apng,*/*;q=0.8,application/signed-exchange;v=b3;q=0.9',
  'user-agent' => 'Mozilla/5.0 (Windows NT 10.0; Win64; x64) AppleWebKit/537.36 (KHTML, like Gecko) Chrome/81.0.4044.138 Safari/537.36',
  'upgrade-insecure-requests' => '1',
  'connection' => 'close',
  'host' => 'dolphin.com',
)
[ info ] [ PARAM ] array (
)
[ info ] [ VIEW ] F:\Project\DolphinPHPV1.4.5\application\admin\view\index\index.html [ array (
  0 => '_admin_base_layout',
  1 => 'system_color',
  2 => '_pop',
  3 => '_top_menus',
  4 => '_top_menus_all',
  5 => '_sidebar_menus',
  6 => '_location',
  7 => '_message',
  8 => '_icons',
  9 => 'aside',
  10 => 'default_pass',
) ]
[ info ] [ VIEW ] F:\Project\DolphinPHPV1.4.5\plugins/SystemInfo/view/widget.html [ array (
  0 => '_admin_base_layout',
  1 => 'system_color',
  2 => '_pop',
  3 => '_top_menus',
  4 => '_top_menus_all',
  5 => '_sidebar_menus',
  6 => '_location',
  7 => '_message',
  8 => '_icons',
  9 => 'aside',
  10 => 'default_pass',
  11 => 'display',
  12 => 'width',
) ]
[ info ] [ DB ] INIT mysql
[ info ] [ VIEW ] F:\Project\DolphinPHPV1.4.5\plugins/DevTeam/view/widget.html [ array (
  0 => '_admin_base_layout',
  1 => 'system_color',
  2 => '_pop',
  3 => '_top_menus',
  4 => '_top_menus_all',
  5 => '_sidebar_menus',
  6 => '_location',
  7 => '_message',
  8 => '_icons',
  9 => 'aside',
  10 => 'default_pass',
  11 => 'display',
  12 => 'width',
) ]
[ sql ] [ DB ] CONNECT:[ UseTime:0.004879s ] mysql:host=127.0.0.1;port=3306;dbname=dolphin;charset=utf8
[ sql ] [ SQL ] SHOW COLUMNS FROM `dp_admin_config` [ RunTime:0.054612s ]
[ sql ] [ SQL ] SELECT `name`,`value`,`type` FROM `dp_admin_config` [ RunTime:0.000481s ]
[ sql ] [ SQL ] SHOW COLUMNS FROM `dp_admin_module` [ RunTime:0.033988s ]
[ sql ] [ SQL ] SELECT `name`,`config` FROM `dp_admin_module` WHERE  `config` <> '' [ RunTime:0.000450s ]
[ sql ] [ SQL ] SHOW COLUMNS FROM `dp_admin_hook` [ RunTime:0.040260s ]
[ sql ] [ SQL ] SELECT `name`,`status` FROM `dp_admin_hook` WHERE  `status` = 1 [ RunTime:0.000496s ]
[ sql ] [ SQL ] SHOW COLUMNS FROM `dp_admin_plugin` [ RunTime:0.035370s ]
[ sql ] [ SQL ] SELECT `name`,`status` FROM `dp_admin_plugin` WHERE  `status` = 1 [ RunTime:0.002555s ]
[ sql ] [ SQL ] SHOW COLUMNS FROM `dp_admin_hook_plugin` [ RunTime:0.041421s ]
[ sql ] [ SQL ] SELECT * FROM `dp_admin_hook_plugin` WHERE  `status` = 1 ORDER BY `hook`,`sort` [ RunTime:0.000777s ]
[ sql ] [ SQL ] SHOW COLUMNS FROM `dp_admin_role` [ RunTime:0.098007s ]
[ sql ] [ SQL ] SELECT `menu_auth` FROM `dp_admin_role` WHERE  `id` = 1 LIMIT 1 [ RunTime:0.000493s ]
[ sql ] [ SQL ] SHOW COLUMNS FROM `dp_admin_menu` [ RunTime:0.069243s ]
[ sql ] [ SQL ] SELECT `id`,`url_value` FROM `dp_admin_menu` WHERE  `id` = in [ RunTime:0.000540s ]
[ sql ] [ SQL ] SELECT `id`,`pid`,`module`,`title`,`url_value`,`url_type`,`url_target`,`icon`,`params` FROM `dp_admin_menu` WHERE  `status` = 1  AND `pid` = 0 ORDER BY `sort`,`id` [ RunTime:0.000698s ]
[ sql ] [ SQL ] SELECT `id`,`pid`,`module`,`title`,`url_value`,`url_type`,`url_target`,`icon`,`params` FROM `dp_admin_menu` WHERE  `status` = 1  AND `pid` = 0 ORDER BY `sort`,`id` [ RunTime:0.000992s ]
[ sql ] [ SQL ] SELECT `id` FROM `dp_admin_menu` WHERE  `pid` <> 0  AND `url_value` = 'admin/index/index' LIMIT 1 [ RunTime:0.000439s ]
[ sql ] [ SQL ] SELECT `id`,`pid`,`title`,`url_value`,`params` FROM `dp_admin_menu` [ RunTime:0.000866s ]
[ sql ] [ SQL ] SELECT `id`,`pid`,`module`,`title`,`url_value`,`url_type`,`url_target`,`icon`,`params` FROM `dp_admin_menu` WHERE  `status` = 1 ORDER BY `sort`,`id` [ RunTime:0.007005s ]
[ sql ] [ SQL ] SELECT `id` FROM `dp_admin_menu` WHERE  `pid` <> 0  AND `url_value` = 'admin/index/index' LIMIT 1 [ RunTime:0.000650s ]
[ sql ] [ SQL ] SELECT `id`,`pid`,`title`,`url_value`,`params` FROM `dp_admin_menu` [ RunTime:0.000816s ]
[ sql ] [ SQL ] SHOW COLUMNS FROM `dp_admin_message` [ RunTime:0.088080s ]
[ sql ] [ SQL ] SELECT COUNT(*) AS tp_count FROM `dp_admin_message` WHERE  `status` = 0  AND `uid_receive` = 1 [ RunTime:0.002243s ]
[ sql ] [ SQL ] SHOW COLUMNS FROM `dp_admin_icon` [ RunTime:0.068654s ]
[ sql ] [ SQL ] SELECT * FROM `dp_admin_icon` WHERE  `status` = 1 [ RunTime:0.000327s ]
[ sql ] [ SQL ] SELECT `value` FROM `dp_admin_config` WHERE  `id` = 1 LIMIT 1 [ RunTime:0.000250s ]
[ sql ] [ SQL ] SHOW COLUMNS FROM `dp_admin_user` [ RunTime:0.098770s ]
[ sql ] [ SQL ] SELECT `password` FROM `dp_admin_user` WHERE  `id` = 1 LIMIT 1 [ RunTime:0.000400s ]
[ sql ] [ SQL ] SELECT `avatar` FROM `dp_admin_user` WHERE  `id` = 1 LIMIT 1 [ RunTime:0.000658s ]
[ sql ] [ SQL ] SHOW COLUMNS FROM `dp_admin_attachment` [ RunTime:0.026946s ]
[ sql ] [ SQL ] SELECT * FROM `dp_admin_attachment` WHERE  `id` = 1 LIMIT 1 [ RunTime:0.000686s ]
[ sql ] [ SQL ] SELECT `avatar` FROM `dp_admin_user` WHERE  `id` = 1 LIMIT 1 [ RunTime:0.000442s ]
[ sql ] [ SQL ] SELECT * FROM `dp_admin_attachment` WHERE  `id` = 1 LIMIT 1 [ RunTime:0.000571s ]
[ sql ] [ SQL ] SELECT `config` FROM `dp_admin_plugin` WHERE  `name` = 'SystemInfo' LIMIT 1 [ RunTime:0.000612s ]
[ sql ] [ DB ] CONNECT:[ UseTime:0.011349s ] mysql:host=127.0.0.1;port=3306;dbname=dolphin;charset=utf8
[ sql ] [ SQL ] select version() as version [ RunTime:0.006594s ]
[ sql ] [ SQL ] SELECT `config` FROM `dp_admin_plugin` WHERE  `name` = 'DevTeam' LIMIT 1 [ RunTime:0.000622s ]
---------------------------------------------------------------

[2020-05-16T10:11:29+08:00] 127.0.0.1 GET dolphin.com/admin.php/admin/index/checkupdate.html
[运行时间：0.735645s] [吞吐率：1.36req/s] [内存消耗：3,136.36kb] [文件加载：103]
[ info ] [ LANG ] F:\Project\DolphinPHPV1.4.5\thinkphp\lang\zh-cn.php
[ info ] [ DB ] INIT mysql
[ info ] [ ROUTE ] array (
)
[ info ] [ HEADER ] array (
  'cookie' => 'thinkphp_show_page_trace=0|0; thinkphp_show_page_trace=0|0; PHPSESSID=qk74qi2pv5qitct2ol5caido9j; __mfwft=1589418621; Hm_lvt_7df9947f924dba11b94fe85fad935d1d=1589418622; thinkphp_show_page_trace=0|0; __mfwvn=3; __mfwlv=1589513514; __mfwlt=1589513552; dolphin___forward__=%2Fadmin.php%2Fuser%2Findex%2Findex.html; Hm_lpvt_7df9947f924dba11b94fe85fad935d1d=1589595080',
  'accept-language' => 'zh-CN,zh;q=0.9',
  'accept-encoding' => 'gzip, deflate',
  'referer' => 'http://dolphin.com/admin.php/admin',
  'x-requested-with' => 'XMLHttpRequest',
  'user-agent' => 'Mozilla/5.0 (Windows NT 10.0; Win64; x64) AppleWebKit/537.36 (KHTML, like Gecko) Chrome/81.0.4044.138 Safari/537.36',
  'accept' => '*/*',
  'connection' => 'close',
  'host' => 'dolphin.com',
)
[ info ] [ PARAM ] array (
)
[ info ] [ DB ] INIT mysql
[ sql ] [ DB ] CONNECT:[ UseTime:0.011739s ] mysql:host=127.0.0.1;port=3306;dbname=dolphin;charset=utf8
[ sql ] [ SQL ] SHOW COLUMNS FROM `dp_admin_config` [ RunTime:0.025590s ]
[ sql ] [ SQL ] SELECT `name`,`value`,`type` FROM `dp_admin_config` [ RunTime:0.000675s ]
[ sql ] [ SQL ] SHOW COLUMNS FROM `dp_admin_module` [ RunTime:0.017729s ]
[ sql ] [ SQL ] SELECT `name`,`config` FROM `dp_admin_module` WHERE  `config` <> '' [ RunTime:0.000631s ]
[ sql ] [ SQL ] SHOW COLUMNS FROM `dp_admin_hook` [ RunTime:0.020376s ]
[ sql ] [ SQL ] SELECT `name`,`status` FROM `dp_admin_hook` WHERE  `status` = 1 [ RunTime:0.000598s ]
[ sql ] [ SQL ] SHOW COLUMNS FROM `dp_admin_plugin` [ RunTime:0.024582s ]
[ sql ] [ SQL ] SELECT `name`,`status` FROM `dp_admin_plugin` WHERE  `status` = 1 [ RunTime:0.000689s ]
[ sql ] [ SQL ] SHOW COLUMNS FROM `dp_admin_hook_plugin` [ RunTime:0.019898s ]
[ sql ] [ SQL ] SELECT * FROM `dp_admin_hook_plugin` WHERE  `status` = 1 ORDER BY `hook`,`sort` [ RunTime:0.000637s ]
[ sql ] [ SQL ] SHOW COLUMNS FROM `dp_admin_role` [ RunTime:0.023666s ]
[ sql ] [ SQL ] SELECT `menu_auth` FROM `dp_admin_role` WHERE  `id` = 1 LIMIT 1 [ RunTime:0.000905s ]
[ sql ] [ SQL ] SHOW COLUMNS FROM `dp_admin_menu` [ RunTime:0.022930s ]
[ sql ] [ SQL ] SELECT `id`,`url_value` FROM `dp_admin_menu` WHERE  `id` = in [ RunTime:0.000588s ]
[ sql ] [ DB ] CONNECT:[ UseTime:0.002139s ] mysql:host=127.0.0.1;port=3306;dbname=dolphin;charset=utf8
[ sql ] [ SQL ] select version() as version [ RunTime:0.000570s ]
---------------------------------------------------------------

[2020-05-16T10:11:40+08:00] 127.0.0.1 GET dolphin.com/admin.php/admin/stores/index.html
[运行时间：2.066792s] [吞吐率：0.48req/s] [内存消耗：4,007.46kb] [文件加载：117]
[ info ] [ LANG ] F:\Project\DolphinPHPV1.4.5\thinkphp\lang\zh-cn.php
[ info ] [ DB ] INIT mysql
[ info ] [ ROUTE ] array (
)
[ info ] [ HEADER ] array (
  'cookie' => 'thinkphp_show_page_trace=0|0; PHPSESSID=qk74qi2pv5qitct2ol5caido9j; __mfwft=1589418621; Hm_lvt_7df9947f924dba11b94fe85fad935d1d=1589418622; thinkphp_show_page_trace=0|0; __mfwvn=3; __mfwlv=1589513514; __mfwlt=1589513552; dolphin___forward__=%2Fadmin.php%2Fuser%2Findex%2Findex.html; Hm_lpvt_7df9947f924dba11b94fe85fad935d1d=1589595080',
  'accept-language' => 'zh-CN,zh;q=0.9',
  'accept-encoding' => 'gzip, deflate',
  'referer' => 'http://dolphin.com/admin.php/admin',
  'accept' => 'text/html,application/xhtml+xml,application/xml;q=0.9,image/webp,image/apng,*/*;q=0.8,application/signed-exchange;v=b3;q=0.9',
  'user-agent' => 'Mozilla/5.0 (Windows NT 10.0; Win64; x64) AppleWebKit/537.36 (KHTML, like Gecko) Chrome/81.0.4044.138 Safari/537.36',
  'upgrade-insecure-requests' => '1',
  'connection' => 'close',
  'host' => 'dolphin.com',
)
[ info ] [ PARAM ] array (
)
[ info ] [ VIEW ] F:\Project\DolphinPHPV1.4.5\application\common/builder/table/layout.html [ array (
  0 => '_admin_base_layout',
  1 => 'system_color',
  2 => '_pop',
  3 => '_top_menus',
  4 => '_top_menus_all',
  5 => '_sidebar_menus',
  6 => '_location',
  7 => '_message',
  8 => '_icons',
  9 => 'aside',
  10 => 'page_title',
  11 => 'page_tips',
  12 => 'tips_type',
  13 => 'tab_nav',
  14 => 'hide_checkbox',
  15 => 'extra_html',
  16 => 'extra_js',
  17 => 'extra_css',
  18 => 'order_columns',
  19 => 'filter_columns',
  20 => 'filter_map',
  21 => '_field_display',
  22 => '_filter_content',
  23 => '_filter',
  24 => 'top_buttons',
  25 => 'right_buttons',
  26 => 'search',
  27 => 'search_button',
  28 => 'columns',
  29 => 'pages',
  30 => 'row_list',
  31 => '_page_info',
  32 => 'primary_key',
  33 => '_table',
  34 => 'js_list',
  35 => 'css_list',
  36 => 'validate',
  37 => '_js_files',
  38 => '_css_files',
  39 => '_select_list',
  40 => '_filter_time',
  41 => 'empty_tips',
  42 => '_search_area',
  43 => '_search_area_url',
  44 => '_search_area_op',
  45 => 'builder_height',
  46 => 'fixed_right_column',
  47 => 'fixed_left_column',
  48 => 'column_width',
  49 => 'column_hide',
) ]
[ sql ] [ DB ] CONNECT:[ UseTime:0.012324s ] mysql:host=127.0.0.1;port=3306;dbname=dolphin;charset=utf8
[ sql ] [ SQL ] SHOW COLUMNS FROM `dp_admin_config` [ RunTime:0.031950s ]
[ sql ] [ SQL ] SELECT `name`,`value`,`type` FROM `dp_admin_config` [ RunTime:0.000669s ]
[ sql ] [ SQL ] SHOW COLUMNS FROM `dp_admin_module` [ RunTime:0.023568s ]
[ sql ] [ SQL ] SELECT `name`,`config` FROM `dp_admin_module` WHERE  `config` <> '' [ RunTime:0.000552s ]
[ sql ] [ SQL ] SHOW COLUMNS FROM `dp_admin_hook` [ RunTime:0.018930s ]
[ sql ] [ SQL ] SELECT `name`,`status` FROM `dp_admin_hook` WHERE  `status` = 1 [ RunTime:0.000627s ]
[ sql ] [ SQL ] SHOW COLUMNS FROM `dp_admin_plugin` [ RunTime:0.020492s ]
[ sql ] [ SQL ] SELECT `name`,`status` FROM `dp_admin_plugin` WHERE  `status` = 1 [ RunTime:0.000843s ]
[ sql ] [ SQL ] SHOW COLUMNS FROM `dp_admin_hook_plugin` [ RunTime:0.020480s ]
[ sql ] [ SQL ] SELECT * FROM `dp_admin_hook_plugin` WHERE  `status` = 1 ORDER BY `hook`,`sort` [ RunTime:0.000649s ]
[ sql ] [ SQL ] SHOW COLUMNS FROM `dp_admin_role` [ RunTime:0.019997s ]
[ sql ] [ SQL ] SELECT `menu_auth` FROM `dp_admin_role` WHERE  `id` = 1 LIMIT 1 [ RunTime:0.000583s ]
[ sql ] [ SQL ] SHOW COLUMNS FROM `dp_admin_menu` [ RunTime:0.020004s ]
[ sql ] [ SQL ] SELECT `id`,`url_value` FROM `dp_admin_menu` WHERE  `id` = in [ RunTime:0.000562s ]
[ sql ] [ SQL ] SELECT `id`,`pid`,`module`,`title`,`url_value`,`url_type`,`url_target`,`icon`,`params` FROM `dp_admin_menu` WHERE  `status` = 1  AND `pid` = 0 ORDER BY `sort`,`id` [ RunTime:0.000760s ]
[ sql ] [ SQL ] SELECT `id`,`pid`,`module`,`title`,`url_value`,`url_type`,`url_target`,`icon`,`params` FROM `dp_admin_menu` WHERE  `status` = 1  AND `pid` = 0 ORDER BY `sort`,`id` [ RunTime:0.001268s ]
[ sql ] [ SQL ] SELECT `id` FROM `dp_admin_menu` WHERE  `pid` <> 0  AND `url_value` = 'admin/stores/index' LIMIT 1 [ RunTime:0.001141s ]
[ sql ] [ SQL ] SELECT `id`,`pid`,`title`,`url_value`,`params` FROM `dp_admin_menu` [ RunTime:0.000834s ]
[ sql ] [ SQL ] SELECT `id`,`pid`,`module`,`title`,`url_value`,`url_type`,`url_target`,`icon`,`params` FROM `dp_admin_menu` WHERE  `status` = 1 ORDER BY `sort`,`id` [ RunTime:0.005085s ]
[ sql ] [ SQL ] SELECT `id` FROM `dp_admin_menu` WHERE  `pid` <> 0  AND `url_value` = 'admin/stores/index' LIMIT 1 [ RunTime:0.000867s ]
[ sql ] [ SQL ] SELECT `id`,`pid`,`title`,`url_value`,`params` FROM `dp_admin_menu` [ RunTime:0.000866s ]
[ sql ] [ SQL ] SHOW COLUMNS FROM `dp_admin_message` [ RunTime:0.020281s ]
[ sql ] [ SQL ] SELECT COUNT(*) AS tp_count FROM `dp_admin_message` WHERE  `status` = 0  AND `uid_receive` = 1 [ RunTime:0.000628s ]
[ sql ] [ SQL ] SHOW COLUMNS FROM `dp_admin_icon` [ RunTime:0.018551s ]
[ sql ] [ SQL ] SELECT * FROM `dp_admin_icon` WHERE  `status` = 1 [ RunTime:0.000578s ]
[ sql ] [ SQL ] SELECT `value` FROM `dp_admin_config` WHERE  `id` = 1 LIMIT 1 [ RunTime:0.000526s ]
[ sql ] [ SQL ] SHOW COLUMNS FROM `dp_home_stores` [ RunTime:0.051286s ]
[ sql ] [ SQL ] SELECT COUNT(*) AS tp_count FROM `dp_home_stores` [ RunTime:0.000454s ]
[ sql ] [ SQL ] SELECT * FROM `dp_home_stores` ORDER BY `sort` LIMIT 0,20 [ RunTime:0.000956s ]
[ sql ] [ SQL ] SHOW COLUMNS FROM `dp_admin_attachment` [ RunTime:0.020304s ]
[ sql ] [ SQL ] SELECT `path` FROM `dp_admin_attachment` WHERE  `id` = 96 LIMIT 1 [ RunTime:0.000637s ]
[ sql ] [ SQL ] SELECT `path` FROM `dp_admin_attachment` WHERE  `id` = 97 LIMIT 1 [ RunTime:0.000550s ]
[ sql ] [ SQL ] SELECT `path` FROM `dp_admin_attachment` WHERE  `id` = 98 LIMIT 1 [ RunTime:0.000752s ]
[ sql ] [ SQL ] SELECT `path` FROM `dp_admin_attachment` WHERE  `id` = 99 LIMIT 1 [ RunTime:0.000815s ]
[ sql ] [ SQL ] SELECT `path` FROM `dp_admin_attachment` WHERE  `id` = 100 LIMIT 1 [ RunTime:0.000998s ]
[ sql ] [ SQL ] SELECT `path` FROM `dp_admin_attachment` WHERE  `id` = 101 LIMIT 1 [ RunTime:0.000731s ]
[ sql ] [ SQL ] SELECT `path` FROM `dp_admin_attachment` WHERE  `id` = 102 LIMIT 1 [ RunTime:0.000866s ]
[ sql ] [ SQL ] SELECT `path` FROM `dp_admin_attachment` WHERE  `id` = 103 LIMIT 1 [ RunTime:0.000682s ]
[ sql ] [ SQL ] SELECT `path` FROM `dp_admin_attachment` WHERE  `id` = 104 LIMIT 1 [ RunTime:0.000720s ]
[ sql ] [ SQL ] SELECT `path` FROM `dp_admin_attachment` WHERE  `id` = 105 LIMIT 1 [ RunTime:0.000559s ]
[ sql ] [ SQL ] SELECT `path` FROM `dp_admin_attachment` WHERE  `id` = 106 LIMIT 1 [ RunTime:0.000526s ]
[ sql ] [ SQL ] SELECT `path` FROM `dp_admin_attachment` WHERE  `id` = 107 LIMIT 1 [ RunTime:0.000481s ]
[ sql ] [ SQL ] SELECT `path` FROM `dp_admin_attachment` WHERE  `id` = 108 LIMIT 1 [ RunTime:0.000493s ]
[ sql ] [ SQL ] SELECT `path` FROM `dp_admin_attachment` WHERE  `id` = 109 LIMIT 1 [ RunTime:0.000531s ]
[ sql ] [ SQL ] SELECT `path` FROM `dp_admin_attachment` WHERE  `id` = 110 LIMIT 1 [ RunTime:0.000508s ]
[ sql ] [ SQL ] SELECT * FROM `dp_admin_menu` WHERE  `url_value` = 'admin/stores/add' LIMIT 1 [ RunTime:0.000755s ]
[ sql ] [ SQL ] SELECT * FROM `dp_admin_menu` WHERE  `url_value` = 'admin/stores/enable' LIMIT 1 [ RunTime:0.000671s ]
[ sql ] [ SQL ] SELECT * FROM `dp_admin_menu` WHERE  `url_value` = 'admin/stores/disable' LIMIT 1 [ RunTime:0.000691s ]
[ sql ] [ SQL ] SELECT * FROM `dp_admin_menu` WHERE  `url_value` = 'admin/stores/delete' LIMIT 1 [ RunTime:0.000849s ]
[ sql ] [ SQL ] SELECT * FROM `dp_admin_menu` WHERE  `url_value` = 'admin/stores/edit' LIMIT 1 [ RunTime:0.000748s ]
[ sql ] [ SQL ] SELECT * FROM `dp_admin_menu` WHERE  `url_value` = 'admin/stores/delete' LIMIT 1 [ RunTime:0.003140s ]
[ sql ] [ SQL ] SELECT `id` FROM `dp_admin_menu` WHERE  `pid` <> 0  AND `url_value` = 'admin/stores/index' LIMIT 1 [ RunTime:0.001148s ]
[ sql ] [ SQL ] SELECT `id`,`pid`,`title`,`url_value`,`params` FROM `dp_admin_menu` [ RunTime:0.001589s ]
[ sql ] [ SQL ] SHOW COLUMNS FROM `dp_admin_user` [ RunTime:0.033525s ]
[ sql ] [ SQL ] SELECT `avatar` FROM `dp_admin_user` WHERE  `id` = 1 LIMIT 1 [ RunTime:0.000447s ]
[ sql ] [ SQL ] SELECT * FROM `dp_admin_attachment` WHERE  `id` = 1 LIMIT 1 [ RunTime:0.000468s ]
[ sql ] [ SQL ] SELECT `avatar` FROM `dp_admin_user` WHERE  `id` = 1 LIMIT 1 [ RunTime:0.000460s ]
[ sql ] [ SQL ] SELECT * FROM `dp_admin_attachment` WHERE  `id` = 1 LIMIT 1 [ RunTime:0.000411s ]
---------------------------------------------------------------

[2020-05-16T16:11:52+08:00] 127.0.0.1 GET dolphin.com/admin.php/admin/stores/index.html
[运行时间：4.895557s] [吞吐率：0.20req/s] [内存消耗：4,007.57kb] [文件加载：117]
[ info ] [ LANG ] F:\Project\DolphinPHPV1.4.5\thinkphp\lang\zh-cn.php
[ info ] [ DB ] INIT mysql
[ info ] [ ROUTE ] array (
)
[ info ] [ HEADER ] array (
  'cookie' => 'thinkphp_show_page_trace=0|0; thinkphp_show_page_trace=0|0; PHPSESSID=qk74qi2pv5qitct2ol5caido9j; __mfwft=1589418621; Hm_lvt_7df9947f924dba11b94fe85fad935d1d=1589418622; thinkphp_show_page_trace=0|0; __mfwvn=3; __mfwlv=1589513514; __mfwlt=1589513552; dolphin___forward__=%2Fadmin.php%2Fuser%2Findex%2Findex.html; Hm_lpvt_7df9947f924dba11b94fe85fad935d1d=1589595080',
  'accept-language' => 'zh-CN,zh;q=0.9',
  'accept-encoding' => 'gzip, deflate',
  'referer' => 'http://dolphin.com/admin.php/admin',
  'accept' => 'text/html,application/xhtml+xml,application/xml;q=0.9,image/webp,image/apng,*/*;q=0.8,application/signed-exchange;v=b3;q=0.9',
  'user-agent' => 'Mozilla/5.0 (Windows NT 10.0; Win64; x64) AppleWebKit/537.36 (KHTML, like Gecko) Chrome/81.0.4044.138 Safari/537.36',
  'upgrade-insecure-requests' => '1',
  'connection' => 'close',
  'host' => 'dolphin.com',
)
[ info ] [ PARAM ] array (
)
[ info ] [ VIEW ] F:\Project\DolphinPHPV1.4.5\application\common/builder/table/layout.html [ array (
  0 => '_admin_base_layout',
  1 => 'system_color',
  2 => '_pop',
  3 => '_top_menus',
  4 => '_top_menus_all',
  5 => '_sidebar_menus',
  6 => '_location',
  7 => '_message',
  8 => '_icons',
  9 => 'aside',
  10 => 'page_title',
  11 => 'page_tips',
  12 => 'tips_type',
  13 => 'tab_nav',
  14 => 'hide_checkbox',
  15 => 'extra_html',
  16 => 'extra_js',
  17 => 'extra_css',
  18 => 'order_columns',
  19 => 'filter_columns',
  20 => 'filter_map',
  21 => '_field_display',
  22 => '_filter_content',
  23 => '_filter',
  24 => 'top_buttons',
  25 => 'right_buttons',
  26 => 'search',
  27 => 'search_button',
  28 => 'columns',
  29 => 'pages',
  30 => 'row_list',
  31 => '_page_info',
  32 => 'primary_key',
  33 => '_table',
  34 => 'js_list',
  35 => 'css_list',
  36 => 'validate',
  37 => '_js_files',
  38 => '_css_files',
  39 => '_select_list',
  40 => '_filter_time',
  41 => 'empty_tips',
  42 => '_search_area',
  43 => '_search_area_url',
  44 => '_search_area_op',
  45 => 'builder_height',
  46 => 'fixed_right_column',
  47 => 'fixed_left_column',
  48 => 'column_width',
  49 => 'column_hide',
) ]
[ sql ] [ DB ] CONNECT:[ UseTime:0.020296s ] mysql:host=127.0.0.1;port=3306;dbname=dolphin;charset=utf8
[ sql ] [ SQL ] SHOW COLUMNS FROM `dp_admin_config` [ RunTime:0.062448s ]
[ sql ] [ SQL ] SELECT `name`,`value`,`type` FROM `dp_admin_config` [ RunTime:0.001434s ]
[ sql ] [ SQL ] SHOW COLUMNS FROM `dp_admin_module` [ RunTime:0.046497s ]
[ sql ] [ SQL ] SELECT `name`,`config` FROM `dp_admin_module` WHERE  `config` <> '' [ RunTime:0.001870s ]
[ sql ] [ SQL ] SHOW COLUMNS FROM `dp_admin_hook` [ RunTime:0.056663s ]
[ sql ] [ SQL ] SELECT `name`,`status` FROM `dp_admin_hook` WHERE  `status` = 1 [ RunTime:0.000762s ]
[ sql ] [ SQL ] SHOW COLUMNS FROM `dp_admin_plugin` [ RunTime:0.058254s ]
[ sql ] [ SQL ] SELECT `name`,`status` FROM `dp_admin_plugin` WHERE  `status` = 1 [ RunTime:0.000920s ]
[ sql ] [ SQL ] SHOW COLUMNS FROM `dp_admin_hook_plugin` [ RunTime:0.043993s ]
[ sql ] [ SQL ] SELECT * FROM `dp_admin_hook_plugin` WHERE  `status` = 1 ORDER BY `hook`,`sort` [ RunTime:0.001963s ]
[ sql ] [ SQL ] SHOW COLUMNS FROM `dp_admin_role` [ RunTime:0.047182s ]
[ sql ] [ SQL ] SELECT `menu_auth` FROM `dp_admin_role` WHERE  `id` = 1 LIMIT 1 [ RunTime:0.003206s ]
[ sql ] [ SQL ] SHOW COLUMNS FROM `dp_admin_menu` [ RunTime:0.042851s ]
[ sql ] [ SQL ] SELECT `id`,`url_value` FROM `dp_admin_menu` WHERE  `id` = in [ RunTime:0.001296s ]
[ sql ] [ SQL ] SELECT `id`,`pid`,`module`,`title`,`url_value`,`url_type`,`url_target`,`icon`,`params` FROM `dp_admin_menu` WHERE  `status` = 1  AND `pid` = 0 ORDER BY `sort`,`id` [ RunTime:0.000984s ]
[ sql ] [ SQL ] SELECT `id`,`pid`,`module`,`title`,`url_value`,`url_type`,`url_target`,`icon`,`params` FROM `dp_admin_menu` WHERE  `status` = 1  AND `pid` = 0 ORDER BY `sort`,`id` [ RunTime:0.000842s ]
[ sql ] [ SQL ] SELECT `id` FROM `dp_admin_menu` WHERE  `pid` <> 0  AND `url_value` = 'admin/stores/index' LIMIT 1 [ RunTime:0.000664s ]
[ sql ] [ SQL ] SELECT `id`,`pid`,`title`,`url_value`,`params` FROM `dp_admin_menu` [ RunTime:0.001013s ]
[ sql ] [ SQL ] SELECT `id`,`pid`,`module`,`title`,`url_value`,`url_type`,`url_target`,`icon`,`params` FROM `dp_admin_menu` WHERE  `status` = 1 ORDER BY `sort`,`id` [ RunTime:0.004505s ]
[ sql ] [ SQL ] SELECT `id` FROM `dp_admin_menu` WHERE  `pid` <> 0  AND `url_value` = 'admin/stores/index' LIMIT 1 [ RunTime:0.000790s ]
[ sql ] [ SQL ] SELECT `id`,`pid`,`title`,`url_value`,`params` FROM `dp_admin_menu` [ RunTime:0.000873s ]
[ sql ] [ SQL ] SHOW COLUMNS FROM `dp_admin_message` [ RunTime:0.050253s ]
[ sql ] [ SQL ] SELECT COUNT(*) AS tp_count FROM `dp_admin_message` WHERE  `status` = 0  AND `uid_receive` = 1 [ RunTime:0.002869s ]
[ sql ] [ SQL ] SHOW COLUMNS FROM `dp_admin_icon` [ RunTime:0.041104s ]
[ sql ] [ SQL ] SELECT * FROM `dp_admin_icon` WHERE  `status` = 1 [ RunTime:0.000628s ]
[ sql ] [ SQL ] SELECT `value` FROM `dp_admin_config` WHERE  `id` = 1 LIMIT 1 [ RunTime:0.000726s ]
[ sql ] [ SQL ] SHOW COLUMNS FROM `dp_home_stores` [ RunTime:0.045865s ]
[ sql ] [ SQL ] SELECT COUNT(*) AS tp_count FROM `dp_home_stores` [ RunTime:0.000607s ]
[ sql ] [ SQL ] SELECT * FROM `dp_home_stores` ORDER BY `sort` LIMIT 0,20 [ RunTime:0.000875s ]
[ sql ] [ SQL ] SHOW COLUMNS FROM `dp_admin_attachment` [ RunTime:0.045643s ]
[ sql ] [ SQL ] SELECT `path` FROM `dp_admin_attachment` WHERE  `id` = 96 LIMIT 1 [ RunTime:0.001281s ]
[ sql ] [ SQL ] SELECT `path` FROM `dp_admin_attachment` WHERE  `id` = 97 LIMIT 1 [ RunTime:0.000631s ]
[ sql ] [ SQL ] SELECT `path` FROM `dp_admin_attachment` WHERE  `id` = 98 LIMIT 1 [ RunTime:0.000529s ]
[ sql ] [ SQL ] SELECT `path` FROM `dp_admin_attachment` WHERE  `id` = 99 LIMIT 1 [ RunTime:0.000528s ]
[ sql ] [ SQL ] SELECT `path` FROM `dp_admin_attachment` WHERE  `id` = 100 LIMIT 1 [ RunTime:0.000671s ]
[ sql ] [ SQL ] SELECT `path` FROM `dp_admin_attachment` WHERE  `id` = 101 LIMIT 1 [ RunTime:0.000539s ]
[ sql ] [ SQL ] SELECT `path` FROM `dp_admin_attachment` WHERE  `id` = 102 LIMIT 1 [ RunTime:0.000524s ]
[ sql ] [ SQL ] SELECT `path` FROM `dp_admin_attachment` WHERE  `id` = 103 LIMIT 1 [ RunTime:0.000530s ]
[ sql ] [ SQL ] SELECT `path` FROM `dp_admin_attachment` WHERE  `id` = 104 LIMIT 1 [ RunTime:0.000514s ]
[ sql ] [ SQL ] SELECT `path` FROM `dp_admin_attachment` WHERE  `id` = 105 LIMIT 1 [ RunTime:0.000517s ]
[ sql ] [ SQL ] SELECT `path` FROM `dp_admin_attachment` WHERE  `id` = 106 LIMIT 1 [ RunTime:0.000523s ]
[ sql ] [ SQL ] SELECT `path` FROM `dp_admin_attachment` WHERE  `id` = 107 LIMIT 1 [ RunTime:0.000535s ]
[ sql ] [ SQL ] SELECT `path` FROM `dp_admin_attachment` WHERE  `id` = 108 LIMIT 1 [ RunTime:0.000827s ]
[ sql ] [ SQL ] SELECT `path` FROM `dp_admin_attachment` WHERE  `id` = 109 LIMIT 1 [ RunTime:0.000436s ]
[ sql ] [ SQL ] SELECT `path` FROM `dp_admin_attachment` WHERE  `id` = 110 LIMIT 1 [ RunTime:0.000411s ]
[ sql ] [ SQL ] SELECT * FROM `dp_admin_menu` WHERE  `url_value` = 'admin/stores/add' LIMIT 1 [ RunTime:0.000762s ]
[ sql ] [ SQL ] SELECT * FROM `dp_admin_menu` WHERE  `url_value` = 'admin/stores/enable' LIMIT 1 [ RunTime:0.000684s ]
[ sql ] [ SQL ] SELECT * FROM `dp_admin_menu` WHERE  `url_value` = 'admin/stores/disable' LIMIT 1 [ RunTime:0.000743s ]
[ sql ] [ SQL ] SELECT * FROM `dp_admin_menu` WHERE  `url_value` = 'admin/stores/delete' LIMIT 1 [ RunTime:0.000562s ]
[ sql ] [ SQL ] SELECT * FROM `dp_admin_menu` WHERE  `url_value` = 'admin/stores/edit' LIMIT 1 [ RunTime:0.000867s ]
[ sql ] [ SQL ] SELECT * FROM `dp_admin_menu` WHERE  `url_value` = 'admin/stores/delete' LIMIT 1 [ RunTime:0.000747s ]
[ sql ] [ SQL ] SELECT `id` FROM `dp_admin_menu` WHERE  `pid` <> 0  AND `url_value` = 'admin/stores/index' LIMIT 1 [ RunTime:0.000670s ]
[ sql ] [ SQL ] SELECT `id`,`pid`,`title`,`url_value`,`params` FROM `dp_admin_menu` [ RunTime:0.000928s ]
[ sql ] [ SQL ] SHOW COLUMNS FROM `dp_admin_user` [ RunTime:0.059174s ]
[ sql ] [ SQL ] SELECT `avatar` FROM `dp_admin_user` WHERE  `id` = 1 LIMIT 1 [ RunTime:0.000814s ]
[ sql ] [ SQL ] SELECT * FROM `dp_admin_attachment` WHERE  `id` = 1 LIMIT 1 [ RunTime:0.000635s ]
[ sql ] [ SQL ] SELECT `avatar` FROM `dp_admin_user` WHERE  `id` = 1 LIMIT 1 [ RunTime:0.000593s ]
[ sql ] [ SQL ] SELECT * FROM `dp_admin_attachment` WHERE  `id` = 1 LIMIT 1 [ RunTime:0.000571s ]
