---------------------------------------------------------------

[2020-05-20T17:00:45+08:00] 127.0.0.1 GET dolphin.com/admin
[运行时间：1.622432s] [吞吐率：0.62req/s] [内存消耗：1,596.79kb] [文件加载：71]
[ info ] [ LANG ] F:\Project\DolphinPHPV1.4.5\thinkphp\lang\zh-cn.php
---------------------------------------------------------------

[2020-05-20T17:00:47+08:00] 127.0.0.1 GET dolphin.com/admin.php/admin
[运行时间：1.180488s] [吞吐率：0.85req/s] [内存消耗：3,062.89kb] [文件加载：104]
[ info ] [ LANG ] F:\Project\DolphinPHPV1.4.5\thinkphp\lang\zh-cn.php
[ info ] [ DB ] INIT mysql
[ info ] [ ROUTE ] array (
)
[ info ] [ HEADER ] array (
  'accept-language' => 'zh-CN,zh;q=0.9',
  'accept-encoding' => 'gzip, deflate',
  'accept' => 'text/html,application/xhtml+xml,application/xml;q=0.9,image/webp,image/apng,*/*;q=0.8,application/signed-exchange;v=b3;q=0.9',
  'user-agent' => 'Mozilla/5.0 (Windows NT 10.0; Win64; x64) AppleWebKit/537.36 (KHTML, like Gecko) Chrome/81.0.4044.138 Safari/537.36',
  'upgrade-insecure-requests' => '1',
  'connection' => 'close',
  'host' => 'dolphin.com',
)
[ info ] [ PARAM ] array (
)
[ sql ] [ DB ] CONNECT:[ UseTime:0.037293s ] mysql:host=127.0.0.1;port=3306;dbname=dolphin;charset=utf8
[ sql ] [ SQL ] SHOW COLUMNS FROM `dp_admin_config` [ RunTime:0.080415s ]
[ sql ] [ SQL ] SELECT `name`,`value`,`type` FROM `dp_admin_config` [ RunTime:0.001534s ]
[ sql ] [ SQL ] SHOW COLUMNS FROM `dp_admin_module` [ RunTime:0.044681s ]
[ sql ] [ SQL ] SELECT `name`,`config` FROM `dp_admin_module` WHERE  `config` <> '' [ RunTime:0.001751s ]
[ sql ] [ SQL ] SHOW COLUMNS FROM `dp_admin_hook` [ RunTime:0.050769s ]
[ sql ] [ SQL ] SELECT `name`,`status` FROM `dp_admin_hook` WHERE  `status` = 1 [ RunTime:0.000667s ]
[ sql ] [ SQL ] SHOW COLUMNS FROM `dp_admin_plugin` [ RunTime:0.048539s ]
[ sql ] [ SQL ] SELECT `name`,`status` FROM `dp_admin_plugin` WHERE  `status` = 1 [ RunTime:0.000553s ]
[ sql ] [ SQL ] SHOW COLUMNS FROM `dp_admin_hook_plugin` [ RunTime:0.048732s ]
[ sql ] [ SQL ] SELECT * FROM `dp_admin_hook_plugin` WHERE  `status` = 1 ORDER BY `hook`,`sort` [ RunTime:0.000584s ]
---------------------------------------------------------------

[2020-05-20T17:00:47+08:00] 127.0.0.1 GET dolphin.com/admin.php/user/publics/signin.html
[运行时间：0.373521s] [吞吐率：2.68req/s] [内存消耗：3,041.74kb] [文件加载：105]
[ info ] [ LANG ] F:\Project\DolphinPHPV1.4.5\thinkphp\lang\zh-cn.php
[ info ] [ DB ] INIT mysql
[ info ] [ ROUTE ] array (
)
[ info ] [ HEADER ] array (
  'cookie' => 'PHPSESSID=lg5j6ck672dclo6uuhbcn4cfab',
  'accept-language' => 'zh-CN,zh;q=0.9',
  'accept-encoding' => 'gzip, deflate',
  'accept' => 'text/html,application/xhtml+xml,application/xml;q=0.9,image/webp,image/apng,*/*;q=0.8,application/signed-exchange;v=b3;q=0.9',
  'user-agent' => 'Mozilla/5.0 (Windows NT 10.0; Win64; x64) AppleWebKit/537.36 (KHTML, like Gecko) Chrome/81.0.4044.138 Safari/537.36',
  'upgrade-insecure-requests' => '1',
  'connection' => 'close',
  'host' => 'dolphin.com',
)
[ info ] [ PARAM ] array (
)
[ info ] [ VIEW ] F:\Project\DolphinPHPV1.4.5\application\user/view/admin/publics\signin.html [ array (
  0 => '_admin_base_layout',
  1 => 'system_color',
  2 => '_pop',
) ]
[ sql ] [ DB ] CONNECT:[ UseTime:0.010741s ] mysql:host=127.0.0.1;port=3306;dbname=dolphin;charset=utf8
[ sql ] [ SQL ] SHOW COLUMNS FROM `dp_admin_config` [ RunTime:0.033587s ]
[ sql ] [ SQL ] SELECT `name`,`value`,`type` FROM `dp_admin_config` [ RunTime:0.000532s ]
[ sql ] [ SQL ] SHOW COLUMNS FROM `dp_admin_module` [ RunTime:0.021911s ]
[ sql ] [ SQL ] SELECT `name`,`config` FROM `dp_admin_module` WHERE  `config` <> '' [ RunTime:0.000791s ]
[ sql ] [ SQL ] SHOW COLUMNS FROM `dp_admin_hook` [ RunTime:0.022576s ]
[ sql ] [ SQL ] SELECT `name`,`status` FROM `dp_admin_hook` WHERE  `status` = 1 [ RunTime:0.000723s ]
[ sql ] [ SQL ] SHOW COLUMNS FROM `dp_admin_plugin` [ RunTime:0.022331s ]
[ sql ] [ SQL ] SELECT `name`,`status` FROM `dp_admin_plugin` WHERE  `status` = 1 [ RunTime:0.000858s ]
[ sql ] [ SQL ] SHOW COLUMNS FROM `dp_admin_hook_plugin` [ RunTime:0.022869s ]
[ sql ] [ SQL ] SELECT * FROM `dp_admin_hook_plugin` WHERE  `status` = 1 ORDER BY `hook`,`sort` [ RunTime:0.000661s ]
---------------------------------------------------------------

[2020-05-20T17:00:58+08:00] 127.0.0.1 POST dolphin.com/admin.php/user/publics/signin.html
[运行时间：0.602593s] [吞吐率：1.66req/s] [内存消耗：3,138.80kb] [文件加载：109]
[ info ] [ LANG ] F:\Project\DolphinPHPV1.4.5\thinkphp\lang\zh-cn.php
[ info ] [ DB ] INIT mysql
[ info ] [ ROUTE ] array (
)
[ info ] [ HEADER ] array (
  'cookie' => 'thinkphp_show_page_trace=0|0; PHPSESSID=lg5j6ck672dclo6uuhbcn4cfab',
  'accept-language' => 'zh-CN,zh;q=0.9',
  'accept-encoding' => 'gzip, deflate',
  'referer' => 'http://dolphin.com/admin.php/user/publics/signin.html',
  'origin' => 'http://dolphin.com',
  'content-type' => 'application/x-www-form-urlencoded; charset=UTF-8',
  'user-agent' => 'Mozilla/5.0 (Windows NT 10.0; Win64; x64) AppleWebKit/537.36 (KHTML, like Gecko) Chrome/81.0.4044.138 Safari/537.36',
  'x-requested-with' => 'XMLHttpRequest',
  'accept' => '*/*',
  'content-length' => '29',
  'connection' => 'close',
  'host' => 'dolphin.com',
)
[ info ] [ PARAM ] array (
  'username' => 'admin',
  'password' => 'admin',
)
[ sql ] [ DB ] CONNECT:[ UseTime:0.011012s ] mysql:host=127.0.0.1;port=3306;dbname=dolphin;charset=utf8
[ sql ] [ SQL ] SHOW COLUMNS FROM `dp_admin_config` [ RunTime:0.033695s ]
[ sql ] [ SQL ] SELECT `name`,`value`,`type` FROM `dp_admin_config` [ RunTime:0.000677s ]
[ sql ] [ SQL ] SHOW COLUMNS FROM `dp_admin_module` [ RunTime:0.028228s ]
[ sql ] [ SQL ] SELECT `name`,`config` FROM `dp_admin_module` WHERE  `config` <> '' [ RunTime:0.000503s ]
[ sql ] [ SQL ] SHOW COLUMNS FROM `dp_admin_hook` [ RunTime:0.022629s ]
[ sql ] [ SQL ] SELECT `name`,`status` FROM `dp_admin_hook` WHERE  `status` = 1 [ RunTime:0.000640s ]
[ sql ] [ SQL ] SHOW COLUMNS FROM `dp_admin_plugin` [ RunTime:0.020150s ]
[ sql ] [ SQL ] SELECT `name`,`status` FROM `dp_admin_plugin` WHERE  `status` = 1 [ RunTime:0.000620s ]
[ sql ] [ SQL ] SHOW COLUMNS FROM `dp_admin_hook_plugin` [ RunTime:0.020111s ]
[ sql ] [ SQL ] SELECT * FROM `dp_admin_hook_plugin` WHERE  `status` = 1 ORDER BY `hook`,`sort` [ RunTime:0.000550s ]
[ sql ] [ SQL ] SHOW COLUMNS FROM `dp_admin_user` [ RunTime:0.045451s ]
[ sql ] [ SQL ] SELECT * FROM `dp_admin_user` WHERE  `username` = 'admin'  AND `status` = 1 LIMIT 1 [ RunTime:0.001937s ]
[ sql ] [ SQL ] SHOW COLUMNS FROM `dp_admin_role` [ RunTime:0.052932s ]
[ sql ] [ SQL ] SELECT `access` FROM `dp_admin_role` WHERE  `id` = 1  AND `status` = 1 LIMIT 1 [ RunTime:0.002962s ]
[ sql ] [ SQL ] UPDATE `dp_admin_user`  SET `last_login_time` = 1589965257 , `update_time` = 1589965258  WHERE  `id` = 1 [ RunTime:0.022307s ]
[ sql ] [ SQL ] SELECT * FROM `dp_admin_user` WHERE  `id` = 1 LIMIT 1 [ RunTime:0.000634s ]
[ sql ] [ SQL ] SELECT `name` FROM `dp_admin_role` WHERE  `id` = 1 LIMIT 1 [ RunTime:0.000515s ]
[ sql ] [ SQL ] SHOW COLUMNS FROM `dp_admin_action` [ RunTime:0.051237s ]
[ sql ] [ SQL ] SELECT * FROM `dp_admin_action` WHERE  `module` = 'user'  AND `name` = 'user_signin' LIMIT 1 [ RunTime:0.001092s ]
---------------------------------------------------------------

[2020-05-20T17:01:01+08:00] 127.0.0.1 GET dolphin.com/admin.php/admin/index/index.html
[运行时间：2.082546s] [吞吐率：0.48req/s] [内存消耗：3,535.26kb] [文件加载：120]
[ info ] [ LANG ] F:\Project\DolphinPHPV1.4.5\thinkphp\lang\zh-cn.php
[ info ] [ DB ] INIT mysql
[ info ] [ ROUTE ] array (
)
[ info ] [ HEADER ] array (
  'cookie' => 'PHPSESSID=lg5j6ck672dclo6uuhbcn4cfab',
  'accept-language' => 'zh-CN,zh;q=0.9',
  'accept-encoding' => 'gzip, deflate',
  'referer' => 'http://dolphin.com/admin.php/user/publics/signin.html',
  'accept' => 'text/html,application/xhtml+xml,application/xml;q=0.9,image/webp,image/apng,*/*;q=0.8,application/signed-exchange;v=b3;q=0.9',
  'user-agent' => 'Mozilla/5.0 (Windows NT 10.0; Win64; x64) AppleWebKit/537.36 (KHTML, like Gecko) Chrome/81.0.4044.138 Safari/537.36',
  'upgrade-insecure-requests' => '1',
  'connection' => 'close',
  'host' => 'dolphin.com',
)
[ info ] [ PARAM ] array (
)
[ info ] [ VIEW ] F:\Project\DolphinPHPV1.4.5\application\admin\view\index\index.html [ array (
  0 => '_admin_base_layout',
  1 => 'system_color',
  2 => '_pop',
  3 => '_top_menus',
  4 => '_top_menus_all',
  5 => '_sidebar_menus',
  6 => '_location',
  7 => '_message',
  8 => '_icons',
  9 => 'aside',
  10 => 'default_pass',
) ]
[ info ] [ VIEW ] F:\Project\DolphinPHPV1.4.5\plugins/SystemInfo/view/widget.html [ array (
  0 => '_admin_base_layout',
  1 => 'system_color',
  2 => '_pop',
  3 => '_top_menus',
  4 => '_top_menus_all',
  5 => '_sidebar_menus',
  6 => '_location',
  7 => '_message',
  8 => '_icons',
  9 => 'aside',
  10 => 'default_pass',
  11 => 'display',
  12 => 'width',
) ]
[ info ] [ DB ] INIT mysql
[ info ] [ VIEW ] F:\Project\DolphinPHPV1.4.5\plugins/DevTeam/view/widget.html [ array (
  0 => '_admin_base_layout',
  1 => 'system_color',
  2 => '_pop',
  3 => '_top_menus',
  4 => '_top_menus_all',
  5 => '_sidebar_menus',
  6 => '_location',
  7 => '_message',
  8 => '_icons',
  9 => 'aside',
  10 => 'default_pass',
  11 => 'display',
  12 => 'width',
) ]
[ sql ] [ DB ] CONNECT:[ UseTime:0.012822s ] mysql:host=127.0.0.1;port=3306;dbname=dolphin;charset=utf8
[ sql ] [ SQL ] SHOW COLUMNS FROM `dp_admin_config` [ RunTime:0.031297s ]
[ sql ] [ SQL ] SELECT `name`,`value`,`type` FROM `dp_admin_config` [ RunTime:0.000640s ]
[ sql ] [ SQL ] SHOW COLUMNS FROM `dp_admin_module` [ RunTime:0.030403s ]
[ sql ] [ SQL ] SELECT `name`,`config` FROM `dp_admin_module` WHERE  `config` <> '' [ RunTime:0.000588s ]
[ sql ] [ SQL ] SHOW COLUMNS FROM `dp_admin_hook` [ RunTime:0.019549s ]
[ sql ] [ SQL ] SELECT `name`,`status` FROM `dp_admin_hook` WHERE  `status` = 1 [ RunTime:0.000592s ]
[ sql ] [ SQL ] SHOW COLUMNS FROM `dp_admin_plugin` [ RunTime:0.020301s ]
[ sql ] [ SQL ] SELECT `name`,`status` FROM `dp_admin_plugin` WHERE  `status` = 1 [ RunTime:0.000578s ]
[ sql ] [ SQL ] SHOW COLUMNS FROM `dp_admin_hook_plugin` [ RunTime:0.021923s ]
[ sql ] [ SQL ] SELECT * FROM `dp_admin_hook_plugin` WHERE  `status` = 1 ORDER BY `hook`,`sort` [ RunTime:0.000692s ]
[ sql ] [ SQL ] SHOW COLUMNS FROM `dp_admin_role` [ RunTime:0.023944s ]
[ sql ] [ SQL ] SELECT `menu_auth` FROM `dp_admin_role` WHERE  `id` = 1 LIMIT 1 [ RunTime:0.000716s ]
[ sql ] [ SQL ] SHOW COLUMNS FROM `dp_admin_menu` [ RunTime:0.048972s ]
[ sql ] [ SQL ] SELECT `id`,`url_value` FROM `dp_admin_menu` WHERE  `id` = in [ RunTime:0.000635s ]
[ sql ] [ SQL ] SELECT `id`,`pid`,`module`,`title`,`url_value`,`url_type`,`url_target`,`icon`,`params` FROM `dp_admin_menu` WHERE  `status` = 1  AND `pid` = 0 ORDER BY `sort`,`id` [ RunTime:0.000850s ]
[ sql ] [ SQL ] SELECT `id`,`pid`,`module`,`title`,`url_value`,`url_type`,`url_target`,`icon`,`params` FROM `dp_admin_menu` WHERE  `status` = 1  AND `pid` = 0 ORDER BY `sort`,`id` [ RunTime:0.001305s ]
[ sql ] [ SQL ] SELECT `id` FROM `dp_admin_menu` WHERE  `pid` <> 0  AND `url_value` = 'admin/index/index' LIMIT 1 [ RunTime:0.000630s ]
[ sql ] [ SQL ] SELECT `id`,`pid`,`title`,`url_value`,`params` FROM `dp_admin_menu` [ RunTime:0.000918s ]
[ sql ] [ SQL ] SELECT `id`,`pid`,`module`,`title`,`url_value`,`url_type`,`url_target`,`icon`,`params` FROM `dp_admin_menu` WHERE  `status` = 1 ORDER BY `sort`,`id` [ RunTime:0.005767s ]
[ sql ] [ SQL ] SELECT `id` FROM `dp_admin_menu` WHERE  `pid` <> 0  AND `url_value` = 'admin/index/index' LIMIT 1 [ RunTime:0.000765s ]
[ sql ] [ SQL ] SELECT `id`,`pid`,`title`,`url_value`,`params` FROM `dp_admin_menu` [ RunTime:0.000880s ]
[ sql ] [ SQL ] SHOW COLUMNS FROM `dp_admin_message` [ RunTime:0.046626s ]
[ sql ] [ SQL ] SELECT COUNT(*) AS tp_count FROM `dp_admin_message` WHERE  `status` = 0  AND `uid_receive` = 1 [ RunTime:0.001767s ]
[ sql ] [ SQL ] SHOW COLUMNS FROM `dp_admin_icon` [ RunTime:0.040557s ]
[ sql ] [ SQL ] SELECT * FROM `dp_admin_icon` WHERE  `status` = 1 [ RunTime:0.000855s ]
[ sql ] [ SQL ] SELECT `value` FROM `dp_admin_config` WHERE  `id` = 1 LIMIT 1 [ RunTime:0.000588s ]
[ sql ] [ SQL ] SHOW COLUMNS FROM `dp_admin_user` [ RunTime:0.024954s ]
[ sql ] [ SQL ] SELECT `password` FROM `dp_admin_user` WHERE  `id` = 1 LIMIT 1 [ RunTime:0.000617s ]
[ sql ] [ SQL ] SELECT `avatar` FROM `dp_admin_user` WHERE  `id` = 1 LIMIT 1 [ RunTime:0.000712s ]
[ sql ] [ SQL ] SHOW COLUMNS FROM `dp_admin_attachment` [ RunTime:0.054323s ]
[ sql ] [ SQL ] SELECT * FROM `dp_admin_attachment` WHERE  `id` = 1 LIMIT 1 [ RunTime:0.000709s ]
[ sql ] [ SQL ] SELECT `avatar` FROM `dp_admin_user` WHERE  `id` = 1 LIMIT 1 [ RunTime:0.000472s ]
[ sql ] [ SQL ] SELECT * FROM `dp_admin_attachment` WHERE  `id` = 1 LIMIT 1 [ RunTime:0.000611s ]
[ sql ] [ SQL ] SELECT `config` FROM `dp_admin_plugin` WHERE  `name` = 'SystemInfo' LIMIT 1 [ RunTime:0.000621s ]
[ sql ] [ DB ] CONNECT:[ UseTime:0.011492s ] mysql:host=127.0.0.1;port=3306;dbname=dolphin;charset=utf8
[ sql ] [ SQL ] select version() as version [ RunTime:0.006023s ]
[ sql ] [ SQL ] SELECT `config` FROM `dp_admin_plugin` WHERE  `name` = 'DevTeam' LIMIT 1 [ RunTime:0.000587s ]
---------------------------------------------------------------

[2020-05-20T17:01:02+08:00] 127.0.0.1 GET dolphin.com/admin.php/admin/index/checkupdate.html
[运行时间：0.371729s] [吞吐率：2.69req/s] [内存消耗：3,130.08kb] [文件加载：103]
[ info ] [ LANG ] F:\Project\DolphinPHPV1.4.5\thinkphp\lang\zh-cn.php
[ info ] [ DB ] INIT mysql
[ info ] [ ROUTE ] array (
)
[ info ] [ HEADER ] array (
  'cookie' => 'thinkphp_show_page_trace=0|0; PHPSESSID=lg5j6ck672dclo6uuhbcn4cfab',
  'accept-language' => 'zh-CN,zh;q=0.9',
  'accept-encoding' => 'gzip, deflate',
  'referer' => 'http://dolphin.com/admin.php/admin/index/index.html',
  'x-requested-with' => 'XMLHttpRequest',
  'user-agent' => 'Mozilla/5.0 (Windows NT 10.0; Win64; x64) AppleWebKit/537.36 (KHTML, like Gecko) Chrome/81.0.4044.138 Safari/537.36',
  'accept' => '*/*',
  'connection' => 'close',
  'host' => 'dolphin.com',
)
[ info ] [ PARAM ] array (
)
[ info ] [ DB ] INIT mysql
[ sql ] [ DB ] CONNECT:[ UseTime:0.012411s ] mysql:host=127.0.0.1;port=3306;dbname=dolphin;charset=utf8
[ sql ] [ SQL ] SHOW COLUMNS FROM `dp_admin_config` [ RunTime:0.038839s ]
[ sql ] [ SQL ] SELECT `name`,`value`,`type` FROM `dp_admin_config` [ RunTime:0.000581s ]
[ sql ] [ SQL ] SHOW COLUMNS FROM `dp_admin_module` [ RunTime:0.026096s ]
[ sql ] [ SQL ] SELECT `name`,`config` FROM `dp_admin_module` WHERE  `config` <> '' [ RunTime:0.000541s ]
[ sql ] [ SQL ] SHOW COLUMNS FROM `dp_admin_hook` [ RunTime:0.025275s ]
[ sql ] [ SQL ] SELECT `name`,`status` FROM `dp_admin_hook` WHERE  `status` = 1 [ RunTime:0.000845s ]
[ sql ] [ SQL ] SHOW COLUMNS FROM `dp_admin_plugin` [ RunTime:0.021589s ]
[ sql ] [ SQL ] SELECT `name`,`status` FROM `dp_admin_plugin` WHERE  `status` = 1 [ RunTime:0.000490s ]
[ sql ] [ SQL ] SHOW COLUMNS FROM `dp_admin_hook_plugin` [ RunTime:0.024303s ]
[ sql ] [ SQL ] SELECT * FROM `dp_admin_hook_plugin` WHERE  `status` = 1 ORDER BY `hook`,`sort` [ RunTime:0.001366s ]
[ sql ] [ SQL ] SHOW COLUMNS FROM `dp_admin_role` [ RunTime:0.028867s ]
[ sql ] [ SQL ] SELECT `menu_auth` FROM `dp_admin_role` WHERE  `id` = 1 LIMIT 1 [ RunTime:0.000803s ]
[ sql ] [ SQL ] SHOW COLUMNS FROM `dp_admin_menu` [ RunTime:0.023572s ]
[ sql ] [ SQL ] SELECT `id`,`url_value` FROM `dp_admin_menu` WHERE  `id` = in [ RunTime:0.000460s ]
[ sql ] [ DB ] CONNECT:[ UseTime:0.001849s ] mysql:host=127.0.0.1;port=3306;dbname=dolphin;charset=utf8
[ sql ] [ SQL ] select version() as version [ RunTime:0.000483s ]
---------------------------------------------------------------

[2020-05-20T17:01:09+08:00] 127.0.0.1 GET dolphin.com/admin.php/admin/foodb/index.html
[运行时间：1.850458s] [吞吐率：0.54req/s] [内存消耗：4,092.42kb] [文件加载：117]
[ info ] [ LANG ] F:\Project\DolphinPHPV1.4.5\thinkphp\lang\zh-cn.php
[ info ] [ DB ] INIT mysql
[ info ] [ ROUTE ] array (
)
[ info ] [ HEADER ] array (
  'cookie' => 'PHPSESSID=lg5j6ck672dclo6uuhbcn4cfab',
  'accept-language' => 'zh-CN,zh;q=0.9',
  'accept-encoding' => 'gzip, deflate',
  'referer' => 'http://dolphin.com/admin.php/admin/index/index.html',
  'accept' => 'text/html,application/xhtml+xml,application/xml;q=0.9,image/webp,image/apng,*/*;q=0.8,application/signed-exchange;v=b3;q=0.9',
  'user-agent' => 'Mozilla/5.0 (Windows NT 10.0; Win64; x64) AppleWebKit/537.36 (KHTML, like Gecko) Chrome/81.0.4044.138 Safari/537.36',
  'upgrade-insecure-requests' => '1',
  'connection' => 'close',
  'host' => 'dolphin.com',
)
[ info ] [ PARAM ] array (
)
[ info ] [ VIEW ] F:\Project\DolphinPHPV1.4.5\application\common/builder/table/layout.html [ array (
  0 => '_admin_base_layout',
  1 => 'system_color',
  2 => '_pop',
  3 => '_top_menus',
  4 => '_top_menus_all',
  5 => '_sidebar_menus',
  6 => '_location',
  7 => '_message',
  8 => '_icons',
  9 => 'aside',
  10 => 'page_title',
  11 => 'page_tips',
  12 => 'tips_type',
  13 => 'tab_nav',
  14 => 'hide_checkbox',
  15 => 'extra_html',
  16 => 'extra_js',
  17 => 'extra_css',
  18 => 'order_columns',
  19 => 'filter_columns',
  20 => 'filter_map',
  21 => '_field_display',
  22 => '_filter_content',
  23 => '_filter',
  24 => 'top_buttons',
  25 => 'right_buttons',
  26 => 'search',
  27 => 'search_button',
  28 => 'columns',
  29 => 'pages',
  30 => 'row_list',
  31 => '_page_info',
  32 => 'primary_key',
  33 => '_table',
  34 => 'js_list',
  35 => 'css_list',
  36 => 'validate',
  37 => '_js_files',
  38 => '_css_files',
  39 => '_select_list',
  40 => '_filter_time',
  41 => 'empty_tips',
  42 => '_search_area',
  43 => '_search_area_url',
  44 => '_search_area_op',
  45 => 'builder_height',
  46 => 'fixed_right_column',
  47 => 'fixed_left_column',
  48 => 'column_width',
  49 => 'column_hide',
  50 => '_js_init',
  51 => '_search_area_layout',
  52 => 'validate_fields',
) ]
[ sql ] [ DB ] CONNECT:[ UseTime:0.011876s ] mysql:host=127.0.0.1;port=3306;dbname=dolphin;charset=utf8
[ sql ] [ SQL ] SHOW COLUMNS FROM `dp_admin_config` [ RunTime:0.026171s ]
[ sql ] [ SQL ] SELECT `name`,`value`,`type` FROM `dp_admin_config` [ RunTime:0.000696s ]
[ sql ] [ SQL ] SHOW COLUMNS FROM `dp_admin_module` [ RunTime:0.021607s ]
[ sql ] [ SQL ] SELECT `name`,`config` FROM `dp_admin_module` WHERE  `config` <> '' [ RunTime:0.000631s ]
[ sql ] [ SQL ] SHOW COLUMNS FROM `dp_admin_hook` [ RunTime:0.019772s ]
[ sql ] [ SQL ] SELECT `name`,`status` FROM `dp_admin_hook` WHERE  `status` = 1 [ RunTime:0.000648s ]
[ sql ] [ SQL ] SHOW COLUMNS FROM `dp_admin_plugin` [ RunTime:0.021749s ]
[ sql ] [ SQL ] SELECT `name`,`status` FROM `dp_admin_plugin` WHERE  `status` = 1 [ RunTime:0.000576s ]
[ sql ] [ SQL ] SHOW COLUMNS FROM `dp_admin_hook_plugin` [ RunTime:0.019776s ]
[ sql ] [ SQL ] SELECT * FROM `dp_admin_hook_plugin` WHERE  `status` = 1 ORDER BY `hook`,`sort` [ RunTime:0.000678s ]
[ sql ] [ SQL ] SHOW COLUMNS FROM `dp_admin_role` [ RunTime:0.021204s ]
[ sql ] [ SQL ] SELECT `menu_auth` FROM `dp_admin_role` WHERE  `id` = 1 LIMIT 1 [ RunTime:0.000844s ]
[ sql ] [ SQL ] SHOW COLUMNS FROM `dp_admin_menu` [ RunTime:0.021796s ]
[ sql ] [ SQL ] SELECT `id`,`url_value` FROM `dp_admin_menu` WHERE  `id` = in [ RunTime:0.000572s ]
[ sql ] [ SQL ] SELECT `id`,`pid`,`module`,`title`,`url_value`,`url_type`,`url_target`,`icon`,`params` FROM `dp_admin_menu` WHERE  `status` = 1  AND `pid` = 0 ORDER BY `sort`,`id` [ RunTime:0.000653s ]
[ sql ] [ SQL ] SELECT `id`,`pid`,`module`,`title`,`url_value`,`url_type`,`url_target`,`icon`,`params` FROM `dp_admin_menu` WHERE  `status` = 1  AND `pid` = 0 ORDER BY `sort`,`id` [ RunTime:0.000791s ]
[ sql ] [ SQL ] SELECT `id` FROM `dp_admin_menu` WHERE  `pid` <> 0  AND `url_value` = 'admin/foodb/index' LIMIT 1 [ RunTime:0.000660s ]
[ sql ] [ SQL ] SELECT `id`,`pid`,`title`,`url_value`,`params` FROM `dp_admin_menu` [ RunTime:0.000898s ]
[ sql ] [ SQL ] SELECT `id`,`pid`,`module`,`title`,`url_value`,`url_type`,`url_target`,`icon`,`params` FROM `dp_admin_menu` WHERE  `status` = 1 ORDER BY `sort`,`id` [ RunTime:0.005372s ]
[ sql ] [ SQL ] SELECT `id` FROM `dp_admin_menu` WHERE  `pid` <> 0  AND `url_value` = 'admin/foodb/index' LIMIT 1 [ RunTime:0.000925s ]
[ sql ] [ SQL ] SELECT `id`,`pid`,`title`,`url_value`,`params` FROM `dp_admin_menu` [ RunTime:0.000774s ]
[ sql ] [ SQL ] SHOW COLUMNS FROM `dp_admin_message` [ RunTime:0.020732s ]
[ sql ] [ SQL ] SELECT COUNT(*) AS tp_count FROM `dp_admin_message` WHERE  `status` = 0  AND `uid_receive` = 1 [ RunTime:0.000765s ]
[ sql ] [ SQL ] SHOW COLUMNS FROM `dp_admin_icon` [ RunTime:0.020656s ]
[ sql ] [ SQL ] SELECT * FROM `dp_admin_icon` WHERE  `status` = 1 [ RunTime:0.000498s ]
[ sql ] [ SQL ] SELECT `value` FROM `dp_admin_config` WHERE  `id` = 1 LIMIT 1 [ RunTime:0.000534s ]
[ sql ] [ SQL ] SHOW COLUMNS FROM `dp_home_foods` [ RunTime:0.046957s ]
[ sql ] [ SQL ] SELECT COUNT(*) AS tp_count FROM `dp_home_foods` WHERE  `pag` = 2 [ RunTime:0.000677s ]
[ sql ] [ SQL ] SELECT * FROM `dp_home_foods` WHERE  `pag` = 2 LIMIT 0,20 [ RunTime:0.000600s ]
[ sql ] [ SQL ] SHOW COLUMNS FROM `dp_admin_navigation` [ RunTime:0.048786s ]
[ sql ] [ SQL ] SELECT `title` FROM `dp_admin_navigation` WHERE  `id` = 10 LIMIT 1 [ RunTime:0.000687s ]
[ sql ] [ SQL ] SHOW COLUMNS FROM `dp_admin_attachment` [ RunTime:0.022619s ]
[ sql ] [ SQL ] SELECT `path` FROM `dp_admin_attachment` WHERE  `id` = 78 LIMIT 1 [ RunTime:0.000635s ]
[ sql ] [ SQL ] SELECT `title` FROM `dp_admin_navigation` WHERE  `id` = 10 LIMIT 1 [ RunTime:0.000619s ]
[ sql ] [ SQL ] SELECT `path` FROM `dp_admin_attachment` WHERE  `id` = 79 LIMIT 1 [ RunTime:0.000546s ]
[ sql ] [ SQL ] SELECT `title` FROM `dp_admin_navigation` WHERE  `id` = 10 LIMIT 1 [ RunTime:0.000528s ]
[ sql ] [ SQL ] SELECT `path` FROM `dp_admin_attachment` WHERE  `id` = 80 LIMIT 1 [ RunTime:0.000617s ]
[ sql ] [ SQL ] SELECT `title` FROM `dp_admin_navigation` WHERE  `id` = 10 LIMIT 1 [ RunTime:0.000511s ]
[ sql ] [ SQL ] SELECT `path` FROM `dp_admin_attachment` WHERE  `id` = 81 LIMIT 1 [ RunTime:0.000558s ]
[ sql ] [ SQL ] SELECT `title` FROM `dp_admin_navigation` WHERE  `id` = 10 LIMIT 1 [ RunTime:0.000544s ]
[ sql ] [ SQL ] SELECT `path` FROM `dp_admin_attachment` WHERE  `id` = 82 LIMIT 1 [ RunTime:0.000543s ]
[ sql ] [ SQL ] SELECT `title` FROM `dp_admin_navigation` WHERE  `id` = 10 LIMIT 1 [ RunTime:0.000663s ]
[ sql ] [ SQL ] SELECT `path` FROM `dp_admin_attachment` WHERE  `id` = 83 LIMIT 1 [ RunTime:0.000451s ]
[ sql ] [ SQL ] SELECT `title` FROM `dp_admin_navigation` WHERE  `id` = 10 LIMIT 1 [ RunTime:0.000443s ]
[ sql ] [ SQL ] SELECT `path` FROM `dp_admin_attachment` WHERE  `id` = 84 LIMIT 1 [ RunTime:0.000575s ]
[ sql ] [ SQL ] SELECT `title` FROM `dp_admin_navigation` WHERE  `id` = 10 LIMIT 1 [ RunTime:0.000537s ]
[ sql ] [ SQL ] SELECT `path` FROM `dp_admin_attachment` WHERE  `id` = 85 LIMIT 1 [ RunTime:0.000388s ]
[ sql ] [ SQL ] SELECT `title` FROM `dp_admin_navigation` WHERE  `id` = 10 LIMIT 1 [ RunTime:0.000428s ]
[ sql ] [ SQL ] SELECT `path` FROM `dp_admin_attachment` WHERE  `id` = 86 LIMIT 1 [ RunTime:0.000488s ]
[ sql ] [ SQL ] SELECT `title` FROM `dp_admin_navigation` WHERE  `id` = 10 LIMIT 1 [ RunTime:0.000899s ]
[ sql ] [ SQL ] SELECT `path` FROM `dp_admin_attachment` WHERE  `id` = 78 LIMIT 1 [ RunTime:0.000484s ]
[ sql ] [ SQL ] SELECT `title` FROM `dp_admin_navigation` WHERE  `id` = 11 LIMIT 1 [ RunTime:0.000371s ]
[ sql ] [ SQL ] SELECT `path` FROM `dp_admin_attachment` WHERE  `id` = 78 LIMIT 1 [ RunTime:0.000415s ]
[ sql ] [ SQL ] SELECT `title` FROM `dp_admin_navigation` WHERE  `id` = 11 LIMIT 1 [ RunTime:0.000399s ]
[ sql ] [ SQL ] SELECT `path` FROM `dp_admin_attachment` WHERE  `id` = 131 LIMIT 1 [ RunTime:0.000437s ]
[ sql ] [ SQL ] SELECT `title` FROM `dp_admin_navigation` WHERE  `id` = 11 LIMIT 1 [ RunTime:0.000430s ]
[ sql ] [ SQL ] SELECT `path` FROM `dp_admin_attachment` WHERE  `id` = 132 LIMIT 1 [ RunTime:0.000415s ]
[ sql ] [ SQL ] SELECT `title` FROM `dp_admin_navigation` WHERE  `id` = 11 LIMIT 1 [ RunTime:0.000432s ]
[ sql ] [ SQL ] SELECT `path` FROM `dp_admin_attachment` WHERE  `id` = 133 LIMIT 1 [ RunTime:0.000420s ]
[ sql ] [ SQL ] SELECT `title` FROM `dp_admin_navigation` WHERE  `id` = 11 LIMIT 1 [ RunTime:0.000418s ]
[ sql ] [ SQL ] SELECT `path` FROM `dp_admin_attachment` WHERE  `id` = 134 LIMIT 1 [ RunTime:0.000439s ]
[ sql ] [ SQL ] SELECT `title` FROM `dp_admin_navigation` WHERE  `id` = 11 LIMIT 1 [ RunTime:0.000475s ]
[ sql ] [ SQL ] SELECT `path` FROM `dp_admin_attachment` WHERE  `id` = 135 LIMIT 1 [ RunTime:0.000425s ]
[ sql ] [ SQL ] SELECT `title` FROM `dp_admin_navigation` WHERE  `id` = 11 LIMIT 1 [ RunTime:0.000408s ]
[ sql ] [ SQL ] SELECT `path` FROM `dp_admin_attachment` WHERE  `id` = 136 LIMIT 1 [ RunTime:0.000571s ]
[ sql ] [ SQL ] SELECT `title` FROM `dp_admin_navigation` WHERE  `id` = 11 LIMIT 1 [ RunTime:0.000375s ]
[ sql ] [ SQL ] SELECT `path` FROM `dp_admin_attachment` WHERE  `id` = 137 LIMIT 1 [ RunTime:0.000429s ]
[ sql ] [ SQL ] SELECT `title` FROM `dp_admin_navigation` WHERE  `id` = 11 LIMIT 1 [ RunTime:0.000493s ]
[ sql ] [ SQL ] SELECT `path` FROM `dp_admin_attachment` WHERE  `id` = 138 LIMIT 1 [ RunTime:0.000568s ]
[ sql ] [ SQL ] SELECT `title` FROM `dp_admin_navigation` WHERE  `id` = 11 LIMIT 1 [ RunTime:0.000412s ]
[ sql ] [ SQL ] SELECT `path` FROM `dp_admin_attachment` WHERE  `id` = 78 LIMIT 1 [ RunTime:0.000474s ]
[ sql ] [ SQL ] SELECT `id`,`title` FROM `dp_admin_navigation` WHERE  `pid` = 9 ORDER BY `sort` [ RunTime:0.000405s ]
[ sql ] [ SQL ] SELECT * FROM `dp_admin_menu` WHERE  `url_value` = 'admin/foodb/add' LIMIT 1 [ RunTime:0.000883s ]
[ sql ] [ SQL ] SELECT * FROM `dp_admin_menu` WHERE  `url_value` = 'admin/foodb/enable' LIMIT 1 [ RunTime:0.000685s ]
[ sql ] [ SQL ] SELECT * FROM `dp_admin_menu` WHERE  `url_value` = 'admin/foodb/disable' LIMIT 1 [ RunTime:0.000676s ]
[ sql ] [ SQL ] SELECT * FROM `dp_admin_menu` WHERE  `url_value` = 'admin/foodb/delete' LIMIT 1 [ RunTime:0.000636s ]
[ sql ] [ SQL ] SELECT * FROM `dp_admin_menu` WHERE  `url_value` = 'admin/foodb/edit' LIMIT 1 [ RunTime:0.000686s ]
[ sql ] [ SQL ] SELECT * FROM `dp_admin_menu` WHERE  `url_value` = 'admin/foodb/delete' LIMIT 1 [ RunTime:0.001113s ]
[ sql ] [ SQL ] SELECT `id` FROM `dp_admin_menu` WHERE  `pid` <> 0  AND `url_value` = 'admin/foodb/index' LIMIT 1 [ RunTime:0.000718s ]
[ sql ] [ SQL ] SELECT `id`,`pid`,`title`,`url_value`,`params` FROM `dp_admin_menu` [ RunTime:0.000912s ]
[ sql ] [ SQL ] SHOW COLUMNS FROM `dp_admin_user` [ RunTime:0.024942s ]
[ sql ] [ SQL ] SELECT `avatar` FROM `dp_admin_user` WHERE  `id` = 1 LIMIT 1 [ RunTime:0.000770s ]
[ sql ] [ SQL ] SELECT * FROM `dp_admin_attachment` WHERE  `id` = 1 LIMIT 1 [ RunTime:0.000701s ]
[ sql ] [ SQL ] SELECT `avatar` FROM `dp_admin_user` WHERE  `id` = 1 LIMIT 1 [ RunTime:0.000790s ]
[ sql ] [ SQL ] SELECT * FROM `dp_admin_attachment` WHERE  `id` = 1 LIMIT 1 [ RunTime:0.000667s ]
---------------------------------------------------------------

[2020-05-20T17:01:14+08:00] 127.0.0.1 GET dolphin.com/static/libs/viewer/viewer.min.css.map
[运行时间：0.307514s] [吞吐率：3.25req/s] [内存消耗：1,342.27kb] [文件加载：63]
[ info ] [ LANG ] F:\Project\DolphinPHPV1.4.5\thinkphp\lang\zh-cn.php
