---------------------------------------------------------------

[2020-05-30T09:16:14+08:00] 127.0.0.1 GET dolphin.com/admin
[运行时间：3.017795s] [吞吐率：0.33req/s] [内存消耗：1,594.63kb] [文件加载：71]
[ info ] [ LANG ] F:\Project\Dolphin\thinkphp\lang\zh-cn.php
---------------------------------------------------------------

[2020-05-30T09:16:19+08:00] 127.0.0.1 GET dolphin.com/admin.php/admin
[运行时间：5.037307s] [吞吐率：0.20req/s] [内存消耗：3,469.33kb] [文件加载：118]
[ info ] [ LANG ] F:\Project\Dolphin\thinkphp\lang\zh-cn.php
[ info ] [ DB ] INIT mysql
[ info ] [ ROUTE ] array (
)
[ info ] [ HEADER ] array (
  'cookie' => 'PHPSESSID=f5c42ttf2sju1sta89tfcckpjg; Hm_lvt_7df9947f924dba11b94fe85fad935d1d=1590468867; Hm_lpvt_7df9947f924dba11b94fe85fad935d1d=1590479091; _ga=GA1.2.804958976.1590652913; dolphin___forward__=%2Fadmin.php%2Fadmin%2Fmenu%2Findex.html',
  'accept-language' => 'zh-CN,zh;q=0.9',
  'accept-encoding' => 'gzip, deflate',
  'purpose' => 'prefetch',
  'accept' => 'text/html,application/xhtml+xml,application/xml;q=0.9,image/webp,image/apng,*/*;q=0.8,application/signed-exchange;v=b3;q=0.9',
  'user-agent' => 'Mozilla/5.0 (Windows NT 10.0; Win64; x64) AppleWebKit/537.36 (KHTML, like Gecko) Chrome/83.0.4103.61 Safari/537.36',
  'upgrade-insecure-requests' => '1',
  'connection' => 'close',
  'host' => 'dolphin.com',
)
[ info ] [ PARAM ] array (
)
[ info ] [ VIEW ] F:\Project\Dolphin\application\admin\view\index\index.html [ array (
  0 => '_admin_base_layout',
  1 => 'system_color',
  2 => '_pop',
  3 => '_top_menus',
  4 => '_top_menus_all',
  5 => '_sidebar_menus',
  6 => '_location',
  7 => '_message',
  8 => '_icons',
  9 => 'aside',
  10 => 'default_pass',
) ]
[ info ] [ VIEW ] F:\Project\Dolphin\plugins/SystemInfo/view/widget.html [ array (
  0 => '_admin_base_layout',
  1 => 'system_color',
  2 => '_pop',
  3 => '_top_menus',
  4 => '_top_menus_all',
  5 => '_sidebar_menus',
  6 => '_location',
  7 => '_message',
  8 => '_icons',
  9 => 'aside',
  10 => 'default_pass',
  11 => 'display',
  12 => 'width',
) ]
[ info ] [ DB ] INIT mysql
[ info ] [ VIEW ] F:\Project\Dolphin\plugins/DevTeam/view/widget.html [ array (
  0 => '_admin_base_layout',
  1 => 'system_color',
  2 => '_pop',
  3 => '_top_menus',
  4 => '_top_menus_all',
  5 => '_sidebar_menus',
  6 => '_location',
  7 => '_message',
  8 => '_icons',
  9 => 'aside',
  10 => 'default_pass',
  11 => 'display',
  12 => 'width',
) ]
[ sql ] [ DB ] CONNECT:[ UseTime:0.035283s ] mysql:host=127.0.0.1;port=3306;dbname=dolphin;charset=utf8
[ sql ] [ SQL ] SHOW COLUMNS FROM `dp_admin_config` [ RunTime:0.078940s ]
[ sql ] [ SQL ] SELECT `name`,`value`,`type` FROM `dp_admin_config` [ RunTime:0.000707s ]
[ sql ] [ SQL ] SHOW COLUMNS FROM `dp_admin_module` [ RunTime:0.075044s ]
[ sql ] [ SQL ] SELECT `name`,`config` FROM `dp_admin_module` WHERE  `config` <> '' [ RunTime:0.000907s ]
[ sql ] [ SQL ] SHOW COLUMNS FROM `dp_admin_hook` [ RunTime:0.077354s ]
[ sql ] [ SQL ] SELECT `name`,`status` FROM `dp_admin_hook` WHERE  `status` = 1 [ RunTime:0.000591s ]
[ sql ] [ SQL ] SHOW COLUMNS FROM `dp_admin_plugin` [ RunTime:0.068192s ]
[ sql ] [ SQL ] SELECT `name`,`status` FROM `dp_admin_plugin` WHERE  `status` = 1 [ RunTime:0.000792s ]
[ sql ] [ SQL ] SHOW COLUMNS FROM `dp_admin_hook_plugin` [ RunTime:0.070371s ]
[ sql ] [ SQL ] SELECT * FROM `dp_admin_hook_plugin` WHERE  `status` = 1 ORDER BY `hook`,`sort` [ RunTime:0.000751s ]
[ sql ] [ SQL ] SHOW COLUMNS FROM `dp_admin_role` [ RunTime:0.094940s ]
[ sql ] [ SQL ] SELECT `menu_auth` FROM `dp_admin_role` WHERE  `id` = 1 LIMIT 1 [ RunTime:0.000790s ]
[ sql ] [ SQL ] SHOW COLUMNS FROM `dp_admin_menu` [ RunTime:0.063488s ]
[ sql ] [ SQL ] SELECT `id`,`url_value` FROM `dp_admin_menu` WHERE  `id` = in [ RunTime:0.000651s ]
[ sql ] [ SQL ] SELECT `id`,`pid`,`module`,`title`,`url_value`,`url_type`,`url_target`,`icon`,`params` FROM `dp_admin_menu` WHERE  `status` = 1  AND `pid` = 0 ORDER BY `sort`,`id` [ RunTime:0.000811s ]
[ sql ] [ SQL ] SELECT `id`,`pid`,`module`,`title`,`url_value`,`url_type`,`url_target`,`icon`,`params` FROM `dp_admin_menu` WHERE  `status` = 1  AND `pid` = 0 ORDER BY `sort`,`id` [ RunTime:0.001347s ]
[ sql ] [ SQL ] SELECT `id` FROM `dp_admin_menu` WHERE  `pid` <> 0  AND `url_value` = 'admin/index/index' LIMIT 1 [ RunTime:0.000689s ]
[ sql ] [ SQL ] SELECT `id`,`pid`,`title`,`url_value`,`params` FROM `dp_admin_menu` [ RunTime:0.000936s ]
[ sql ] [ SQL ] SELECT `id`,`pid`,`module`,`title`,`url_value`,`url_type`,`url_target`,`icon`,`params` FROM `dp_admin_menu` WHERE  `status` = 1 ORDER BY `sort`,`id` [ RunTime:0.004920s ]
[ sql ] [ SQL ] SELECT `id` FROM `dp_admin_menu` WHERE  `pid` <> 0  AND `url_value` = 'admin/index/index' LIMIT 1 [ RunTime:0.000675s ]
[ sql ] [ SQL ] SELECT `id`,`pid`,`title`,`url_value`,`params` FROM `dp_admin_menu` [ RunTime:0.000767s ]
[ sql ] [ SQL ] SHOW COLUMNS FROM `dp_admin_message` [ RunTime:0.079890s ]
[ sql ] [ SQL ] SELECT COUNT(*) AS tp_count FROM `dp_admin_message` WHERE  `status` = 0  AND `uid_receive` = 1 [ RunTime:0.001170s ]
[ sql ] [ SQL ] SHOW COLUMNS FROM `dp_admin_icon` [ RunTime:0.076779s ]
[ sql ] [ SQL ] SELECT * FROM `dp_admin_icon` WHERE  `status` = 1 [ RunTime:0.000628s ]
[ sql ] [ SQL ] SELECT `value` FROM `dp_admin_config` WHERE  `id` = 1 LIMIT 1 [ RunTime:0.000633s ]
[ sql ] [ SQL ] SHOW COLUMNS FROM `dp_admin_user` [ RunTime:0.082235s ]
[ sql ] [ SQL ] SELECT `password` FROM `dp_admin_user` WHERE  `id` = 1 LIMIT 1 [ RunTime:0.000515s ]
[ sql ] [ SQL ] SELECT `avatar` FROM `dp_admin_user` WHERE  `id` = 1 LIMIT 1 [ RunTime:0.000776s ]
[ sql ] [ SQL ] SHOW COLUMNS FROM `dp_admin_attachment` [ RunTime:0.081272s ]
[ sql ] [ SQL ] SELECT * FROM `dp_admin_attachment` WHERE  `id` = 1 LIMIT 1 [ RunTime:0.000604s ]
[ sql ] [ SQL ] SELECT `avatar` FROM `dp_admin_user` WHERE  `id` = 1 LIMIT 1 [ RunTime:0.000476s ]
[ sql ] [ SQL ] SELECT * FROM `dp_admin_attachment` WHERE  `id` = 1 LIMIT 1 [ RunTime:0.000557s ]
[ sql ] [ SQL ] SELECT `config` FROM `dp_admin_plugin` WHERE  `name` = 'SystemInfo' LIMIT 1 [ RunTime:0.000727s ]
[ sql ] [ DB ] CONNECT:[ UseTime:0.012283s ] mysql:host=127.0.0.1;port=3306;dbname=dolphin;charset=utf8
[ sql ] [ SQL ] select version() as version [ RunTime:0.000556s ]
[ sql ] [ SQL ] SELECT `config` FROM `dp_admin_plugin` WHERE  `name` = 'DevTeam' LIMIT 1 [ RunTime:0.000670s ]
---------------------------------------------------------------

[2020-05-30T09:16:19+08:00] 127.0.0.1 GET dolphin.com/admin.php/admin
[运行时间：0.507404s] [吞吐率：1.97req/s] [内存消耗：3,468.91kb] [文件加载：118]
[ info ] [ LANG ] F:\Project\Dolphin\thinkphp\lang\zh-cn.php
[ info ] [ DB ] INIT mysql
[ info ] [ ROUTE ] array (
)
[ info ] [ HEADER ] array (
  'cookie' => 'PHPSESSID=f5c42ttf2sju1sta89tfcckpjg; Hm_lvt_7df9947f924dba11b94fe85fad935d1d=1590468867; Hm_lpvt_7df9947f924dba11b94fe85fad935d1d=1590479091; _ga=GA1.2.804958976.1590652913; dolphin___forward__=%2Fadmin.php%2Fadmin%2Fmenu%2Findex.html',
  'accept-language' => 'zh-CN,zh;q=0.9',
  'accept-encoding' => 'gzip, deflate',
  'accept' => 'text/html,application/xhtml+xml,application/xml;q=0.9,image/webp,image/apng,*/*;q=0.8,application/signed-exchange;v=b3;q=0.9',
  'user-agent' => 'Mozilla/5.0 (Windows NT 10.0; Win64; x64) AppleWebKit/537.36 (KHTML, like Gecko) Chrome/83.0.4103.61 Safari/537.36',
  'upgrade-insecure-requests' => '1',
  'connection' => 'close',
  'host' => 'dolphin.com',
)
[ info ] [ PARAM ] array (
)
[ info ] [ VIEW ] F:\Project\Dolphin\application\admin\view\index\index.html [ array (
  0 => '_admin_base_layout',
  1 => 'system_color',
  2 => '_pop',
  3 => '_top_menus',
  4 => '_top_menus_all',
  5 => '_sidebar_menus',
  6 => '_location',
  7 => '_message',
  8 => '_icons',
  9 => 'aside',
  10 => 'default_pass',
) ]
[ info ] [ VIEW ] F:\Project\Dolphin\plugins/SystemInfo/view/widget.html [ array (
  0 => '_admin_base_layout',
  1 => 'system_color',
  2 => '_pop',
  3 => '_top_menus',
  4 => '_top_menus_all',
  5 => '_sidebar_menus',
  6 => '_location',
  7 => '_message',
  8 => '_icons',
  9 => 'aside',
  10 => 'default_pass',
  11 => 'display',
  12 => 'width',
) ]
[ info ] [ DB ] INIT mysql
[ info ] [ VIEW ] F:\Project\Dolphin\plugins/DevTeam/view/widget.html [ array (
  0 => '_admin_base_layout',
  1 => 'system_color',
  2 => '_pop',
  3 => '_top_menus',
  4 => '_top_menus_all',
  5 => '_sidebar_menus',
  6 => '_location',
  7 => '_message',
  8 => '_icons',
  9 => 'aside',
  10 => 'default_pass',
  11 => 'display',
  12 => 'width',
) ]
[ sql ] [ DB ] CONNECT:[ UseTime:0.013784s ] mysql:host=127.0.0.1;port=3306;dbname=dolphin;charset=utf8
[ sql ] [ SQL ] SHOW COLUMNS FROM `dp_admin_config` [ RunTime:0.032843s ]
[ sql ] [ SQL ] SELECT `name`,`value`,`type` FROM `dp_admin_config` [ RunTime:0.000532s ]
[ sql ] [ SQL ] SHOW COLUMNS FROM `dp_admin_module` [ RunTime:0.024947s ]
[ sql ] [ SQL ] SELECT `name`,`config` FROM `dp_admin_module` WHERE  `config` <> '' [ RunTime:0.000539s ]
[ sql ] [ SQL ] SHOW COLUMNS FROM `dp_admin_hook` [ RunTime:0.024653s ]
[ sql ] [ SQL ] SELECT `name`,`status` FROM `dp_admin_hook` WHERE  `status` = 1 [ RunTime:0.000578s ]
[ sql ] [ SQL ] SHOW COLUMNS FROM `dp_admin_plugin` [ RunTime:0.030343s ]
[ sql ] [ SQL ] SELECT `name`,`status` FROM `dp_admin_plugin` WHERE  `status` = 1 [ RunTime:0.000881s ]
[ sql ] [ SQL ] SHOW COLUMNS FROM `dp_admin_hook_plugin` [ RunTime:0.026470s ]
[ sql ] [ SQL ] SELECT * FROM `dp_admin_hook_plugin` WHERE  `status` = 1 ORDER BY `hook`,`sort` [ RunTime:0.000721s ]
[ sql ] [ SQL ] SHOW COLUMNS FROM `dp_admin_role` [ RunTime:0.024818s ]
[ sql ] [ SQL ] SELECT `menu_auth` FROM `dp_admin_role` WHERE  `id` = 1 LIMIT 1 [ RunTime:0.000545s ]
[ sql ] [ SQL ] SHOW COLUMNS FROM `dp_admin_menu` [ RunTime:0.025714s ]
[ sql ] [ SQL ] SELECT `id`,`url_value` FROM `dp_admin_menu` WHERE  `id` = in [ RunTime:0.000657s ]
[ sql ] [ SQL ] SELECT `id`,`pid`,`module`,`title`,`url_value`,`url_type`,`url_target`,`icon`,`params` FROM `dp_admin_menu` WHERE  `status` = 1  AND `pid` = 0 ORDER BY `sort`,`id` [ RunTime:0.000783s ]
[ sql ] [ SQL ] SELECT `id`,`pid`,`module`,`title`,`url_value`,`url_type`,`url_target`,`icon`,`params` FROM `dp_admin_menu` WHERE  `status` = 1  AND `pid` = 0 ORDER BY `sort`,`id` [ RunTime:0.000803s ]
[ sql ] [ SQL ] SELECT `id` FROM `dp_admin_menu` WHERE  `pid` <> 0  AND `url_value` = 'admin/index/index' LIMIT 1 [ RunTime:0.000515s ]
[ sql ] [ SQL ] SELECT `id`,`pid`,`title`,`url_value`,`params` FROM `dp_admin_menu` [ RunTime:0.001011s ]
[ sql ] [ SQL ] SELECT `id`,`pid`,`module`,`title`,`url_value`,`url_type`,`url_target`,`icon`,`params` FROM `dp_admin_menu` WHERE  `status` = 1 ORDER BY `sort`,`id` [ RunTime:0.004372s ]
[ sql ] [ SQL ] SELECT `id` FROM `dp_admin_menu` WHERE  `pid` <> 0  AND `url_value` = 'admin/index/index' LIMIT 1 [ RunTime:0.000868s ]
[ sql ] [ SQL ] SELECT `id`,`pid`,`title`,`url_value`,`params` FROM `dp_admin_menu` [ RunTime:0.001039s ]
[ sql ] [ SQL ] SHOW COLUMNS FROM `dp_admin_message` [ RunTime:0.026919s ]
[ sql ] [ SQL ] SELECT COUNT(*) AS tp_count FROM `dp_admin_message` WHERE  `status` = 0  AND `uid_receive` = 1 [ RunTime:0.000617s ]
[ sql ] [ SQL ] SHOW COLUMNS FROM `dp_admin_icon` [ RunTime:0.024136s ]
[ sql ] [ SQL ] SELECT * FROM `dp_admin_icon` WHERE  `status` = 1 [ RunTime:0.000454s ]
[ sql ] [ SQL ] SELECT `value` FROM `dp_admin_config` WHERE  `id` = 1 LIMIT 1 [ RunTime:0.000446s ]
[ sql ] [ SQL ] SHOW COLUMNS FROM `dp_admin_user` [ RunTime:0.024799s ]
[ sql ] [ SQL ] SELECT `password` FROM `dp_admin_user` WHERE  `id` = 1 LIMIT 1 [ RunTime:0.000675s ]
[ sql ] [ SQL ] SELECT `avatar` FROM `dp_admin_user` WHERE  `id` = 1 LIMIT 1 [ RunTime:0.000637s ]
[ sql ] [ SQL ] SHOW COLUMNS FROM `dp_admin_attachment` [ RunTime:0.023863s ]
[ sql ] [ SQL ] SELECT * FROM `dp_admin_attachment` WHERE  `id` = 1 LIMIT 1 [ RunTime:0.000665s ]
[ sql ] [ SQL ] SELECT `avatar` FROM `dp_admin_user` WHERE  `id` = 1 LIMIT 1 [ RunTime:0.000462s ]
[ sql ] [ SQL ] SELECT * FROM `dp_admin_attachment` WHERE  `id` = 1 LIMIT 1 [ RunTime:0.000527s ]
[ sql ] [ SQL ] SELECT `config` FROM `dp_admin_plugin` WHERE  `name` = 'SystemInfo' LIMIT 1 [ RunTime:0.000608s ]
[ sql ] [ DB ] CONNECT:[ UseTime:0.010443s ] mysql:host=127.0.0.1;port=3306;dbname=dolphin;charset=utf8
[ sql ] [ SQL ] select version() as version [ RunTime:0.000385s ]
[ sql ] [ SQL ] SELECT `config` FROM `dp_admin_plugin` WHERE  `name` = 'DevTeam' LIMIT 1 [ RunTime:0.000505s ]
---------------------------------------------------------------

[2020-05-30T09:16:21+08:00] 127.0.0.1 GET dolphin.com/admin.php/admin/index/checkupdate.html
[运行时间：0.820795s] [吞吐率：1.22req/s] [内存消耗：3,115.52kb] [文件加载：102]
[ info ] [ LANG ] F:\Project\Dolphin\thinkphp\lang\zh-cn.php
[ info ] [ DB ] INIT mysql
[ info ] [ ROUTE ] array (
)
[ info ] [ HEADER ] array (
  'cookie' => 'PHPSESSID=f5c42ttf2sju1sta89tfcckpjg; Hm_lvt_7df9947f924dba11b94fe85fad935d1d=1590468867; Hm_lpvt_7df9947f924dba11b94fe85fad935d1d=1590479091; _ga=GA1.2.804958976.1590652913; dolphin___forward__=%2Fadmin.php%2Fadmin%2Fmenu%2Findex.html',
  'accept-language' => 'zh-CN,zh;q=0.9',
  'accept-encoding' => 'gzip, deflate',
  'referer' => 'http://dolphin.com/admin.php/admin',
  'x-requested-with' => 'XMLHttpRequest',
  'user-agent' => 'Mozilla/5.0 (Windows NT 10.0; Win64; x64) AppleWebKit/537.36 (KHTML, like Gecko) Chrome/83.0.4103.61 Safari/537.36',
  'accept' => '*/*',
  'connection' => 'close',
  'host' => 'dolphin.com',
)
[ info ] [ PARAM ] array (
)
[ info ] [ DB ] INIT mysql
[ sql ] [ DB ] CONNECT:[ UseTime:0.011597s ] mysql:host=127.0.0.1;port=3306;dbname=dolphin;charset=utf8
[ sql ] [ SQL ] SHOW COLUMNS FROM `dp_admin_config` [ RunTime:0.054606s ]
[ sql ] [ SQL ] SELECT `name`,`value`,`type` FROM `dp_admin_config` [ RunTime:0.000808s ]
[ sql ] [ SQL ] SHOW COLUMNS FROM `dp_admin_module` [ RunTime:0.030527s ]
[ sql ] [ SQL ] SELECT `name`,`config` FROM `dp_admin_module` WHERE  `config` <> '' [ RunTime:0.000399s ]
[ sql ] [ SQL ] SHOW COLUMNS FROM `dp_admin_hook` [ RunTime:0.040341s ]
[ sql ] [ SQL ] SELECT `name`,`status` FROM `dp_admin_hook` WHERE  `status` = 1 [ RunTime:0.000778s ]
[ sql ] [ SQL ] SHOW COLUMNS FROM `dp_admin_plugin` [ RunTime:0.022305s ]
[ sql ] [ SQL ] SELECT `name`,`status` FROM `dp_admin_plugin` WHERE  `status` = 1 [ RunTime:0.000400s ]
[ sql ] [ SQL ] SHOW COLUMNS FROM `dp_admin_hook_plugin` [ RunTime:0.036100s ]
[ sql ] [ SQL ] SELECT * FROM `dp_admin_hook_plugin` WHERE  `status` = 1 ORDER BY `hook`,`sort` [ RunTime:0.000599s ]
[ sql ] [ SQL ] SHOW COLUMNS FROM `dp_admin_role` [ RunTime:0.026061s ]
[ sql ] [ SQL ] SELECT `menu_auth` FROM `dp_admin_role` WHERE  `id` = 1 LIMIT 1 [ RunTime:0.000454s ]
[ sql ] [ SQL ] SHOW COLUMNS FROM `dp_admin_menu` [ RunTime:0.027555s ]
[ sql ] [ SQL ] SELECT `id`,`url_value` FROM `dp_admin_menu` WHERE  `id` = in [ RunTime:0.000428s ]
[ sql ] [ DB ] CONNECT:[ UseTime:0.011544s ] mysql:host=127.0.0.1;port=3306;dbname=dolphin;charset=utf8
[ sql ] [ SQL ] select version() as version [ RunTime:0.000396s ]
---------------------------------------------------------------

[2020-05-30T09:16:31+08:00] 127.0.0.1 GET dolphin.com/admin.php/admin/aboutus/index.html
[运行时间：3.112094s] [吞吐率：0.32req/s] [内存消耗：4,021.55kb] [文件加载：115]
[ info ] [ LANG ] F:\Project\Dolphin\thinkphp\lang\zh-cn.php
[ info ] [ DB ] INIT mysql
[ info ] [ ROUTE ] array (
)
[ info ] [ HEADER ] array (
  'cookie' => 'PHPSESSID=f5c42ttf2sju1sta89tfcckpjg; Hm_lvt_7df9947f924dba11b94fe85fad935d1d=1590468867; Hm_lpvt_7df9947f924dba11b94fe85fad935d1d=1590479091; _ga=GA1.2.804958976.1590652913; dolphin___forward__=%2Fadmin.php%2Fadmin%2Fmenu%2Findex.html',
  'accept-language' => 'zh-CN,zh;q=0.9',
  'accept-encoding' => 'gzip, deflate',
  'referer' => 'http://dolphin.com/admin.php/admin',
  'accept' => 'text/html,application/xhtml+xml,application/xml;q=0.9,image/webp,image/apng,*/*;q=0.8,application/signed-exchange;v=b3;q=0.9',
  'user-agent' => 'Mozilla/5.0 (Windows NT 10.0; Win64; x64) AppleWebKit/537.36 (KHTML, like Gecko) Chrome/83.0.4103.61 Safari/537.36',
  'upgrade-insecure-requests' => '1',
  'connection' => 'close',
  'host' => 'dolphin.com',
)
[ info ] [ PARAM ] array (
)
[ info ] [ VIEW ] F:\Project\Dolphin\application\common/builder/table/layout.html [ array (
  0 => '_admin_base_layout',
  1 => 'system_color',
  2 => '_pop',
  3 => '_top_menus',
  4 => '_top_menus_all',
  5 => '_sidebar_menus',
  6 => '_location',
  7 => '_message',
  8 => '_icons',
  9 => 'aside',
  10 => 'page_title',
  11 => 'page_tips',
  12 => 'tips_type',
  13 => 'tab_nav',
  14 => 'hide_checkbox',
  15 => 'extra_html',
  16 => 'extra_js',
  17 => 'extra_css',
  18 => 'order_columns',
  19 => 'filter_columns',
  20 => 'filter_map',
  21 => '_field_display',
  22 => '_filter_content',
  23 => '_filter',
  24 => 'top_buttons',
  25 => 'right_buttons',
  26 => 'search',
  27 => 'search_button',
  28 => 'columns',
  29 => 'pages',
  30 => 'row_list',
  31 => '_page_info',
  32 => 'primary_key',
  33 => '_table',
  34 => 'js_list',
  35 => 'css_list',
  36 => 'validate',
  37 => '_js_files',
  38 => '_css_files',
  39 => '_select_list',
  40 => '_filter_time',
  41 => 'empty_tips',
  42 => '_search_area',
  43 => '_search_area_url',
  44 => '_search_area_op',
  45 => 'builder_height',
  46 => 'fixed_right_column',
  47 => 'fixed_left_column',
  48 => 'column_width',
  49 => 'column_hide',
  50 => '_js_init',
  51 => '_search_area_layout',
  52 => 'validate_fields',
) ]
[ sql ] [ DB ] CONNECT:[ UseTime:0.010892s ] mysql:host=127.0.0.1;port=3306;dbname=dolphin;charset=utf8
[ sql ] [ SQL ] SHOW COLUMNS FROM `dp_admin_config` [ RunTime:0.033209s ]
[ sql ] [ SQL ] SELECT `name`,`value`,`type` FROM `dp_admin_config` [ RunTime:0.000583s ]
[ sql ] [ SQL ] SHOW COLUMNS FROM `dp_admin_module` [ RunTime:0.026319s ]
[ sql ] [ SQL ] SELECT `name`,`config` FROM `dp_admin_module` WHERE  `config` <> '' [ RunTime:0.000478s ]
[ sql ] [ SQL ] SHOW COLUMNS FROM `dp_admin_hook` [ RunTime:0.020812s ]
[ sql ] [ SQL ] SELECT `name`,`status` FROM `dp_admin_hook` WHERE  `status` = 1 [ RunTime:0.000472s ]
[ sql ] [ SQL ] SHOW COLUMNS FROM `dp_admin_plugin` [ RunTime:0.022303s ]
[ sql ] [ SQL ] SELECT `name`,`status` FROM `dp_admin_plugin` WHERE  `status` = 1 [ RunTime:0.000562s ]
[ sql ] [ SQL ] SHOW COLUMNS FROM `dp_admin_hook_plugin` [ RunTime:0.021911s ]
[ sql ] [ SQL ] SELECT * FROM `dp_admin_hook_plugin` WHERE  `status` = 1 ORDER BY `hook`,`sort` [ RunTime:0.000580s ]
[ sql ] [ SQL ] SHOW COLUMNS FROM `dp_admin_role` [ RunTime:0.023616s ]
[ sql ] [ SQL ] SELECT `menu_auth` FROM `dp_admin_role` WHERE  `id` = 1 LIMIT 1 [ RunTime:0.000695s ]
[ sql ] [ SQL ] SHOW COLUMNS FROM `dp_admin_menu` [ RunTime:0.025204s ]
[ sql ] [ SQL ] SELECT `id`,`url_value` FROM `dp_admin_menu` WHERE  `id` = in [ RunTime:0.000457s ]
[ sql ] [ SQL ] SELECT `id`,`pid`,`module`,`title`,`url_value`,`url_type`,`url_target`,`icon`,`params` FROM `dp_admin_menu` WHERE  `status` = 1  AND `pid` = 0 ORDER BY `sort`,`id` [ RunTime:0.000774s ]
[ sql ] [ SQL ] SELECT `id`,`pid`,`module`,`title`,`url_value`,`url_type`,`url_target`,`icon`,`params` FROM `dp_admin_menu` WHERE  `status` = 1  AND `pid` = 0 ORDER BY `sort`,`id` [ RunTime:0.000647s ]
[ sql ] [ SQL ] SELECT `id` FROM `dp_admin_menu` WHERE  `pid` <> 0  AND `url_value` = 'admin/aboutus/index' LIMIT 1 [ RunTime:0.000769s ]
[ sql ] [ SQL ] SELECT `id`,`pid`,`title`,`url_value`,`params` FROM `dp_admin_menu` [ RunTime:0.000782s ]
[ sql ] [ SQL ] SELECT `id`,`pid`,`module`,`title`,`url_value`,`url_type`,`url_target`,`icon`,`params` FROM `dp_admin_menu` WHERE  `status` = 1 ORDER BY `sort`,`id` [ RunTime:0.004130s ]
[ sql ] [ SQL ] SELECT `id` FROM `dp_admin_menu` WHERE  `pid` <> 0  AND `url_value` = 'admin/aboutus/index' LIMIT 1 [ RunTime:0.000704s ]
[ sql ] [ SQL ] SELECT `id`,`pid`,`title`,`url_value`,`params` FROM `dp_admin_menu` [ RunTime:0.000794s ]
[ sql ] [ SQL ] SHOW COLUMNS FROM `dp_admin_message` [ RunTime:0.025185s ]
[ sql ] [ SQL ] SELECT COUNT(*) AS tp_count FROM `dp_admin_message` WHERE  `status` = 0  AND `uid_receive` = 1 [ RunTime:0.000485s ]
[ sql ] [ SQL ] SHOW COLUMNS FROM `dp_admin_icon` [ RunTime:0.024096s ]
[ sql ] [ SQL ] SELECT * FROM `dp_admin_icon` WHERE  `status` = 1 [ RunTime:0.000499s ]
[ sql ] [ SQL ] SELECT `value` FROM `dp_admin_config` WHERE  `id` = 1 LIMIT 1 [ RunTime:0.000407s ]
[ sql ] [ SQL ] SHOW COLUMNS FROM `dp_home_aboutus` [ RunTime:0.067347s ]
[ sql ] [ SQL ] SELECT COUNT(*) AS tp_count FROM `dp_home_aboutus` [ RunTime:0.000593s ]
[ sql ] [ SQL ] SELECT * FROM `dp_home_aboutus` LIMIT 0,20 [ RunTime:0.000560s ]
[ sql ] [ SQL ] SHOW COLUMNS FROM `dp_admin_navigation` [ RunTime:0.073680s ]
[ sql ] [ SQL ] SELECT `title` FROM `dp_admin_navigation` WHERE  `id` = 3 LIMIT 1 [ RunTime:0.000873s ]
[ sql ] [ SQL ] SHOW COLUMNS FROM `dp_admin_attachment` [ RunTime:0.024822s ]
[ sql ] [ SQL ] SELECT `path` FROM `dp_admin_attachment` WHERE  `id` = 7 LIMIT 1 [ RunTime:0.000591s ]
[ sql ] [ SQL ] SELECT `title` FROM `dp_admin_navigation` WHERE  `id` = 3 LIMIT 1 [ RunTime:0.000465s ]
[ sql ] [ SQL ] SELECT `path` FROM `dp_admin_attachment` WHERE  `id` = 6 LIMIT 1 [ RunTime:0.000349s ]
[ sql ] [ SQL ] SELECT `title` FROM `dp_admin_navigation` WHERE  `id` = 3 LIMIT 1 [ RunTime:0.000328s ]
[ sql ] [ SQL ] SELECT `path` FROM `dp_admin_attachment` WHERE  `id` = 9 LIMIT 1 [ RunTime:0.000346s ]
[ sql ] [ SQL ] SELECT `title` FROM `dp_admin_navigation` WHERE  `id` = 3 LIMIT 1 [ RunTime:0.000481s ]
[ sql ] [ SQL ] SELECT `path` FROM `dp_admin_attachment` WHERE  `id` = 8 LIMIT 1 [ RunTime:0.000319s ]
[ sql ] [ SQL ] SELECT `title` FROM `dp_admin_navigation` WHERE  `id` = 3 LIMIT 1 [ RunTime:0.000309s ]
[ sql ] [ SQL ] SELECT `path` FROM `dp_admin_attachment` WHERE  `id` = 10 LIMIT 1 [ RunTime:0.000303s ]
[ sql ] [ SQL ] SELECT `title` FROM `dp_admin_navigation` WHERE  `id` = 3 LIMIT 1 [ RunTime:0.000285s ]
[ sql ] [ SQL ] SELECT `path` FROM `dp_admin_attachment` WHERE  `id` = 11 LIMIT 1 [ RunTime:0.000253s ]
[ sql ] [ SQL ] SELECT `title` FROM `dp_admin_navigation` WHERE  `id` = 3 LIMIT 1 [ RunTime:0.000244s ]
[ sql ] [ SQL ] SELECT `path` FROM `dp_admin_attachment` WHERE  `id` = 12 LIMIT 1 [ RunTime:0.000312s ]
[ sql ] [ SQL ] SELECT `title` FROM `dp_admin_navigation` WHERE  `id` = 3 LIMIT 1 [ RunTime:0.000244s ]
[ sql ] [ SQL ] SELECT `path` FROM `dp_admin_attachment` WHERE  `id` = 13 LIMIT 1 [ RunTime:0.000274s ]
[ sql ] [ SQL ] SELECT `title` FROM `dp_admin_navigation` WHERE  `id` = 3 LIMIT 1 [ RunTime:0.000261s ]
[ sql ] [ SQL ] SELECT `path` FROM `dp_admin_attachment` WHERE  `id` = 14 LIMIT 1 [ RunTime:0.000244s ]
[ sql ] [ SQL ] SELECT `title` FROM `dp_admin_navigation` WHERE  `id` = 3 LIMIT 1 [ RunTime:0.000252s ]
[ sql ] [ SQL ] SELECT `path` FROM `dp_admin_attachment` WHERE  `id` = 15 LIMIT 1 [ RunTime:0.000190s ]
[ sql ] [ SQL ] SELECT `title` FROM `dp_admin_navigation` WHERE  `id` = 4 LIMIT 1 [ RunTime:0.000187s ]
[ sql ] [ SQL ] SELECT `path` FROM `dp_admin_attachment` WHERE  `id` = 52 LIMIT 1 [ RunTime:0.000195s ]
[ sql ] [ SQL ] SELECT `title` FROM `dp_admin_navigation` WHERE  `id` = 4 LIMIT 1 [ RunTime:0.000269s ]
[ sql ] [ SQL ] SELECT `path` FROM `dp_admin_attachment` WHERE  `id` = 53 LIMIT 1 [ RunTime:0.000190s ]
[ sql ] [ SQL ] SELECT `title` FROM `dp_admin_navigation` WHERE  `id` = 4 LIMIT 1 [ RunTime:0.000209s ]
[ sql ] [ SQL ] SELECT `path` FROM `dp_admin_attachment` WHERE  `id` = 54 LIMIT 1 [ RunTime:0.000320s ]
[ sql ] [ SQL ] SELECT `title` FROM `dp_admin_navigation` WHERE  `id` = 4 LIMIT 1 [ RunTime:0.000201s ]
[ sql ] [ SQL ] SELECT `path` FROM `dp_admin_attachment` WHERE  `id` = 55 LIMIT 1 [ RunTime:0.000194s ]
[ sql ] [ SQL ] SELECT `title` FROM `dp_admin_navigation` WHERE  `id` = 4 LIMIT 1 [ RunTime:0.000239s ]
[ sql ] [ SQL ] SELECT `path` FROM `dp_admin_attachment` WHERE  `id` = 56 LIMIT 1 [ RunTime:0.000256s ]
[ sql ] [ SQL ] SELECT `title` FROM `dp_admin_navigation` WHERE  `id` = 4 LIMIT 1 [ RunTime:0.000195s ]
[ sql ] [ SQL ] SELECT `path` FROM `dp_admin_attachment` WHERE  `id` = 57 LIMIT 1 [ RunTime:0.000230s ]
[ sql ] [ SQL ] SELECT `title` FROM `dp_admin_navigation` WHERE  `id` = 4 LIMIT 1 [ RunTime:0.000295s ]
[ sql ] [ SQL ] SELECT `path` FROM `dp_admin_attachment` WHERE  `id` = 58 LIMIT 1 [ RunTime:0.000242s ]
[ sql ] [ SQL ] SELECT `title` FROM `dp_admin_navigation` WHERE  `id` = 4 LIMIT 1 [ RunTime:0.000399s ]
[ sql ] [ SQL ] SELECT `path` FROM `dp_admin_attachment` WHERE  `id` = 59 LIMIT 1 [ RunTime:0.000322s ]
[ sql ] [ SQL ] SELECT `title` FROM `dp_admin_navigation` WHERE  `id` = 4 LIMIT 1 [ RunTime:0.000300s ]
[ sql ] [ SQL ] SELECT `path` FROM `dp_admin_attachment` WHERE  `id` = 60 LIMIT 1 [ RunTime:0.000350s ]
[ sql ] [ SQL ] SELECT `title` FROM `dp_admin_navigation` WHERE  `id` = 4 LIMIT 1 [ RunTime:0.000256s ]
[ sql ] [ SQL ] SELECT `path` FROM `dp_admin_attachment` WHERE  `id` = 61 LIMIT 1 [ RunTime:0.000193s ]
[ sql ] [ SQL ] SELECT `id`,`title` FROM `dp_admin_navigation` WHERE  `pid` = 2 ORDER BY `sort` [ RunTime:0.000235s ]
[ sql ] [ SQL ] SELECT * FROM `dp_admin_menu` WHERE  `url_value` = 'admin/aboutus/add' LIMIT 1 [ RunTime:0.000606s ]
[ sql ] [ SQL ] SELECT * FROM `dp_admin_menu` WHERE  `url_value` = 'admin/aboutus/enable' LIMIT 1 [ RunTime:0.000505s ]
[ sql ] [ SQL ] SELECT * FROM `dp_admin_menu` WHERE  `url_value` = 'admin/aboutus/disable' LIMIT 1 [ RunTime:0.000430s ]
[ sql ] [ SQL ] SELECT * FROM `dp_admin_menu` WHERE  `url_value` = 'admin/aboutus/delete' LIMIT 1 [ RunTime:0.000423s ]
[ sql ] [ SQL ] SELECT * FROM `dp_admin_menu` WHERE  `url_value` = 'admin/aboutus/edit' LIMIT 1 [ RunTime:0.000461s ]
[ sql ] [ SQL ] SELECT * FROM `dp_admin_menu` WHERE  `url_value` = 'admin/aboutus/delete' LIMIT 1 [ RunTime:0.000420s ]
[ sql ] [ SQL ] SELECT `id` FROM `dp_admin_menu` WHERE  `pid` <> 0  AND `url_value` = 'admin/aboutus/index' LIMIT 1 [ RunTime:0.000653s ]
[ sql ] [ SQL ] SELECT `id`,`pid`,`title`,`url_value`,`params` FROM `dp_admin_menu` [ RunTime:0.000909s ]
[ sql ] [ SQL ] SHOW COLUMNS FROM `dp_admin_user` [ RunTime:0.037517s ]
[ sql ] [ SQL ] SELECT `avatar` FROM `dp_admin_user` WHERE  `id` = 1 LIMIT 1 [ RunTime:0.000658s ]
[ sql ] [ SQL ] SELECT * FROM `dp_admin_attachment` WHERE  `id` = 1 LIMIT 1 [ RunTime:0.000839s ]
[ sql ] [ SQL ] SELECT `avatar` FROM `dp_admin_user` WHERE  `id` = 1 LIMIT 1 [ RunTime:0.000605s ]
[ sql ] [ SQL ] SELECT * FROM `dp_admin_attachment` WHERE  `id` = 1 LIMIT 1 [ RunTime:0.000651s ]
---------------------------------------------------------------

[2020-05-30T09:16:41+08:00] 127.0.0.1 POST dolphin.com/admin.php/admin/aboutus/quickedit.html
[运行时间：0.486900s] [吞吐率：2.05req/s] [内存消耗：3,168.39kb] [文件加载：106]
[ info ] [ LANG ] F:\Project\Dolphin\thinkphp\lang\zh-cn.php
[ info ] [ DB ] INIT mysql
[ info ] [ ROUTE ] array (
)
[ info ] [ HEADER ] array (
  'cookie' => 'PHPSESSID=f5c42ttf2sju1sta89tfcckpjg; Hm_lvt_7df9947f924dba11b94fe85fad935d1d=1590468867; Hm_lpvt_7df9947f924dba11b94fe85fad935d1d=1590479091; _ga=GA1.2.804958976.1590652913; dolphin___forward__=%2Fadmin.php%2Fadmin%2Fmenu%2Findex.html',
  'accept-language' => 'zh-CN,zh;q=0.9',
  'accept-encoding' => 'gzip, deflate',
  'referer' => 'http://dolphin.com/admin.php/admin/aboutus/index.html',
  'origin' => 'http://dolphin.com',
  'content-type' => 'application/x-www-form-urlencoded; charset=UTF-8',
  'user-agent' => 'Mozilla/5.0 (Windows NT 10.0; Win64; x64) AppleWebKit/537.36 (KHTML, like Gecko) Chrome/83.0.4103.61 Safari/537.36',
  'x-requested-with' => 'XMLHttpRequest',
  'accept' => '*/*',
  'content-length' => '89',
  'connection' => 'close',
  'host' => 'dolphin.com',
)
[ info ] [ PARAM ] array (
  'name' => 'sort',
  'value' => '2147483648',
  'pk' => '1',
  '_t' => '4bf6ef8d',
  'type' => 'text',
  'validate' => 'Table',
  'validate_fields' => 'sort',
)
[ sql ] [ DB ] CONNECT:[ UseTime:0.012006s ] mysql:host=127.0.0.1;port=3306;dbname=dolphin;charset=utf8
[ sql ] [ SQL ] SHOW COLUMNS FROM `dp_admin_config` [ RunTime:0.037821s ]
[ sql ] [ SQL ] SELECT `name`,`value`,`type` FROM `dp_admin_config` [ RunTime:0.000605s ]
[ sql ] [ SQL ] SHOW COLUMNS FROM `dp_admin_module` [ RunTime:0.021262s ]
[ sql ] [ SQL ] SELECT `name`,`config` FROM `dp_admin_module` WHERE  `config` <> '' [ RunTime:0.000576s ]
[ sql ] [ SQL ] SHOW COLUMNS FROM `dp_admin_hook` [ RunTime:0.021803s ]
[ sql ] [ SQL ] SELECT `name`,`status` FROM `dp_admin_hook` WHERE  `status` = 1 [ RunTime:0.000594s ]
[ sql ] [ SQL ] SHOW COLUMNS FROM `dp_admin_plugin` [ RunTime:0.022740s ]
[ sql ] [ SQL ] SELECT `name`,`status` FROM `dp_admin_plugin` WHERE  `status` = 1 [ RunTime:0.000940s ]
[ sql ] [ SQL ] SHOW COLUMNS FROM `dp_admin_hook_plugin` [ RunTime:0.028845s ]
[ sql ] [ SQL ] SELECT * FROM `dp_admin_hook_plugin` WHERE  `status` = 1 ORDER BY `hook`,`sort` [ RunTime:0.000603s ]
[ sql ] [ SQL ] SHOW COLUMNS FROM `dp_admin_role` [ RunTime:0.026173s ]
[ sql ] [ SQL ] SELECT `menu_auth` FROM `dp_admin_role` WHERE  `id` = 1 LIMIT 1 [ RunTime:0.000518s ]
[ sql ] [ SQL ] SHOW COLUMNS FROM `dp_admin_menu` [ RunTime:0.021739s ]
[ sql ] [ SQL ] SELECT `id`,`url_value` FROM `dp_admin_menu` WHERE  `id` = in [ RunTime:0.000523s ]
[ sql ] [ SQL ] SHOW COLUMNS FROM `dp_home_aboutus` [ RunTime:0.021464s ]
[ sql ] [ SQL ] SELECT `sort` FROM `dp_home_aboutus` WHERE  `id` = 1 LIMIT 1 [ RunTime:0.000568s ]
[ sql ] [ SQL ] UPDATE `dp_home_aboutus`  SET `sort` = 2147483648  WHERE  `id` = 1 [ RunTime:0.001344s ]
[ sql ] [ SQL ] SHOW COLUMNS FROM `dp_admin_action` [ RunTime:0.069365s ]
[ sql ] [ SQL ] SELECT * FROM `dp_admin_action` WHERE  `module` = 'admin'  AND `name` = 'aboutus_edit' LIMIT 1 [ RunTime:0.000687s ]
---------------------------------------------------------------

[2020-05-30T09:16:51+08:00] 127.0.0.1 POST dolphin.com/admin.php/admin/aboutus/quickedit.html
[运行时间：0.287069s] [吞吐率：3.48req/s] [内存消耗：3,168.38kb] [文件加载：106]
[ info ] [ LANG ] F:\Project\Dolphin\thinkphp\lang\zh-cn.php
[ info ] [ DB ] INIT mysql
[ info ] [ ROUTE ] array (
)
[ info ] [ HEADER ] array (
  'cookie' => 'PHPSESSID=f5c42ttf2sju1sta89tfcckpjg; Hm_lvt_7df9947f924dba11b94fe85fad935d1d=1590468867; Hm_lpvt_7df9947f924dba11b94fe85fad935d1d=1590479091; _ga=GA1.2.804958976.1590652913; dolphin___forward__=%2Fadmin.php%2Fadmin%2Fmenu%2Findex.html',
  'accept-language' => 'zh-CN,zh;q=0.9',
  'accept-encoding' => 'gzip, deflate',
  'referer' => 'http://dolphin.com/admin.php/admin/aboutus/index.html',
  'origin' => 'http://dolphin.com',
  'content-type' => 'application/x-www-form-urlencoded; charset=UTF-8',
  'user-agent' => 'Mozilla/5.0 (Windows NT 10.0; Win64; x64) AppleWebKit/537.36 (KHTML, like Gecko) Chrome/83.0.4103.61 Safari/537.36',
  'x-requested-with' => 'XMLHttpRequest',
  'accept' => '*/*',
  'content-length' => '92',
  'connection' => 'close',
  'host' => 'dolphin.com',
)
[ info ] [ PARAM ] array (
  'name' => 'sort',
  'value' => '2147483648888',
  'pk' => '1',
  '_t' => '4bf6ef8d',
  'type' => 'text',
  'validate' => 'Table',
  'validate_fields' => 'sort',
)
[ sql ] [ DB ] CONNECT:[ UseTime:0.010865s ] mysql:host=127.0.0.1;port=3306;dbname=dolphin;charset=utf8
[ sql ] [ SQL ] SHOW COLUMNS FROM `dp_admin_config` [ RunTime:0.037024s ]
[ sql ] [ SQL ] SELECT `name`,`value`,`type` FROM `dp_admin_config` [ RunTime:0.000723s ]
[ sql ] [ SQL ] SHOW COLUMNS FROM `dp_admin_module` [ RunTime:0.022589s ]
[ sql ] [ SQL ] SELECT `name`,`config` FROM `dp_admin_module` WHERE  `config` <> '' [ RunTime:0.000612s ]
[ sql ] [ SQL ] SHOW COLUMNS FROM `dp_admin_hook` [ RunTime:0.022147s ]
[ sql ] [ SQL ] SELECT `name`,`status` FROM `dp_admin_hook` WHERE  `status` = 1 [ RunTime:0.000532s ]
[ sql ] [ SQL ] SHOW COLUMNS FROM `dp_admin_plugin` [ RunTime:0.021729s ]
[ sql ] [ SQL ] SELECT `name`,`status` FROM `dp_admin_plugin` WHERE  `status` = 1 [ RunTime:0.000591s ]
[ sql ] [ SQL ] SHOW COLUMNS FROM `dp_admin_hook_plugin` [ RunTime:0.021437s ]
[ sql ] [ SQL ] SELECT * FROM `dp_admin_hook_plugin` WHERE  `status` = 1 ORDER BY `hook`,`sort` [ RunTime:0.000594s ]
[ sql ] [ SQL ] SHOW COLUMNS FROM `dp_admin_role` [ RunTime:0.023855s ]
[ sql ] [ SQL ] SELECT `menu_auth` FROM `dp_admin_role` WHERE  `id` = 1 LIMIT 1 [ RunTime:0.000446s ]
[ sql ] [ SQL ] SHOW COLUMNS FROM `dp_admin_menu` [ RunTime:0.021964s ]
[ sql ] [ SQL ] SELECT `id`,`url_value` FROM `dp_admin_menu` WHERE  `id` = in [ RunTime:0.000588s ]
[ sql ] [ SQL ] SHOW COLUMNS FROM `dp_home_aboutus` [ RunTime:0.023418s ]
[ sql ] [ SQL ] SELECT `sort` FROM `dp_home_aboutus` WHERE  `id` = 1 LIMIT 1 [ RunTime:0.000492s ]
[ sql ] [ SQL ] UPDATE `dp_home_aboutus`  SET `sort` = 2147483648888  WHERE  `id` = 1 [ RunTime:0.000422s ]
[ sql ] [ SQL ] SHOW COLUMNS FROM `dp_admin_action` [ RunTime:0.022476s ]
[ sql ] [ SQL ] SELECT * FROM `dp_admin_action` WHERE  `module` = 'admin'  AND `name` = 'aboutus_edit' LIMIT 1 [ RunTime:0.000721s ]
---------------------------------------------------------------

[2020-05-30T09:17:08+08:00] 127.0.0.1 GET dolphin.com/admin.php/admin/aboutus/index.html
[运行时间：0.454402s] [吞吐率：2.20req/s] [内存消耗：4,021.62kb] [文件加载：115]
[ info ] [ LANG ] F:\Project\Dolphin\thinkphp\lang\zh-cn.php
[ info ] [ DB ] INIT mysql
[ info ] [ ROUTE ] array (
)
[ info ] [ HEADER ] array (
  'cookie' => 'PHPSESSID=f5c42ttf2sju1sta89tfcckpjg; Hm_lvt_7df9947f924dba11b94fe85fad935d1d=1590468867; Hm_lpvt_7df9947f924dba11b94fe85fad935d1d=1590479091; _ga=GA1.2.804958976.1590652913; dolphin___forward__=%2Fadmin.php%2Fadmin%2Fmenu%2Findex.html',
  'accept-language' => 'zh-CN,zh;q=0.9',
  'accept-encoding' => 'gzip, deflate',
  'referer' => 'http://dolphin.com/admin.php/admin',
  'accept' => 'text/html,application/xhtml+xml,application/xml;q=0.9,image/webp,image/apng,*/*;q=0.8,application/signed-exchange;v=b3;q=0.9',
  'user-agent' => 'Mozilla/5.0 (Windows NT 10.0; Win64; x64) AppleWebKit/537.36 (KHTML, like Gecko) Chrome/83.0.4103.61 Safari/537.36',
  'upgrade-insecure-requests' => '1',
  'cache-control' => 'max-age=0',
  'connection' => 'close',
  'host' => 'dolphin.com',
)
[ info ] [ PARAM ] array (
)
[ info ] [ VIEW ] F:\Project\Dolphin\application\common/builder/table/layout.html [ array (
  0 => '_admin_base_layout',
  1 => 'system_color',
  2 => '_pop',
  3 => '_top_menus',
  4 => '_top_menus_all',
  5 => '_sidebar_menus',
  6 => '_location',
  7 => '_message',
  8 => '_icons',
  9 => 'aside',
  10 => 'page_title',
  11 => 'page_tips',
  12 => 'tips_type',
  13 => 'tab_nav',
  14 => 'hide_checkbox',
  15 => 'extra_html',
  16 => 'extra_js',
  17 => 'extra_css',
  18 => 'order_columns',
  19 => 'filter_columns',
  20 => 'filter_map',
  21 => '_field_display',
  22 => '_filter_content',
  23 => '_filter',
  24 => 'top_buttons',
  25 => 'right_buttons',
  26 => 'search',
  27 => 'search_button',
  28 => 'columns',
  29 => 'pages',
  30 => 'row_list',
  31 => '_page_info',
  32 => 'primary_key',
  33 => '_table',
  34 => 'js_list',
  35 => 'css_list',
  36 => 'validate',
  37 => '_js_files',
  38 => '_css_files',
  39 => '_select_list',
  40 => '_filter_time',
  41 => 'empty_tips',
  42 => '_search_area',
  43 => '_search_area_url',
  44 => '_search_area_op',
  45 => 'builder_height',
  46 => 'fixed_right_column',
  47 => 'fixed_left_column',
  48 => 'column_width',
  49 => 'column_hide',
  50 => '_js_init',
  51 => '_search_area_layout',
  52 => 'validate_fields',
) ]
[ sql ] [ DB ] CONNECT:[ UseTime:0.001568s ] mysql:host=127.0.0.1;port=3306;dbname=dolphin;charset=utf8
[ sql ] [ SQL ] SHOW COLUMNS FROM `dp_admin_config` [ RunTime:0.047303s ]
[ sql ] [ SQL ] SELECT `name`,`value`,`type` FROM `dp_admin_config` [ RunTime:0.000707s ]
[ sql ] [ SQL ] SHOW COLUMNS FROM `dp_admin_module` [ RunTime:0.024987s ]
[ sql ] [ SQL ] SELECT `name`,`config` FROM `dp_admin_module` WHERE  `config` <> '' [ RunTime:0.000957s ]
[ sql ] [ SQL ] SHOW COLUMNS FROM `dp_admin_hook` [ RunTime:0.023879s ]
[ sql ] [ SQL ] SELECT `name`,`status` FROM `dp_admin_hook` WHERE  `status` = 1 [ RunTime:0.000437s ]
[ sql ] [ SQL ] SHOW COLUMNS FROM `dp_admin_plugin` [ RunTime:0.023933s ]
[ sql ] [ SQL ] SELECT `name`,`status` FROM `dp_admin_plugin` WHERE  `status` = 1 [ RunTime:0.000365s ]
[ sql ] [ SQL ] SHOW COLUMNS FROM `dp_admin_hook_plugin` [ RunTime:0.021902s ]
[ sql ] [ SQL ] SELECT * FROM `dp_admin_hook_plugin` WHERE  `status` = 1 ORDER BY `hook`,`sort` [ RunTime:0.000578s ]
[ sql ] [ SQL ] SHOW COLUMNS FROM `dp_admin_role` [ RunTime:0.023572s ]
[ sql ] [ SQL ] SELECT `menu_auth` FROM `dp_admin_role` WHERE  `id` = 1 LIMIT 1 [ RunTime:0.000312s ]
[ sql ] [ SQL ] SHOW COLUMNS FROM `dp_admin_menu` [ RunTime:0.021580s ]
[ sql ] [ SQL ] SELECT `id`,`url_value` FROM `dp_admin_menu` WHERE  `id` = in [ RunTime:0.000267s ]
[ sql ] [ SQL ] SELECT `id`,`pid`,`module`,`title`,`url_value`,`url_type`,`url_target`,`icon`,`params` FROM `dp_admin_menu` WHERE  `status` = 1  AND `pid` = 0 ORDER BY `sort`,`id` [ RunTime:0.000761s ]
[ sql ] [ SQL ] SELECT `id`,`pid`,`module`,`title`,`url_value`,`url_type`,`url_target`,`icon`,`params` FROM `dp_admin_menu` WHERE  `status` = 1  AND `pid` = 0 ORDER BY `sort`,`id` [ RunTime:0.000860s ]
[ sql ] [ SQL ] SELECT `id` FROM `dp_admin_menu` WHERE  `pid` <> 0  AND `url_value` = 'admin/aboutus/index' LIMIT 1 [ RunTime:0.000436s ]
[ sql ] [ SQL ] SELECT `id`,`pid`,`title`,`url_value`,`params` FROM `dp_admin_menu` [ RunTime:0.001180s ]
[ sql ] [ SQL ] SELECT `id`,`pid`,`module`,`title`,`url_value`,`url_type`,`url_target`,`icon`,`params` FROM `dp_admin_menu` WHERE  `status` = 1 ORDER BY `sort`,`id` [ RunTime:0.003884s ]
[ sql ] [ SQL ] SELECT `id` FROM `dp_admin_menu` WHERE  `pid` <> 0  AND `url_value` = 'admin/aboutus/index' LIMIT 1 [ RunTime:0.000614s ]
[ sql ] [ SQL ] SELECT `id`,`pid`,`title`,`url_value`,`params` FROM `dp_admin_menu` [ RunTime:0.000740s ]
[ sql ] [ SQL ] SHOW COLUMNS FROM `dp_admin_message` [ RunTime:0.023614s ]
[ sql ] [ SQL ] SELECT COUNT(*) AS tp_count FROM `dp_admin_message` WHERE  `status` = 0  AND `uid_receive` = 1 [ RunTime:0.000462s ]
[ sql ] [ SQL ] SHOW COLUMNS FROM `dp_admin_icon` [ RunTime:0.022280s ]
[ sql ] [ SQL ] SELECT * FROM `dp_admin_icon` WHERE  `status` = 1 [ RunTime:0.000307s ]
[ sql ] [ SQL ] SELECT `value` FROM `dp_admin_config` WHERE  `id` = 1 LIMIT 1 [ RunTime:0.000222s ]
[ sql ] [ SQL ] SHOW COLUMNS FROM `dp_home_aboutus` [ RunTime:0.020116s ]
[ sql ] [ SQL ] SELECT COUNT(*) AS tp_count FROM `dp_home_aboutus` [ RunTime:0.000542s ]
[ sql ] [ SQL ] SELECT * FROM `dp_home_aboutus` LIMIT 0,20 [ RunTime:0.000476s ]
[ sql ] [ SQL ] SHOW COLUMNS FROM `dp_admin_navigation` [ RunTime:0.020661s ]
[ sql ] [ SQL ] SELECT `title` FROM `dp_admin_navigation` WHERE  `id` = 3 LIMIT 1 [ RunTime:0.000305s ]
[ sql ] [ SQL ] SHOW COLUMNS FROM `dp_admin_attachment` [ RunTime:0.021322s ]
[ sql ] [ SQL ] SELECT `path` FROM `dp_admin_attachment` WHERE  `id` = 7 LIMIT 1 [ RunTime:0.000618s ]
[ sql ] [ SQL ] SELECT `title` FROM `dp_admin_navigation` WHERE  `id` = 3 LIMIT 1 [ RunTime:0.000687s ]
[ sql ] [ SQL ] SELECT `path` FROM `dp_admin_attachment` WHERE  `id` = 6 LIMIT 1 [ RunTime:0.000518s ]
[ sql ] [ SQL ] SELECT `title` FROM `dp_admin_navigation` WHERE  `id` = 3 LIMIT 1 [ RunTime:0.000398s ]
[ sql ] [ SQL ] SELECT `path` FROM `dp_admin_attachment` WHERE  `id` = 9 LIMIT 1 [ RunTime:0.000482s ]
[ sql ] [ SQL ] SELECT `title` FROM `dp_admin_navigation` WHERE  `id` = 3 LIMIT 1 [ RunTime:0.000572s ]
[ sql ] [ SQL ] SELECT `path` FROM `dp_admin_attachment` WHERE  `id` = 8 LIMIT 1 [ RunTime:0.000346s ]
[ sql ] [ SQL ] SELECT `title` FROM `dp_admin_navigation` WHERE  `id` = 3 LIMIT 1 [ RunTime:0.000371s ]
[ sql ] [ SQL ] SELECT `path` FROM `dp_admin_attachment` WHERE  `id` = 10 LIMIT 1 [ RunTime:0.000465s ]
[ sql ] [ SQL ] SELECT `title` FROM `dp_admin_navigation` WHERE  `id` = 3 LIMIT 1 [ RunTime:0.000260s ]
[ sql ] [ SQL ] SELECT `path` FROM `dp_admin_attachment` WHERE  `id` = 11 LIMIT 1 [ RunTime:0.000249s ]
[ sql ] [ SQL ] SELECT `title` FROM `dp_admin_navigation` WHERE  `id` = 3 LIMIT 1 [ RunTime:0.000306s ]
[ sql ] [ SQL ] SELECT `path` FROM `dp_admin_attachment` WHERE  `id` = 12 LIMIT 1 [ RunTime:0.000335s ]
[ sql ] [ SQL ] SELECT `title` FROM `dp_admin_navigation` WHERE  `id` = 3 LIMIT 1 [ RunTime:0.000456s ]
[ sql ] [ SQL ] SELECT `path` FROM `dp_admin_attachment` WHERE  `id` = 13 LIMIT 1 [ RunTime:0.000395s ]
[ sql ] [ SQL ] SELECT `title` FROM `dp_admin_navigation` WHERE  `id` = 3 LIMIT 1 [ RunTime:0.000271s ]
[ sql ] [ SQL ] SELECT `path` FROM `dp_admin_attachment` WHERE  `id` = 14 LIMIT 1 [ RunTime:0.000200s ]
[ sql ] [ SQL ] SELECT `title` FROM `dp_admin_navigation` WHERE  `id` = 3 LIMIT 1 [ RunTime:0.000193s ]
[ sql ] [ SQL ] SELECT `path` FROM `dp_admin_attachment` WHERE  `id` = 15 LIMIT 1 [ RunTime:0.000194s ]
[ sql ] [ SQL ] SELECT `title` FROM `dp_admin_navigation` WHERE  `id` = 4 LIMIT 1 [ RunTime:0.000189s ]
[ sql ] [ SQL ] SELECT `path` FROM `dp_admin_attachment` WHERE  `id` = 52 LIMIT 1 [ RunTime:0.000192s ]
[ sql ] [ SQL ] SELECT `title` FROM `dp_admin_navigation` WHERE  `id` = 4 LIMIT 1 [ RunTime:0.000187s ]
[ sql ] [ SQL ] SELECT `path` FROM `dp_admin_attachment` WHERE  `id` = 53 LIMIT 1 [ RunTime:0.000247s ]
[ sql ] [ SQL ] SELECT `title` FROM `dp_admin_navigation` WHERE  `id` = 4 LIMIT 1 [ RunTime:0.000195s ]
[ sql ] [ SQL ] SELECT `path` FROM `dp_admin_attachment` WHERE  `id` = 54 LIMIT 1 [ RunTime:0.000189s ]
[ sql ] [ SQL ] SELECT `title` FROM `dp_admin_navigation` WHERE  `id` = 4 LIMIT 1 [ RunTime:0.000191s ]
[ sql ] [ SQL ] SELECT `path` FROM `dp_admin_attachment` WHERE  `id` = 55 LIMIT 1 [ RunTime:0.000192s ]
[ sql ] [ SQL ] SELECT `title` FROM `dp_admin_navigation` WHERE  `id` = 4 LIMIT 1 [ RunTime:0.000188s ]
[ sql ] [ SQL ] SELECT `path` FROM `dp_admin_attachment` WHERE  `id` = 56 LIMIT 1 [ RunTime:0.000230s ]
[ sql ] [ SQL ] SELECT `title` FROM `dp_admin_navigation` WHERE  `id` = 4 LIMIT 1 [ RunTime:0.000195s ]
[ sql ] [ SQL ] SELECT `path` FROM `dp_admin_attachment` WHERE  `id` = 57 LIMIT 1 [ RunTime:0.000188s ]
[ sql ] [ SQL ] SELECT `title` FROM `dp_admin_navigation` WHERE  `id` = 4 LIMIT 1 [ RunTime:0.000188s ]
[ sql ] [ SQL ] SELECT `path` FROM `dp_admin_attachment` WHERE  `id` = 58 LIMIT 1 [ RunTime:0.000270s ]
[ sql ] [ SQL ] SELECT `title` FROM `dp_admin_navigation` WHERE  `id` = 4 LIMIT 1 [ RunTime:0.000192s ]
[ sql ] [ SQL ] SELECT `path` FROM `dp_admin_attachment` WHERE  `id` = 59 LIMIT 1 [ RunTime:0.000271s ]
[ sql ] [ SQL ] SELECT `title` FROM `dp_admin_navigation` WHERE  `id` = 4 LIMIT 1 [ RunTime:0.000287s ]
[ sql ] [ SQL ] SELECT `path` FROM `dp_admin_attachment` WHERE  `id` = 60 LIMIT 1 [ RunTime:0.000436s ]
[ sql ] [ SQL ] SELECT `title` FROM `dp_admin_navigation` WHERE  `id` = 4 LIMIT 1 [ RunTime:0.000319s ]
[ sql ] [ SQL ] SELECT `path` FROM `dp_admin_attachment` WHERE  `id` = 61 LIMIT 1 [ RunTime:0.000540s ]
[ sql ] [ SQL ] SELECT `id`,`title` FROM `dp_admin_navigation` WHERE  `pid` = 2 ORDER BY `sort` [ RunTime:0.000779s ]
[ sql ] [ SQL ] SELECT * FROM `dp_admin_menu` WHERE  `url_value` = 'admin/aboutus/add' LIMIT 1 [ RunTime:0.000468s ]
[ sql ] [ SQL ] SELECT * FROM `dp_admin_menu` WHERE  `url_value` = 'admin/aboutus/enable' LIMIT 1 [ RunTime:0.000401s ]
[ sql ] [ SQL ] SELECT * FROM `dp_admin_menu` WHERE  `url_value` = 'admin/aboutus/disable' LIMIT 1 [ RunTime:0.000302s ]
[ sql ] [ SQL ] SELECT * FROM `dp_admin_menu` WHERE  `url_value` = 'admin/aboutus/delete' LIMIT 1 [ RunTime:0.000298s ]
[ sql ] [ SQL ] SELECT * FROM `dp_admin_menu` WHERE  `url_value` = 'admin/aboutus/edit' LIMIT 1 [ RunTime:0.000298s ]
[ sql ] [ SQL ] SELECT * FROM `dp_admin_menu` WHERE  `url_value` = 'admin/aboutus/delete' LIMIT 1 [ RunTime:0.000297s ]
[ sql ] [ SQL ] SELECT `id` FROM `dp_admin_menu` WHERE  `pid` <> 0  AND `url_value` = 'admin/aboutus/index' LIMIT 1 [ RunTime:0.000349s ]
[ sql ] [ SQL ] SELECT `id`,`pid`,`title`,`url_value`,`params` FROM `dp_admin_menu` [ RunTime:0.000504s ]
[ sql ] [ SQL ] SHOW COLUMNS FROM `dp_admin_user` [ RunTime:0.022404s ]
[ sql ] [ SQL ] SELECT `avatar` FROM `dp_admin_user` WHERE  `id` = 1 LIMIT 1 [ RunTime:0.000367s ]
[ sql ] [ SQL ] SELECT * FROM `dp_admin_attachment` WHERE  `id` = 1 LIMIT 1 [ RunTime:0.000297s ]
[ sql ] [ SQL ] SELECT `avatar` FROM `dp_admin_user` WHERE  `id` = 1 LIMIT 1 [ RunTime:0.000242s ]
[ sql ] [ SQL ] SELECT * FROM `dp_admin_attachment` WHERE  `id` = 1 LIMIT 1 [ RunTime:0.000259s ]
---------------------------------------------------------------

[2020-05-30T09:17:14+08:00] 127.0.0.1 GET dolphin.com/admin.php/admin/aboutus/index.html
[运行时间：0.551216s] [吞吐率：1.81req/s] [内存消耗：4,021.60kb] [文件加载：115]
[ info ] [ LANG ] F:\Project\Dolphin\thinkphp\lang\zh-cn.php
[ info ] [ DB ] INIT mysql
[ info ] [ ROUTE ] array (
)
[ info ] [ HEADER ] array (
  'cookie' => 'PHPSESSID=f5c42ttf2sju1sta89tfcckpjg; Hm_lvt_7df9947f924dba11b94fe85fad935d1d=1590468867; Hm_lpvt_7df9947f924dba11b94fe85fad935d1d=1590479091; _ga=GA1.2.804958976.1590652913; dolphin___forward__=%2Fadmin.php%2Fadmin%2Fmenu%2Findex.html',
  'accept-language' => 'zh-CN,zh;q=0.9',
  'accept-encoding' => 'gzip, deflate',
  'referer' => 'http://dolphin.com/admin.php/admin',
  'accept' => 'text/html,application/xhtml+xml,application/xml;q=0.9,image/webp,image/apng,*/*;q=0.8,application/signed-exchange;v=b3;q=0.9',
  'user-agent' => 'Mozilla/5.0 (Windows NT 10.0; Win64; x64) AppleWebKit/537.36 (KHTML, like Gecko) Chrome/83.0.4103.61 Safari/537.36',
  'upgrade-insecure-requests' => '1',
  'cache-control' => 'max-age=0',
  'connection' => 'close',
  'host' => 'dolphin.com',
)
[ info ] [ PARAM ] array (
)
[ info ] [ VIEW ] F:\Project\Dolphin\application\common/builder/table/layout.html [ array (
  0 => '_admin_base_layout',
  1 => 'system_color',
  2 => '_pop',
  3 => '_top_menus',
  4 => '_top_menus_all',
  5 => '_sidebar_menus',
  6 => '_location',
  7 => '_message',
  8 => '_icons',
  9 => 'aside',
  10 => 'page_title',
  11 => 'page_tips',
  12 => 'tips_type',
  13 => 'tab_nav',
  14 => 'hide_checkbox',
  15 => 'extra_html',
  16 => 'extra_js',
  17 => 'extra_css',
  18 => 'order_columns',
  19 => 'filter_columns',
  20 => 'filter_map',
  21 => '_field_display',
  22 => '_filter_content',
  23 => '_filter',
  24 => 'top_buttons',
  25 => 'right_buttons',
  26 => 'search',
  27 => 'search_button',
  28 => 'columns',
  29 => 'pages',
  30 => 'row_list',
  31 => '_page_info',
  32 => 'primary_key',
  33 => '_table',
  34 => 'js_list',
  35 => 'css_list',
  36 => 'validate',
  37 => '_js_files',
  38 => '_css_files',
  39 => '_select_list',
  40 => '_filter_time',
  41 => 'empty_tips',
  42 => '_search_area',
  43 => '_search_area_url',
  44 => '_search_area_op',
  45 => 'builder_height',
  46 => 'fixed_right_column',
  47 => 'fixed_left_column',
  48 => 'column_width',
  49 => 'column_hide',
  50 => '_js_init',
  51 => '_search_area_layout',
  52 => 'validate_fields',
) ]
[ sql ] [ DB ] CONNECT:[ UseTime:0.011801s ] mysql:host=127.0.0.1;port=3306;dbname=dolphin;charset=utf8
[ sql ] [ SQL ] SHOW COLUMNS FROM `dp_admin_config` [ RunTime:0.031431s ]
[ sql ] [ SQL ] SELECT `name`,`value`,`type` FROM `dp_admin_config` [ RunTime:0.000695s ]
[ sql ] [ SQL ] SHOW COLUMNS FROM `dp_admin_module` [ RunTime:0.022552s ]
[ sql ] [ SQL ] SELECT `name`,`config` FROM `dp_admin_module` WHERE  `config` <> '' [ RunTime:0.000607s ]
[ sql ] [ SQL ] SHOW COLUMNS FROM `dp_admin_hook` [ RunTime:0.021837s ]
[ sql ] [ SQL ] SELECT `name`,`status` FROM `dp_admin_hook` WHERE  `status` = 1 [ RunTime:0.000659s ]
[ sql ] [ SQL ] SHOW COLUMNS FROM `dp_admin_plugin` [ RunTime:0.024429s ]
[ sql ] [ SQL ] SELECT `name`,`status` FROM `dp_admin_plugin` WHERE  `status` = 1 [ RunTime:0.000566s ]
[ sql ] [ SQL ] SHOW COLUMNS FROM `dp_admin_hook_plugin` [ RunTime:0.024903s ]
[ sql ] [ SQL ] SELECT * FROM `dp_admin_hook_plugin` WHERE  `status` = 1 ORDER BY `hook`,`sort` [ RunTime:0.000761s ]
[ sql ] [ SQL ] SHOW COLUMNS FROM `dp_admin_role` [ RunTime:0.031816s ]
[ sql ] [ SQL ] SELECT `menu_auth` FROM `dp_admin_role` WHERE  `id` = 1 LIMIT 1 [ RunTime:0.000560s ]
[ sql ] [ SQL ] SHOW COLUMNS FROM `dp_admin_menu` [ RunTime:0.025631s ]
[ sql ] [ SQL ] SELECT `id`,`url_value` FROM `dp_admin_menu` WHERE  `id` = in [ RunTime:0.000316s ]
[ sql ] [ SQL ] SELECT `id`,`pid`,`module`,`title`,`url_value`,`url_type`,`url_target`,`icon`,`params` FROM `dp_admin_menu` WHERE  `status` = 1  AND `pid` = 0 ORDER BY `sort`,`id` [ RunTime:0.000647s ]
[ sql ] [ SQL ] SELECT `id`,`pid`,`module`,`title`,`url_value`,`url_type`,`url_target`,`icon`,`params` FROM `dp_admin_menu` WHERE  `status` = 1  AND `pid` = 0 ORDER BY `sort`,`id` [ RunTime:0.001038s ]
[ sql ] [ SQL ] SELECT `id` FROM `dp_admin_menu` WHERE  `pid` <> 0  AND `url_value` = 'admin/aboutus/index' LIMIT 1 [ RunTime:0.000712s ]
[ sql ] [ SQL ] SELECT `id`,`pid`,`title`,`url_value`,`params` FROM `dp_admin_menu` [ RunTime:0.000858s ]
[ sql ] [ SQL ] SELECT `id`,`pid`,`module`,`title`,`url_value`,`url_type`,`url_target`,`icon`,`params` FROM `dp_admin_menu` WHERE  `status` = 1 ORDER BY `sort`,`id` [ RunTime:0.005663s ]
[ sql ] [ SQL ] SELECT `id` FROM `dp_admin_menu` WHERE  `pid` <> 0  AND `url_value` = 'admin/aboutus/index' LIMIT 1 [ RunTime:0.000835s ]
[ sql ] [ SQL ] SELECT `id`,`pid`,`title`,`url_value`,`params` FROM `dp_admin_menu` [ RunTime:0.000856s ]
[ sql ] [ SQL ] SHOW COLUMNS FROM `dp_admin_message` [ RunTime:0.030491s ]
[ sql ] [ SQL ] SELECT COUNT(*) AS tp_count FROM `dp_admin_message` WHERE  `status` = 0  AND `uid_receive` = 1 [ RunTime:0.000560s ]
[ sql ] [ SQL ] SHOW COLUMNS FROM `dp_admin_icon` [ RunTime:0.026935s ]
[ sql ] [ SQL ] SELECT * FROM `dp_admin_icon` WHERE  `status` = 1 [ RunTime:0.000496s ]
[ sql ] [ SQL ] SELECT `value` FROM `dp_admin_config` WHERE  `id` = 1 LIMIT 1 [ RunTime:0.000488s ]
[ sql ] [ SQL ] SHOW COLUMNS FROM `dp_home_aboutus` [ RunTime:0.026883s ]
[ sql ] [ SQL ] SELECT COUNT(*) AS tp_count FROM `dp_home_aboutus` [ RunTime:0.000491s ]
[ sql ] [ SQL ] SELECT * FROM `dp_home_aboutus` LIMIT 0,20 [ RunTime:0.000551s ]
[ sql ] [ SQL ] SHOW COLUMNS FROM `dp_admin_navigation` [ RunTime:0.038639s ]
[ sql ] [ SQL ] SELECT `title` FROM `dp_admin_navigation` WHERE  `id` = 3 LIMIT 1 [ RunTime:0.000606s ]
[ sql ] [ SQL ] SHOW COLUMNS FROM `dp_admin_attachment` [ RunTime:0.028568s ]
[ sql ] [ SQL ] SELECT `path` FROM `dp_admin_attachment` WHERE  `id` = 7 LIMIT 1 [ RunTime:0.001078s ]
[ sql ] [ SQL ] SELECT `title` FROM `dp_admin_navigation` WHERE  `id` = 3 LIMIT 1 [ RunTime:0.000710s ]
[ sql ] [ SQL ] SELECT `path` FROM `dp_admin_attachment` WHERE  `id` = 6 LIMIT 1 [ RunTime:0.000513s ]
[ sql ] [ SQL ] SELECT `title` FROM `dp_admin_navigation` WHERE  `id` = 3 LIMIT 1 [ RunTime:0.000262s ]
[ sql ] [ SQL ] SELECT `path` FROM `dp_admin_attachment` WHERE  `id` = 9 LIMIT 1 [ RunTime:0.000302s ]
[ sql ] [ SQL ] SELECT `title` FROM `dp_admin_navigation` WHERE  `id` = 3 LIMIT 1 [ RunTime:0.000254s ]
[ sql ] [ SQL ] SELECT `path` FROM `dp_admin_attachment` WHERE  `id` = 8 LIMIT 1 [ RunTime:0.000297s ]
[ sql ] [ SQL ] SELECT `title` FROM `dp_admin_navigation` WHERE  `id` = 3 LIMIT 1 [ RunTime:0.000306s ]
[ sql ] [ SQL ] SELECT `path` FROM `dp_admin_attachment` WHERE  `id` = 10 LIMIT 1 [ RunTime:0.000254s ]
[ sql ] [ SQL ] SELECT `title` FROM `dp_admin_navigation` WHERE  `id` = 3 LIMIT 1 [ RunTime:0.000357s ]
[ sql ] [ SQL ] SELECT `path` FROM `dp_admin_attachment` WHERE  `id` = 11 LIMIT 1 [ RunTime:0.000339s ]
[ sql ] [ SQL ] SELECT `title` FROM `dp_admin_navigation` WHERE  `id` = 3 LIMIT 1 [ RunTime:0.000335s ]
[ sql ] [ SQL ] SELECT `path` FROM `dp_admin_attachment` WHERE  `id` = 12 LIMIT 1 [ RunTime:0.000315s ]
[ sql ] [ SQL ] SELECT `title` FROM `dp_admin_navigation` WHERE  `id` = 3 LIMIT 1 [ RunTime:0.000396s ]
[ sql ] [ SQL ] SELECT `path` FROM `dp_admin_attachment` WHERE  `id` = 13 LIMIT 1 [ RunTime:0.000306s ]
[ sql ] [ SQL ] SELECT `title` FROM `dp_admin_navigation` WHERE  `id` = 3 LIMIT 1 [ RunTime:0.000279s ]
[ sql ] [ SQL ] SELECT `path` FROM `dp_admin_attachment` WHERE  `id` = 14 LIMIT 1 [ RunTime:0.000295s ]
[ sql ] [ SQL ] SELECT `title` FROM `dp_admin_navigation` WHERE  `id` = 3 LIMIT 1 [ RunTime:0.000244s ]
[ sql ] [ SQL ] SELECT `path` FROM `dp_admin_attachment` WHERE  `id` = 15 LIMIT 1 [ RunTime:0.000204s ]
[ sql ] [ SQL ] SELECT `title` FROM `dp_admin_navigation` WHERE  `id` = 4 LIMIT 1 [ RunTime:0.000202s ]
[ sql ] [ SQL ] SELECT `path` FROM `dp_admin_attachment` WHERE  `id` = 52 LIMIT 1 [ RunTime:0.000272s ]
[ sql ] [ SQL ] SELECT `title` FROM `dp_admin_navigation` WHERE  `id` = 4 LIMIT 1 [ RunTime:0.000331s ]
[ sql ] [ SQL ] SELECT `path` FROM `dp_admin_attachment` WHERE  `id` = 53 LIMIT 1 [ RunTime:0.000441s ]
[ sql ] [ SQL ] SELECT `title` FROM `dp_admin_navigation` WHERE  `id` = 4 LIMIT 1 [ RunTime:0.000311s ]
[ sql ] [ SQL ] SELECT `path` FROM `dp_admin_attachment` WHERE  `id` = 54 LIMIT 1 [ RunTime:0.000474s ]
[ sql ] [ SQL ] SELECT `title` FROM `dp_admin_navigation` WHERE  `id` = 4 LIMIT 1 [ RunTime:0.000454s ]
[ sql ] [ SQL ] SELECT `path` FROM `dp_admin_attachment` WHERE  `id` = 55 LIMIT 1 [ RunTime:0.000482s ]
[ sql ] [ SQL ] SELECT `title` FROM `dp_admin_navigation` WHERE  `id` = 4 LIMIT 1 [ RunTime:0.000759s ]
[ sql ] [ SQL ] SELECT `path` FROM `dp_admin_attachment` WHERE  `id` = 56 LIMIT 1 [ RunTime:0.001462s ]
[ sql ] [ SQL ] SELECT `title` FROM `dp_admin_navigation` WHERE  `id` = 4 LIMIT 1 [ RunTime:0.000821s ]
[ sql ] [ SQL ] SELECT `path` FROM `dp_admin_attachment` WHERE  `id` = 57 LIMIT 1 [ RunTime:0.000433s ]
[ sql ] [ SQL ] SELECT `title` FROM `dp_admin_navigation` WHERE  `id` = 4 LIMIT 1 [ RunTime:0.000375s ]
[ sql ] [ SQL ] SELECT `path` FROM `dp_admin_attachment` WHERE  `id` = 58 LIMIT 1 [ RunTime:0.000342s ]
[ sql ] [ SQL ] SELECT `title` FROM `dp_admin_navigation` WHERE  `id` = 4 LIMIT 1 [ RunTime:0.000353s ]
[ sql ] [ SQL ] SELECT `path` FROM `dp_admin_attachment` WHERE  `id` = 59 LIMIT 1 [ RunTime:0.000374s ]
[ sql ] [ SQL ] SELECT `title` FROM `dp_admin_navigation` WHERE  `id` = 4 LIMIT 1 [ RunTime:0.000384s ]
[ sql ] [ SQL ] SELECT `path` FROM `dp_admin_attachment` WHERE  `id` = 60 LIMIT 1 [ RunTime:0.000350s ]
[ sql ] [ SQL ] SELECT `title` FROM `dp_admin_navigation` WHERE  `id` = 4 LIMIT 1 [ RunTime:0.000333s ]
[ sql ] [ SQL ] SELECT `path` FROM `dp_admin_attachment` WHERE  `id` = 61 LIMIT 1 [ RunTime:0.000313s ]
[ sql ] [ SQL ] SELECT `id`,`title` FROM `dp_admin_navigation` WHERE  `pid` = 2 ORDER BY `sort` [ RunTime:0.000398s ]
[ sql ] [ SQL ] SELECT * FROM `dp_admin_menu` WHERE  `url_value` = 'admin/aboutus/add' LIMIT 1 [ RunTime:0.000903s ]
[ sql ] [ SQL ] SELECT * FROM `dp_admin_menu` WHERE  `url_value` = 'admin/aboutus/enable' LIMIT 1 [ RunTime:0.000929s ]
[ sql ] [ SQL ] SELECT * FROM `dp_admin_menu` WHERE  `url_value` = 'admin/aboutus/disable' LIMIT 1 [ RunTime:0.001119s ]
[ sql ] [ SQL ] SELECT * FROM `dp_admin_menu` WHERE  `url_value` = 'admin/aboutus/delete' LIMIT 1 [ RunTime:0.001357s ]
[ sql ] [ SQL ] SELECT * FROM `dp_admin_menu` WHERE  `url_value` = 'admin/aboutus/edit' LIMIT 1 [ RunTime:0.000933s ]
[ sql ] [ SQL ] SELECT * FROM `dp_admin_menu` WHERE  `url_value` = 'admin/aboutus/delete' LIMIT 1 [ RunTime:0.000669s ]
[ sql ] [ SQL ] SELECT `id` FROM `dp_admin_menu` WHERE  `pid` <> 0  AND `url_value` = 'admin/aboutus/index' LIMIT 1 [ RunTime:0.000813s ]
[ sql ] [ SQL ] SELECT `id`,`pid`,`title`,`url_value`,`params` FROM `dp_admin_menu` [ RunTime:0.000946s ]
[ sql ] [ SQL ] SHOW COLUMNS FROM `dp_admin_user` [ RunTime:0.046802s ]
[ sql ] [ SQL ] SELECT `avatar` FROM `dp_admin_user` WHERE  `id` = 1 LIMIT 1 [ RunTime:0.000496s ]
[ sql ] [ SQL ] SELECT * FROM `dp_admin_attachment` WHERE  `id` = 1 LIMIT 1 [ RunTime:0.000579s ]
[ sql ] [ SQL ] SELECT `avatar` FROM `dp_admin_user` WHERE  `id` = 1 LIMIT 1 [ RunTime:0.001057s ]
[ sql ] [ SQL ] SELECT * FROM `dp_admin_attachment` WHERE  `id` = 1 LIMIT 1 [ RunTime:0.003011s ]
---------------------------------------------------------------

[2020-05-30T09:17:41+08:00] 127.0.0.1 POST dolphin.com/admin.php/admin/aboutus/quickedit.html
[运行时间：0.294756s] [吞吐率：3.39req/s] [内存消耗：3,151.78kb] [文件加载：105]
[ info ] [ LANG ] F:\Project\Dolphin\thinkphp\lang\zh-cn.php
[ info ] [ DB ] INIT mysql
[ info ] [ ROUTE ] array (
)
[ info ] [ HEADER ] array (
  'cookie' => 'PHPSESSID=f5c42ttf2sju1sta89tfcckpjg; Hm_lvt_7df9947f924dba11b94fe85fad935d1d=1590468867; Hm_lpvt_7df9947f924dba11b94fe85fad935d1d=1590479091; _ga=GA1.2.804958976.1590652913; dolphin___forward__=%2Fadmin.php%2Fadmin%2Fmenu%2Findex.html',
  'accept-language' => 'zh-CN,zh;q=0.9',
  'accept-encoding' => 'gzip, deflate',
  'referer' => 'http://dolphin.com/admin.php/admin/aboutus/index.html',
  'origin' => 'http://dolphin.com',
  'content-type' => 'application/x-www-form-urlencoded; charset=UTF-8',
  'user-agent' => 'Mozilla/5.0 (Windows NT 10.0; Win64; x64) AppleWebKit/537.36 (KHTML, like Gecko) Chrome/83.0.4103.61 Safari/537.36',
  'x-requested-with' => 'XMLHttpRequest',
  'accept' => '*/*',
  'content-length' => '101',
  'connection' => 'close',
  'host' => 'dolphin.com',
)
[ info ] [ PARAM ] array (
  'name' => 'sort',
  'value' => '2147483647++++',
  'pk' => '1',
  '_t' => '4bf6ef8d',
  'type' => 'text',
  'validate' => 'Table',
  'validate_fields' => 'sort',
)
[ sql ] [ DB ] CONNECT:[ UseTime:0.011057s ] mysql:host=127.0.0.1;port=3306;dbname=dolphin;charset=utf8
[ sql ] [ SQL ] SHOW COLUMNS FROM `dp_admin_config` [ RunTime:0.039679s ]
[ sql ] [ SQL ] SELECT `name`,`value`,`type` FROM `dp_admin_config` [ RunTime:0.000692s ]
[ sql ] [ SQL ] SHOW COLUMNS FROM `dp_admin_module` [ RunTime:0.025487s ]
[ sql ] [ SQL ] SELECT `name`,`config` FROM `dp_admin_module` WHERE  `config` <> '' [ RunTime:0.000717s ]
[ sql ] [ SQL ] SHOW COLUMNS FROM `dp_admin_hook` [ RunTime:0.025263s ]
[ sql ] [ SQL ] SELECT `name`,`status` FROM `dp_admin_hook` WHERE  `status` = 1 [ RunTime:0.000825s ]
[ sql ] [ SQL ] SHOW COLUMNS FROM `dp_admin_plugin` [ RunTime:0.036389s ]
[ sql ] [ SQL ] SELECT `name`,`status` FROM `dp_admin_plugin` WHERE  `status` = 1 [ RunTime:0.000709s ]
[ sql ] [ SQL ] SHOW COLUMNS FROM `dp_admin_hook_plugin` [ RunTime:0.028064s ]
[ sql ] [ SQL ] SELECT * FROM `dp_admin_hook_plugin` WHERE  `status` = 1 ORDER BY `hook`,`sort` [ RunTime:0.000694s ]
[ sql ] [ SQL ] SHOW COLUMNS FROM `dp_admin_role` [ RunTime:0.023709s ]
[ sql ] [ SQL ] SELECT `menu_auth` FROM `dp_admin_role` WHERE  `id` = 1 LIMIT 1 [ RunTime:0.000462s ]
[ sql ] [ SQL ] SHOW COLUMNS FROM `dp_admin_menu` [ RunTime:0.022896s ]
[ sql ] [ SQL ] SELECT `id`,`url_value` FROM `dp_admin_menu` WHERE  `id` = in [ RunTime:0.000451s ]
[ sql ] [ SQL ] SHOW COLUMNS FROM `dp_home_aboutus` [ RunTime:0.023259s ]
[ sql ] [ SQL ] SELECT `sort` FROM `dp_home_aboutus` WHERE  `id` = 1 LIMIT 1 [ RunTime:0.000555s ]
---------------------------------------------------------------

[2020-05-30T09:17:56+08:00] 127.0.0.1 POST dolphin.com/admin.php/admin/aboutus/quickedit.html
[运行时间：0.304119s] [吞吐率：3.29req/s] [内存消耗：3,168.30kb] [文件加载：106]
[ info ] [ LANG ] F:\Project\Dolphin\thinkphp\lang\zh-cn.php
[ info ] [ DB ] INIT mysql
[ info ] [ ROUTE ] array (
)
[ info ] [ HEADER ] array (
  'cookie' => 'PHPSESSID=f5c42ttf2sju1sta89tfcckpjg; Hm_lvt_7df9947f924dba11b94fe85fad935d1d=1590468867; Hm_lpvt_7df9947f924dba11b94fe85fad935d1d=1590479091; _ga=GA1.2.804958976.1590652913; dolphin___forward__=%2Fadmin.php%2Fadmin%2Fmenu%2Findex.html',
  'accept-language' => 'zh-CN,zh;q=0.9',
  'accept-encoding' => 'gzip, deflate',
  'referer' => 'http://dolphin.com/admin.php/admin/aboutus/index.html',
  'origin' => 'http://dolphin.com',
  'content-type' => 'application/x-www-form-urlencoded; charset=UTF-8',
  'user-agent' => 'Mozilla/5.0 (Windows NT 10.0; Win64; x64) AppleWebKit/537.36 (KHTML, like Gecko) Chrome/83.0.4103.61 Safari/537.36',
  'x-requested-with' => 'XMLHttpRequest',
  'accept' => '*/*',
  'content-length' => '80',
  'connection' => 'close',
  'host' => 'dolphin.com',
)
[ info ] [ PARAM ] array (
  'name' => 'sort',
  'value' => '1',
  'pk' => '1',
  '_t' => '4bf6ef8d',
  'type' => 'text',
  'validate' => 'Table',
  'validate_fields' => 'sort',
)
[ sql ] [ DB ] CONNECT:[ UseTime:0.011017s ] mysql:host=127.0.0.1;port=3306;dbname=dolphin;charset=utf8
[ sql ] [ SQL ] SHOW COLUMNS FROM `dp_admin_config` [ RunTime:0.038186s ]
[ sql ] [ SQL ] SELECT `name`,`value`,`type` FROM `dp_admin_config` [ RunTime:0.000606s ]
[ sql ] [ SQL ] SHOW COLUMNS FROM `dp_admin_module` [ RunTime:0.022313s ]
[ sql ] [ SQL ] SELECT `name`,`config` FROM `dp_admin_module` WHERE  `config` <> '' [ RunTime:0.000737s ]
[ sql ] [ SQL ] SHOW COLUMNS FROM `dp_admin_hook` [ RunTime:0.022600s ]
[ sql ] [ SQL ] SELECT `name`,`status` FROM `dp_admin_hook` WHERE  `status` = 1 [ RunTime:0.000451s ]
[ sql ] [ SQL ] SHOW COLUMNS FROM `dp_admin_plugin` [ RunTime:0.023337s ]
[ sql ] [ SQL ] SELECT `name`,`status` FROM `dp_admin_plugin` WHERE  `status` = 1 [ RunTime:0.000590s ]
[ sql ] [ SQL ] SHOW COLUMNS FROM `dp_admin_hook_plugin` [ RunTime:0.023237s ]
[ sql ] [ SQL ] SELECT * FROM `dp_admin_hook_plugin` WHERE  `status` = 1 ORDER BY `hook`,`sort` [ RunTime:0.000609s ]
[ sql ] [ SQL ] SHOW COLUMNS FROM `dp_admin_role` [ RunTime:0.026657s ]
[ sql ] [ SQL ] SELECT `menu_auth` FROM `dp_admin_role` WHERE  `id` = 1 LIMIT 1 [ RunTime:0.000485s ]
[ sql ] [ SQL ] SHOW COLUMNS FROM `dp_admin_menu` [ RunTime:0.025024s ]
[ sql ] [ SQL ] SELECT `id`,`url_value` FROM `dp_admin_menu` WHERE  `id` = in [ RunTime:0.000641s ]
[ sql ] [ SQL ] SHOW COLUMNS FROM `dp_home_aboutus` [ RunTime:0.026853s ]
[ sql ] [ SQL ] SELECT `sort` FROM `dp_home_aboutus` WHERE  `id` = 1 LIMIT 1 [ RunTime:0.000564s ]
[ sql ] [ SQL ] UPDATE `dp_home_aboutus`  SET `sort` = 1  WHERE  `id` = 1 [ RunTime:0.000555s ]
[ sql ] [ SQL ] SHOW COLUMNS FROM `dp_admin_action` [ RunTime:0.023841s ]
[ sql ] [ SQL ] SELECT * FROM `dp_admin_action` WHERE  `module` = 'admin'  AND `name` = 'aboutus_edit' LIMIT 1 [ RunTime:0.000535s ]
---------------------------------------------------------------

[2020-05-30T09:18:03+08:00] 127.0.0.1 GET dolphin.com/admin.php/admin/aboutus/index.html
[运行时间：0.468336s] [吞吐率：2.14req/s] [内存消耗：4,021.60kb] [文件加载：115]
[ info ] [ LANG ] F:\Project\Dolphin\thinkphp\lang\zh-cn.php
[ info ] [ DB ] INIT mysql
[ info ] [ ROUTE ] array (
)
[ info ] [ HEADER ] array (
  'cookie' => 'PHPSESSID=f5c42ttf2sju1sta89tfcckpjg; Hm_lvt_7df9947f924dba11b94fe85fad935d1d=1590468867; Hm_lpvt_7df9947f924dba11b94fe85fad935d1d=1590479091; _ga=GA1.2.804958976.1590652913; dolphin___forward__=%2Fadmin.php%2Fadmin%2Fmenu%2Findex.html',
  'accept-language' => 'zh-CN,zh;q=0.9',
  'accept-encoding' => 'gzip, deflate',
  'referer' => 'http://dolphin.com/admin.php/admin',
  'accept' => 'text/html,application/xhtml+xml,application/xml;q=0.9,image/webp,image/apng,*/*;q=0.8,application/signed-exchange;v=b3;q=0.9',
  'user-agent' => 'Mozilla/5.0 (Windows NT 10.0; Win64; x64) AppleWebKit/537.36 (KHTML, like Gecko) Chrome/83.0.4103.61 Safari/537.36',
  'upgrade-insecure-requests' => '1',
  'cache-control' => 'max-age=0',
  'connection' => 'close',
  'host' => 'dolphin.com',
)
[ info ] [ PARAM ] array (
)
[ info ] [ VIEW ] F:\Project\Dolphin\application\common/builder/table/layout.html [ array (
  0 => '_admin_base_layout',
  1 => 'system_color',
  2 => '_pop',
  3 => '_top_menus',
  4 => '_top_menus_all',
  5 => '_sidebar_menus',
  6 => '_location',
  7 => '_message',
  8 => '_icons',
  9 => 'aside',
  10 => 'page_title',
  11 => 'page_tips',
  12 => 'tips_type',
  13 => 'tab_nav',
  14 => 'hide_checkbox',
  15 => 'extra_html',
  16 => 'extra_js',
  17 => 'extra_css',
  18 => 'order_columns',
  19 => 'filter_columns',
  20 => 'filter_map',
  21 => '_field_display',
  22 => '_filter_content',
  23 => '_filter',
  24 => 'top_buttons',
  25 => 'right_buttons',
  26 => 'search',
  27 => 'search_button',
  28 => 'columns',
  29 => 'pages',
  30 => 'row_list',
  31 => '_page_info',
  32 => 'primary_key',
  33 => '_table',
  34 => 'js_list',
  35 => 'css_list',
  36 => 'validate',
  37 => '_js_files',
  38 => '_css_files',
  39 => '_select_list',
  40 => '_filter_time',
  41 => 'empty_tips',
  42 => '_search_area',
  43 => '_search_area_url',
  44 => '_search_area_op',
  45 => 'builder_height',
  46 => 'fixed_right_column',
  47 => 'fixed_left_column',
  48 => 'column_width',
  49 => 'column_hide',
  50 => '_js_init',
  51 => '_search_area_layout',
  52 => 'validate_fields',
) ]
[ sql ] [ DB ] CONNECT:[ UseTime:0.010885s ] mysql:host=127.0.0.1;port=3306;dbname=dolphin;charset=utf8
[ sql ] [ SQL ] SHOW COLUMNS FROM `dp_admin_config` [ RunTime:0.036722s ]
[ sql ] [ SQL ] SELECT `name`,`value`,`type` FROM `dp_admin_config` [ RunTime:0.000868s ]
[ sql ] [ SQL ] SHOW COLUMNS FROM `dp_admin_module` [ RunTime:0.021760s ]
[ sql ] [ SQL ] SELECT `name`,`config` FROM `dp_admin_module` WHERE  `config` <> '' [ RunTime:0.000393s ]
[ sql ] [ SQL ] SHOW COLUMNS FROM `dp_admin_hook` [ RunTime:0.023787s ]
[ sql ] [ SQL ] SELECT `name`,`status` FROM `dp_admin_hook` WHERE  `status` = 1 [ RunTime:0.000410s ]
[ sql ] [ SQL ] SHOW COLUMNS FROM `dp_admin_plugin` [ RunTime:0.023809s ]
[ sql ] [ SQL ] SELECT `name`,`status` FROM `dp_admin_plugin` WHERE  `status` = 1 [ RunTime:0.000495s ]
[ sql ] [ SQL ] SHOW COLUMNS FROM `dp_admin_hook_plugin` [ RunTime:0.023320s ]
[ sql ] [ SQL ] SELECT * FROM `dp_admin_hook_plugin` WHERE  `status` = 1 ORDER BY `hook`,`sort` [ RunTime:0.000631s ]
[ sql ] [ SQL ] SHOW COLUMNS FROM `dp_admin_role` [ RunTime:0.022827s ]
[ sql ] [ SQL ] SELECT `menu_auth` FROM `dp_admin_role` WHERE  `id` = 1 LIMIT 1 [ RunTime:0.000484s ]
[ sql ] [ SQL ] SHOW COLUMNS FROM `dp_admin_menu` [ RunTime:0.022316s ]
[ sql ] [ SQL ] SELECT `id`,`url_value` FROM `dp_admin_menu` WHERE  `id` = in [ RunTime:0.000524s ]
[ sql ] [ SQL ] SELECT `id`,`pid`,`module`,`title`,`url_value`,`url_type`,`url_target`,`icon`,`params` FROM `dp_admin_menu` WHERE  `status` = 1  AND `pid` = 0 ORDER BY `sort`,`id` [ RunTime:0.001313s ]
[ sql ] [ SQL ] SELECT `id`,`pid`,`module`,`title`,`url_value`,`url_type`,`url_target`,`icon`,`params` FROM `dp_admin_menu` WHERE  `status` = 1  AND `pid` = 0 ORDER BY `sort`,`id` [ RunTime:0.000818s ]
[ sql ] [ SQL ] SELECT `id` FROM `dp_admin_menu` WHERE  `pid` <> 0  AND `url_value` = 'admin/aboutus/index' LIMIT 1 [ RunTime:0.000579s ]
[ sql ] [ SQL ] SELECT `id`,`pid`,`title`,`url_value`,`params` FROM `dp_admin_menu` [ RunTime:0.000972s ]
[ sql ] [ SQL ] SELECT `id`,`pid`,`module`,`title`,`url_value`,`url_type`,`url_target`,`icon`,`params` FROM `dp_admin_menu` WHERE  `status` = 1 ORDER BY `sort`,`id` [ RunTime:0.004300s ]
[ sql ] [ SQL ] SELECT `id` FROM `dp_admin_menu` WHERE  `pid` <> 0  AND `url_value` = 'admin/aboutus/index' LIMIT 1 [ RunTime:0.000712s ]
[ sql ] [ SQL ] SELECT `id`,`pid`,`title`,`url_value`,`params` FROM `dp_admin_menu` [ RunTime:0.000794s ]
[ sql ] [ SQL ] SHOW COLUMNS FROM `dp_admin_message` [ RunTime:0.030992s ]
[ sql ] [ SQL ] SELECT COUNT(*) AS tp_count FROM `dp_admin_message` WHERE  `status` = 0  AND `uid_receive` = 1 [ RunTime:0.000522s ]
[ sql ] [ SQL ] SHOW COLUMNS FROM `dp_admin_icon` [ RunTime:0.022786s ]
[ sql ] [ SQL ] SELECT * FROM `dp_admin_icon` WHERE  `status` = 1 [ RunTime:0.000524s ]
[ sql ] [ SQL ] SELECT `value` FROM `dp_admin_config` WHERE  `id` = 1 LIMIT 1 [ RunTime:0.000512s ]
[ sql ] [ SQL ] SHOW COLUMNS FROM `dp_home_aboutus` [ RunTime:0.022669s ]
[ sql ] [ SQL ] SELECT COUNT(*) AS tp_count FROM `dp_home_aboutus` [ RunTime:0.000510s ]
[ sql ] [ SQL ] SELECT * FROM `dp_home_aboutus` LIMIT 0,20 [ RunTime:0.000577s ]
[ sql ] [ SQL ] SHOW COLUMNS FROM `dp_admin_navigation` [ RunTime:0.027741s ]
[ sql ] [ SQL ] SELECT `title` FROM `dp_admin_navigation` WHERE  `id` = 3 LIMIT 1 [ RunTime:0.000530s ]
[ sql ] [ SQL ] SHOW COLUMNS FROM `dp_admin_attachment` [ RunTime:0.021429s ]
[ sql ] [ SQL ] SELECT `path` FROM `dp_admin_attachment` WHERE  `id` = 7 LIMIT 1 [ RunTime:0.000556s ]
[ sql ] [ SQL ] SELECT `title` FROM `dp_admin_navigation` WHERE  `id` = 3 LIMIT 1 [ RunTime:0.000668s ]
[ sql ] [ SQL ] SELECT `path` FROM `dp_admin_attachment` WHERE  `id` = 6 LIMIT 1 [ RunTime:0.000573s ]
[ sql ] [ SQL ] SELECT `title` FROM `dp_admin_navigation` WHERE  `id` = 3 LIMIT 1 [ RunTime:0.000408s ]
[ sql ] [ SQL ] SELECT `path` FROM `dp_admin_attachment` WHERE  `id` = 9 LIMIT 1 [ RunTime:0.000461s ]
[ sql ] [ SQL ] SELECT `title` FROM `dp_admin_navigation` WHERE  `id` = 3 LIMIT 1 [ RunTime:0.000468s ]
[ sql ] [ SQL ] SELECT `path` FROM `dp_admin_attachment` WHERE  `id` = 8 LIMIT 1 [ RunTime:0.000398s ]
[ sql ] [ SQL ] SELECT `title` FROM `dp_admin_navigation` WHERE  `id` = 3 LIMIT 1 [ RunTime:0.000444s ]
[ sql ] [ SQL ] SELECT `path` FROM `dp_admin_attachment` WHERE  `id` = 10 LIMIT 1 [ RunTime:0.000346s ]
[ sql ] [ SQL ] SELECT `title` FROM `dp_admin_navigation` WHERE  `id` = 3 LIMIT 1 [ RunTime:0.000385s ]
[ sql ] [ SQL ] SELECT `path` FROM `dp_admin_attachment` WHERE  `id` = 11 LIMIT 1 [ RunTime:0.000296s ]
[ sql ] [ SQL ] SELECT `title` FROM `dp_admin_navigation` WHERE  `id` = 3 LIMIT 1 [ RunTime:0.000337s ]
[ sql ] [ SQL ] SELECT `path` FROM `dp_admin_attachment` WHERE  `id` = 12 LIMIT 1 [ RunTime:0.000293s ]
[ sql ] [ SQL ] SELECT `title` FROM `dp_admin_navigation` WHERE  `id` = 3 LIMIT 1 [ RunTime:0.000289s ]
[ sql ] [ SQL ] SELECT `path` FROM `dp_admin_attachment` WHERE  `id` = 13 LIMIT 1 [ RunTime:0.000296s ]
[ sql ] [ SQL ] SELECT `title` FROM `dp_admin_navigation` WHERE  `id` = 3 LIMIT 1 [ RunTime:0.000361s ]
[ sql ] [ SQL ] SELECT `path` FROM `dp_admin_attachment` WHERE  `id` = 14 LIMIT 1 [ RunTime:0.000466s ]
[ sql ] [ SQL ] SELECT `title` FROM `dp_admin_navigation` WHERE  `id` = 3 LIMIT 1 [ RunTime:0.000593s ]
[ sql ] [ SQL ] SELECT `path` FROM `dp_admin_attachment` WHERE  `id` = 15 LIMIT 1 [ RunTime:0.000499s ]
[ sql ] [ SQL ] SELECT `title` FROM `dp_admin_navigation` WHERE  `id` = 4 LIMIT 1 [ RunTime:0.000472s ]
[ sql ] [ SQL ] SELECT `path` FROM `dp_admin_attachment` WHERE  `id` = 52 LIMIT 1 [ RunTime:0.000443s ]
[ sql ] [ SQL ] SELECT `title` FROM `dp_admin_navigation` WHERE  `id` = 4 LIMIT 1 [ RunTime:0.000319s ]
[ sql ] [ SQL ] SELECT `path` FROM `dp_admin_attachment` WHERE  `id` = 53 LIMIT 1 [ RunTime:0.000338s ]
[ sql ] [ SQL ] SELECT `title` FROM `dp_admin_navigation` WHERE  `id` = 4 LIMIT 1 [ RunTime:0.000299s ]
[ sql ] [ SQL ] SELECT `path` FROM `dp_admin_attachment` WHERE  `id` = 54 LIMIT 1 [ RunTime:0.000289s ]
[ sql ] [ SQL ] SELECT `title` FROM `dp_admin_navigation` WHERE  `id` = 4 LIMIT 1 [ RunTime:0.000288s ]
[ sql ] [ SQL ] SELECT `path` FROM `dp_admin_attachment` WHERE  `id` = 55 LIMIT 1 [ RunTime:0.000297s ]
[ sql ] [ SQL ] SELECT `title` FROM `dp_admin_navigation` WHERE  `id` = 4 LIMIT 1 [ RunTime:0.000269s ]
[ sql ] [ SQL ] SELECT `path` FROM `dp_admin_attachment` WHERE  `id` = 56 LIMIT 1 [ RunTime:0.000264s ]
[ sql ] [ SQL ] SELECT `title` FROM `dp_admin_navigation` WHERE  `id` = 4 LIMIT 1 [ RunTime:0.000254s ]
[ sql ] [ SQL ] SELECT `path` FROM `dp_admin_attachment` WHERE  `id` = 57 LIMIT 1 [ RunTime:0.000297s ]
[ sql ] [ SQL ] SELECT `title` FROM `dp_admin_navigation` WHERE  `id` = 4 LIMIT 1 [ RunTime:0.000267s ]
[ sql ] [ SQL ] SELECT `path` FROM `dp_admin_attachment` WHERE  `id` = 58 LIMIT 1 [ RunTime:0.000196s ]
[ sql ] [ SQL ] SELECT `title` FROM `dp_admin_navigation` WHERE  `id` = 4 LIMIT 1 [ RunTime:0.000364s ]
[ sql ] [ SQL ] SELECT `path` FROM `dp_admin_attachment` WHERE  `id` = 59 LIMIT 1 [ RunTime:0.000488s ]
[ sql ] [ SQL ] SELECT `title` FROM `dp_admin_navigation` WHERE  `id` = 4 LIMIT 1 [ RunTime:0.000431s ]
[ sql ] [ SQL ] SELECT `path` FROM `dp_admin_attachment` WHERE  `id` = 60 LIMIT 1 [ RunTime:0.000193s ]
[ sql ] [ SQL ] SELECT `title` FROM `dp_admin_navigation` WHERE  `id` = 4 LIMIT 1 [ RunTime:0.000312s ]
[ sql ] [ SQL ] SELECT `path` FROM `dp_admin_attachment` WHERE  `id` = 61 LIMIT 1 [ RunTime:0.000197s ]
[ sql ] [ SQL ] SELECT `id`,`title` FROM `dp_admin_navigation` WHERE  `pid` = 2 ORDER BY `sort` [ RunTime:0.000295s ]
[ sql ] [ SQL ] SELECT * FROM `dp_admin_menu` WHERE  `url_value` = 'admin/aboutus/add' LIMIT 1 [ RunTime:0.000511s ]
[ sql ] [ SQL ] SELECT * FROM `dp_admin_menu` WHERE  `url_value` = 'admin/aboutus/enable' LIMIT 1 [ RunTime:0.000435s ]
[ sql ] [ SQL ] SELECT * FROM `dp_admin_menu` WHERE  `url_value` = 'admin/aboutus/disable' LIMIT 1 [ RunTime:0.000666s ]
[ sql ] [ SQL ] SELECT * FROM `dp_admin_menu` WHERE  `url_value` = 'admin/aboutus/delete' LIMIT 1 [ RunTime:0.000733s ]
[ sql ] [ SQL ] SELECT * FROM `dp_admin_menu` WHERE  `url_value` = 'admin/aboutus/edit' LIMIT 1 [ RunTime:0.000655s ]
[ sql ] [ SQL ] SELECT * FROM `dp_admin_menu` WHERE  `url_value` = 'admin/aboutus/delete' LIMIT 1 [ RunTime:0.000739s ]
[ sql ] [ SQL ] SELECT `id` FROM `dp_admin_menu` WHERE  `pid` <> 0  AND `url_value` = 'admin/aboutus/index' LIMIT 1 [ RunTime:0.000628s ]
[ sql ] [ SQL ] SELECT `id`,`pid`,`title`,`url_value`,`params` FROM `dp_admin_menu` [ RunTime:0.000776s ]
[ sql ] [ SQL ] SHOW COLUMNS FROM `dp_admin_user` [ RunTime:0.027277s ]
[ sql ] [ SQL ] SELECT `avatar` FROM `dp_admin_user` WHERE  `id` = 1 LIMIT 1 [ RunTime:0.000524s ]
[ sql ] [ SQL ] SELECT * FROM `dp_admin_attachment` WHERE  `id` = 1 LIMIT 1 [ RunTime:0.000681s ]
[ sql ] [ SQL ] SELECT `avatar` FROM `dp_admin_user` WHERE  `id` = 1 LIMIT 1 [ RunTime:0.000749s ]
[ sql ] [ SQL ] SELECT * FROM `dp_admin_attachment` WHERE  `id` = 1 LIMIT 1 [ RunTime:0.000581s ]
