---------------------------------------------------------------

[2020-06-03T11:36:35+08:00] 127.0.0.1 GET dolphin.com/
[运行时间：5.515865s] [吞吐率：0.18req/s] [内存消耗：3,425.68kb] [文件加载：106]
[ info ] [ LANG ] F:\Project\Dolphin\thinkphp\lang\zh-cn.php
[ info ] [ DB ] INIT mysql
[ info ] [ ROUTE ] array (
)
[ info ] [ HEADER ] array (
  'accept-language' => 'zh-CN,zh;q=0.9',
  'accept-encoding' => 'gzip, deflate',
  'accept' => 'text/html,application/xhtml+xml,application/xml;q=0.9,image/webp,image/apng,*/*;q=0.8,application/signed-exchange;v=b3;q=0.9',
  'user-agent' => 'Mozilla/5.0 (Windows NT 10.0; Win64; x64) AppleWebKit/537.36 (KHTML, like Gecko) Chrome/83.0.4103.61 Safari/537.36',
  'upgrade-insecure-requests' => '1',
  'connection' => 'close',
  'host' => 'dolphin.com',
)
[ info ] [ PARAM ] array (
)
[ info ] [ VIEW ] F:\Project\Dolphin\application\index\view\index\index.html [ array (
  0 => 'title',
  1 => 'configuration',
  2 => 'nav_1',
  3 => 'nav_2',
  4 => 'nav_h',
  5 => 'nav_f',
  6 => 'nav_pid',
  7 => 'nav_id',
  8 => 'banner_bg',
  9 => 'banner',
  10 => 'album',
  11 => 'food',
  12 => 'news',
  13 => 'store',
  14 => 'roll',
) ]
[ sql ] [ DB ] CONNECT:[ UseTime:0.025064s ] mysql:host=127.0.0.1;port=3306;dbname=dolphin;charset=utf8
[ sql ] [ SQL ] SHOW COLUMNS FROM `dp_admin_config` [ RunTime:0.073165s ]
[ sql ] [ SQL ] SELECT `name`,`value`,`type` FROM `dp_admin_config` [ RunTime:0.000592s ]
[ sql ] [ SQL ] SHOW COLUMNS FROM `dp_admin_module` [ RunTime:0.068272s ]
[ sql ] [ SQL ] SELECT `name`,`config` FROM `dp_admin_module` WHERE  `config` <> '' [ RunTime:0.000493s ]
[ sql ] [ SQL ] SHOW COLUMNS FROM `dp_admin_hook` [ RunTime:0.066726s ]
[ sql ] [ SQL ] SELECT `name`,`status` FROM `dp_admin_hook` WHERE  `status` = 1 [ RunTime:0.000603s ]
[ sql ] [ SQL ] SHOW COLUMNS FROM `dp_admin_plugin` [ RunTime:0.085390s ]
[ sql ] [ SQL ] SELECT `name`,`status` FROM `dp_admin_plugin` WHERE  `status` = 1 [ RunTime:0.000590s ]
[ sql ] [ SQL ] SHOW COLUMNS FROM `dp_admin_hook_plugin` [ RunTime:0.073310s ]
[ sql ] [ SQL ] SELECT * FROM `dp_admin_hook_plugin` WHERE  `status` = 1 ORDER BY `hook`,`sort` [ RunTime:0.000713s ]
[ sql ] [ SQL ] SHOW COLUMNS FROM `dp_admin_navigation` [ RunTime:0.228414s ]
[ sql ] [ SQL ] SELECT `id`,`pid` FROM `dp_admin_navigation` WHERE  `url_value` = 'index/index/index' LIMIT 1 [ RunTime:0.000581s ]
[ sql ] [ SQL ] SELECT `id` FROM `dp_admin_navigation` WHERE  `pid` = 1 ORDER BY `sort` LIMIT 1 [ RunTime:0.000666s ]
[ sql ] [ SQL ] SELECT `title` FROM `dp_admin_navigation` WHERE  `id` = 0 LIMIT 1 [ RunTime:0.000467s ]
[ sql ] [ SQL ] SELECT `id`,`title`,`url_value`,`params` FROM `dp_admin_navigation` WHERE  `pid` = 1  AND `status` = 1 ORDER BY `sort` [ RunTime:0.001090s ]
[ sql ] [ SQL ] SHOW COLUMNS FROM `dp_configuration` [ RunTime:0.067400s ]
[ sql ] [ SQL ] SELECT * FROM `dp_configuration` WHERE  `id` = 1 LIMIT 1 [ RunTime:0.000660s ]
[ sql ] [ SQL ] SELECT `id`,`title`,`url_value`,`params` FROM `dp_admin_navigation` WHERE  `pid` = 0  AND `status` = 1 ORDER BY `sort` [ RunTime:0.000584s ]
[ sql ] [ SQL ] SELECT `id`,`title`,`url_value`,`params` FROM `dp_admin_navigation` WHERE  `pid` = 0  AND `status` = 1 ORDER BY `sort` [ RunTime:0.000466s ]
[ sql ] [ SQL ] SELECT `id`,`title`,`url_value`,`params` FROM `dp_admin_navigation` WHERE  `pid` = 2  AND `status` = 1 ORDER BY `sort` [ RunTime:0.000468s ]
[ sql ] [ SQL ] SELECT `id`,`title`,`url_value`,`params` FROM `dp_admin_navigation` WHERE  `pid` = 9  AND `status` = 1 ORDER BY `sort` [ RunTime:0.000672s ]
[ sql ] [ SQL ] SELECT `id`,`title`,`url_value`,`params` FROM `dp_admin_navigation` WHERE  `pid` = 18  AND `status` = 1 ORDER BY `sort` [ RunTime:0.000693s ]
[ sql ] [ SQL ] SELECT `id`,`title`,`url_value`,`params` FROM `dp_admin_navigation` WHERE  `pid` = 20  AND `status` = 1 ORDER BY `sort` [ RunTime:0.000655s ]
[ sql ] [ SQL ] SELECT `id`,`title`,`url_value`,`params` FROM `dp_admin_navigation` WHERE  `pid` = 27  AND `status` = 1 ORDER BY `sort` [ RunTime:0.000576s ]
[ sql ] [ SQL ] SELECT `id`,`title`,`url_value`,`params` FROM `dp_admin_navigation` WHERE  `pid` = 31  AND `status` = 1 ORDER BY `sort` [ RunTime:0.000568s ]
[ sql ] [ SQL ] SELECT `id`,`title`,`url_value`,`params` FROM `dp_admin_navigation` WHERE  `pid` = 35  AND `status` = 1 ORDER BY `sort` [ RunTime:0.000475s ]
[ sql ] [ SQL ] SELECT `id`,`title`,`url_value`,`params` FROM `dp_admin_navigation` WHERE  `footer` = 1  AND `status` = 1 ORDER BY `sort` [ RunTime:0.000500s ]
[ sql ] [ SQL ] SHOW COLUMNS FROM `dp_home_banner_bg` [ RunTime:0.066448s ]
[ sql ] [ SQL ] SELECT `id`,`img` FROM `dp_home_banner_bg` WHERE  `status` = 1 ORDER BY `sort` [ RunTime:0.000684s ]
[ sql ] [ SQL ] SHOW COLUMNS FROM `dp_home_banner` [ RunTime:0.065109s ]
[ sql ] [ SQL ] SELECT * FROM `dp_home_banner` WHERE  `status` = 1 ORDER BY `sort` LIMIT 4 [ RunTime:0.000612s ]
[ sql ] [ SQL ] SHOW COLUMNS FROM `dp_home_album` [ RunTime:0.067404s ]
[ sql ] [ SQL ] SELECT * FROM `dp_home_album` WHERE  `status` = 1 ORDER BY `sort` [ RunTime:0.000665s ]
[ sql ] [ SQL ] SHOW COLUMNS FROM `dp_home_food` [ RunTime:0.073862s ]
[ sql ] [ SQL ] SELECT * FROM `dp_home_food` WHERE  `status` = 1 ORDER BY `sort` LIMIT 5 [ RunTime:0.000702s ]
[ sql ] [ SQL ] SHOW COLUMNS FROM `dp_home_news` [ RunTime:0.090933s ]
[ sql ] [ SQL ] SELECT * FROM `dp_home_news` WHERE  `status` = 1  AND `is_tui` = 1 LIMIT 5 [ RunTime:0.000733s ]
[ sql ] [ SQL ] SHOW COLUMNS FROM `dp_home_store` [ RunTime:0.068330s ]
[ sql ] [ SQL ] SELECT * FROM `dp_home_store` WHERE  `status` = 1 LIMIT 4 [ RunTime:0.000535s ]
[ sql ] [ SQL ] SHOW COLUMNS FROM `dp_home_roll` [ RunTime:0.064178s ]
[ sql ] [ SQL ] SELECT * FROM `dp_home_roll` WHERE  `status` = 1 ORDER BY `sort` [ RunTime:0.000701s ]
[ sql ] [ SQL ] SHOW COLUMNS FROM `dp_admin_attachment` [ RunTime:0.087889s ]
[ sql ] [ SQL ] SELECT * FROM `dp_admin_attachment` WHERE  `id` = 3 LIMIT 1 [ RunTime:0.000678s ]
[ sql ] [ SQL ] SELECT * FROM `dp_admin_attachment` WHERE  `id` = 16 LIMIT 1 [ RunTime:0.000712s ]
[ sql ] [ SQL ] SELECT * FROM `dp_admin_attachment` WHERE  `id` = 17 LIMIT 1 [ RunTime:0.000506s ]
[ sql ] [ SQL ] SELECT * FROM `dp_admin_attachment` WHERE  `id` = 18 LIMIT 1 [ RunTime:0.000465s ]
[ sql ] [ SQL ] SELECT * FROM `dp_admin_attachment` WHERE  `id` = 19 LIMIT 1 [ RunTime:0.000628s ]
[ sql ] [ SQL ] SELECT * FROM `dp_admin_attachment` WHERE  `id` = 20 LIMIT 1 [ RunTime:0.000609s ]
[ sql ] [ SQL ] SELECT * FROM `dp_admin_attachment` WHERE  `id` = 21 LIMIT 1 [ RunTime:0.000782s ]
[ sql ] [ SQL ] SELECT * FROM `dp_admin_attachment` WHERE  `id` = 22 LIMIT 1 [ RunTime:0.000759s ]
[ sql ] [ SQL ] SELECT * FROM `dp_admin_attachment` WHERE  `id` = 23 LIMIT 1 [ RunTime:0.000664s ]
[ sql ] [ SQL ] SELECT * FROM `dp_admin_attachment` WHERE  `id` = 24 LIMIT 1 [ RunTime:0.000615s ]
[ sql ] [ SQL ] SELECT * FROM `dp_admin_attachment` WHERE  `id` = 25 LIMIT 1 [ RunTime:0.000499s ]
[ sql ] [ SQL ] SELECT * FROM `dp_admin_attachment` WHERE  `id` = 26 LIMIT 1 [ RunTime:0.000449s ]
[ sql ] [ SQL ] SELECT * FROM `dp_admin_attachment` WHERE  `id` = 21 LIMIT 1 [ RunTime:0.000475s ]
[ sql ] [ SQL ] SELECT * FROM `dp_admin_attachment` WHERE  `id` = 51 LIMIT 1 [ RunTime:0.000532s ]
[ sql ] [ SQL ] SELECT * FROM `dp_admin_attachment` WHERE  `id` = 50 LIMIT 1 [ RunTime:0.000578s ]
[ sql ] [ SQL ] SELECT * FROM `dp_admin_attachment` WHERE  `id` = 5 LIMIT 1 [ RunTime:0.000472s ]
[ sql ] [ SQL ] SELECT * FROM `dp_admin_attachment` WHERE  `id` = 28 LIMIT 1 [ RunTime:0.000425s ]
[ sql ] [ SQL ] SELECT * FROM `dp_admin_attachment` WHERE  `id` = 29 LIMIT 1 [ RunTime:0.000527s ]
[ sql ] [ SQL ] SELECT * FROM `dp_admin_attachment` WHERE  `id` = 30 LIMIT 1 [ RunTime:0.000486s ]
[ sql ] [ SQL ] SELECT * FROM `dp_admin_attachment` WHERE  `id` = 27 LIMIT 1 [ RunTime:0.000448s ]
[ sql ] [ SQL ] SELECT * FROM `dp_admin_attachment` WHERE  `id` = 31 LIMIT 1 [ RunTime:0.000531s ]
[ sql ] [ SQL ] SELECT * FROM `dp_admin_attachment` WHERE  `id` = 47 LIMIT 1 [ RunTime:0.000448s ]
[ sql ] [ SQL ] SELECT * FROM `dp_admin_attachment` WHERE  `id` = 4 LIMIT 1 [ RunTime:0.000560s ]
[ sql ] [ SQL ] SELECT * FROM `dp_admin_attachment` WHERE  `id` = 48 LIMIT 1 [ RunTime:0.000607s ]
[ sql ] [ SQL ] SELECT * FROM `dp_admin_attachment` WHERE  `id` = 49 LIMIT 1 [ RunTime:0.000414s ]
[ sql ] [ SQL ] SELECT * FROM `dp_admin_attachment` WHERE  `id` = 32 LIMIT 1 [ RunTime:0.000393s ]
[ sql ] [ SQL ] SELECT * FROM `dp_admin_attachment` WHERE  `id` = 33 LIMIT 1 [ RunTime:0.000576s ]
[ sql ] [ SQL ] SELECT * FROM `dp_admin_attachment` WHERE  `id` = 34 LIMIT 1 [ RunTime:0.000677s ]
[ sql ] [ SQL ] SELECT * FROM `dp_admin_attachment` WHERE  `id` = 35 LIMIT 1 [ RunTime:0.001104s ]
[ sql ] [ SQL ] SELECT * FROM `dp_admin_attachment` WHERE  `id` = 36 LIMIT 1 [ RunTime:0.000776s ]
[ sql ] [ SQL ] SELECT * FROM `dp_admin_attachment` WHERE  `id` = 37 LIMIT 1 [ RunTime:0.000954s ]
[ sql ] [ SQL ] SELECT * FROM `dp_admin_attachment` WHERE  `id` = 38 LIMIT 1 [ RunTime:0.000664s ]
[ sql ] [ SQL ] SELECT * FROM `dp_admin_attachment` WHERE  `id` = 39 LIMIT 1 [ RunTime:0.000549s ]
[ sql ] [ SQL ] SELECT * FROM `dp_admin_attachment` WHERE  `id` = 40 LIMIT 1 [ RunTime:0.000423s ]
[ sql ] [ SQL ] SELECT * FROM `dp_admin_attachment` WHERE  `id` = 41 LIMIT 1 [ RunTime:0.000418s ]
[ sql ] [ SQL ] SELECT * FROM `dp_admin_attachment` WHERE  `id` = 2 LIMIT 1 [ RunTime:0.000521s ]
[ sql ] [ SQL ] SELECT * FROM `dp_admin_attachment` WHERE  `id` = 2 LIMIT 1 [ RunTime:0.000494s ]
---------------------------------------------------------------

[2020-06-03T11:36:59+08:00] 127.0.0.1 GET dolphin.com/index.php
[运行时间：0.469813s] [吞吐率：2.13req/s] [内存消耗：3,425.68kb] [文件加载：106]
[ info ] [ LANG ] F:\Project\Dolphin\thinkphp\lang\zh-cn.php
[ info ] [ DB ] INIT mysql
[ info ] [ ROUTE ] array (
)
[ info ] [ HEADER ] array (
  'accept-language' => 'zh-CN,zh;q=0.9',
  'accept-encoding' => 'gzip, deflate',
  'accept' => 'text/html,application/xhtml+xml,application/xml;q=0.9,image/webp,image/apng,*/*;q=0.8,application/signed-exchange;v=b3;q=0.9',
  'user-agent' => 'Mozilla/5.0 (Windows NT 10.0; Win64; x64) AppleWebKit/537.36 (KHTML, like Gecko) Chrome/83.0.4103.61 Safari/537.36',
  'upgrade-insecure-requests' => '1',
  'connection' => 'close',
  'host' => 'dolphin.com',
)
[ info ] [ PARAM ] array (
)
[ info ] [ VIEW ] F:\Project\Dolphin\application\index\view\index\index.html [ array (
  0 => 'title',
  1 => 'configuration',
  2 => 'nav_1',
  3 => 'nav_2',
  4 => 'nav_h',
  5 => 'nav_f',
  6 => 'nav_pid',
  7 => 'nav_id',
  8 => 'banner_bg',
  9 => 'banner',
  10 => 'album',
  11 => 'food',
  12 => 'news',
  13 => 'store',
  14 => 'roll',
) ]
[ sql ] [ DB ] CONNECT:[ UseTime:0.001914s ] mysql:host=127.0.0.1;port=3306;dbname=dolphin;charset=utf8
[ sql ] [ SQL ] SHOW COLUMNS FROM `dp_admin_config` [ RunTime:0.043090s ]
[ sql ] [ SQL ] SELECT `name`,`value`,`type` FROM `dp_admin_config` [ RunTime:0.000577s ]
[ sql ] [ SQL ] SHOW COLUMNS FROM `dp_admin_module` [ RunTime:0.025153s ]
[ sql ] [ SQL ] SELECT `name`,`config` FROM `dp_admin_module` WHERE  `config` <> '' [ RunTime:0.000762s ]
[ sql ] [ SQL ] SHOW COLUMNS FROM `dp_admin_hook` [ RunTime:0.020792s ]
[ sql ] [ SQL ] SELECT `name`,`status` FROM `dp_admin_hook` WHERE  `status` = 1 [ RunTime:0.000447s ]
[ sql ] [ SQL ] SHOW COLUMNS FROM `dp_admin_plugin` [ RunTime:0.021273s ]
[ sql ] [ SQL ] SELECT `name`,`status` FROM `dp_admin_plugin` WHERE  `status` = 1 [ RunTime:0.000325s ]
[ sql ] [ SQL ] SHOW COLUMNS FROM `dp_admin_hook_plugin` [ RunTime:0.027936s ]
[ sql ] [ SQL ] SELECT * FROM `dp_admin_hook_plugin` WHERE  `status` = 1 ORDER BY `hook`,`sort` [ RunTime:0.000514s ]
[ sql ] [ SQL ] SHOW COLUMNS FROM `dp_admin_navigation` [ RunTime:0.022993s ]
[ sql ] [ SQL ] SELECT `id`,`pid` FROM `dp_admin_navigation` WHERE  `url_value` = 'index/index/index' LIMIT 1 [ RunTime:0.000388s ]
[ sql ] [ SQL ] SELECT `id` FROM `dp_admin_navigation` WHERE  `pid` = 1 ORDER BY `sort` LIMIT 1 [ RunTime:0.000894s ]
[ sql ] [ SQL ] SELECT `title` FROM `dp_admin_navigation` WHERE  `id` = 0 LIMIT 1 [ RunTime:0.000303s ]
[ sql ] [ SQL ] SELECT `id`,`title`,`url_value`,`params` FROM `dp_admin_navigation` WHERE  `pid` = 1  AND `status` = 1 ORDER BY `sort` [ RunTime:0.000345s ]
[ sql ] [ SQL ] SHOW COLUMNS FROM `dp_configuration` [ RunTime:0.020529s ]
[ sql ] [ SQL ] SELECT * FROM `dp_configuration` WHERE  `id` = 1 LIMIT 1 [ RunTime:0.000419s ]
[ sql ] [ SQL ] SELECT `id`,`title`,`url_value`,`params` FROM `dp_admin_navigation` WHERE  `pid` = 0  AND `status` = 1 ORDER BY `sort` [ RunTime:0.000426s ]
[ sql ] [ SQL ] SELECT `id`,`title`,`url_value`,`params` FROM `dp_admin_navigation` WHERE  `pid` = 0  AND `status` = 1 ORDER BY `sort` [ RunTime:0.000344s ]
[ sql ] [ SQL ] SELECT `id`,`title`,`url_value`,`params` FROM `dp_admin_navigation` WHERE  `pid` = 2  AND `status` = 1 ORDER BY `sort` [ RunTime:0.000411s ]
[ sql ] [ SQL ] SELECT `id`,`title`,`url_value`,`params` FROM `dp_admin_navigation` WHERE  `pid` = 9  AND `status` = 1 ORDER BY `sort` [ RunTime:0.000339s ]
[ sql ] [ SQL ] SELECT `id`,`title`,`url_value`,`params` FROM `dp_admin_navigation` WHERE  `pid` = 18  AND `status` = 1 ORDER BY `sort` [ RunTime:0.000293s ]
[ sql ] [ SQL ] SELECT `id`,`title`,`url_value`,`params` FROM `dp_admin_navigation` WHERE  `pid` = 20  AND `status` = 1 ORDER BY `sort` [ RunTime:0.000321s ]
[ sql ] [ SQL ] SELECT `id`,`title`,`url_value`,`params` FROM `dp_admin_navigation` WHERE  `pid` = 27  AND `status` = 1 ORDER BY `sort` [ RunTime:0.000432s ]
[ sql ] [ SQL ] SELECT `id`,`title`,`url_value`,`params` FROM `dp_admin_navigation` WHERE  `pid` = 31  AND `status` = 1 ORDER BY `sort` [ RunTime:0.000513s ]
[ sql ] [ SQL ] SELECT `id`,`title`,`url_value`,`params` FROM `dp_admin_navigation` WHERE  `pid` = 35  AND `status` = 1 ORDER BY `sort` [ RunTime:0.000324s ]
[ sql ] [ SQL ] SELECT `id`,`title`,`url_value`,`params` FROM `dp_admin_navigation` WHERE  `footer` = 1  AND `status` = 1 ORDER BY `sort` [ RunTime:0.000625s ]
[ sql ] [ SQL ] SHOW COLUMNS FROM `dp_home_banner_bg` [ RunTime:0.020348s ]
[ sql ] [ SQL ] SELECT `id`,`img` FROM `dp_home_banner_bg` WHERE  `status` = 1 ORDER BY `sort` [ RunTime:0.000331s ]
[ sql ] [ SQL ] SHOW COLUMNS FROM `dp_home_banner` [ RunTime:0.019791s ]
[ sql ] [ SQL ] SELECT * FROM `dp_home_banner` WHERE  `status` = 1 ORDER BY `sort` LIMIT 4 [ RunTime:0.000527s ]
[ sql ] [ SQL ] SHOW COLUMNS FROM `dp_home_album` [ RunTime:0.020647s ]
[ sql ] [ SQL ] SELECT * FROM `dp_home_album` WHERE  `status` = 1 ORDER BY `sort` [ RunTime:0.000436s ]
[ sql ] [ SQL ] SHOW COLUMNS FROM `dp_home_food` [ RunTime:0.021394s ]
[ sql ] [ SQL ] SELECT * FROM `dp_home_food` WHERE  `status` = 1 ORDER BY `sort` LIMIT 5 [ RunTime:0.000447s ]
[ sql ] [ SQL ] SHOW COLUMNS FROM `dp_home_news` [ RunTime:0.019734s ]
[ sql ] [ SQL ] SELECT * FROM `dp_home_news` WHERE  `status` = 1  AND `is_tui` = 1 LIMIT 5 [ RunTime:0.000619s ]
[ sql ] [ SQL ] SHOW COLUMNS FROM `dp_home_store` [ RunTime:0.020181s ]
[ sql ] [ SQL ] SELECT * FROM `dp_home_store` WHERE  `status` = 1 LIMIT 4 [ RunTime:0.000461s ]
[ sql ] [ SQL ] SHOW COLUMNS FROM `dp_home_roll` [ RunTime:0.015081s ]
[ sql ] [ SQL ] SELECT * FROM `dp_home_roll` WHERE  `status` = 1 ORDER BY `sort` [ RunTime:0.000536s ]
[ sql ] [ SQL ] SHOW COLUMNS FROM `dp_admin_attachment` [ RunTime:0.021235s ]
[ sql ] [ SQL ] SELECT * FROM `dp_admin_attachment` WHERE  `id` = 3 LIMIT 1 [ RunTime:0.000479s ]
[ sql ] [ SQL ] SELECT * FROM `dp_admin_attachment` WHERE  `id` = 16 LIMIT 1 [ RunTime:0.000866s ]
[ sql ] [ SQL ] SELECT * FROM `dp_admin_attachment` WHERE  `id` = 17 LIMIT 1 [ RunTime:0.000814s ]
[ sql ] [ SQL ] SELECT * FROM `dp_admin_attachment` WHERE  `id` = 18 LIMIT 1 [ RunTime:0.000726s ]
[ sql ] [ SQL ] SELECT * FROM `dp_admin_attachment` WHERE  `id` = 19 LIMIT 1 [ RunTime:0.000675s ]
[ sql ] [ SQL ] SELECT * FROM `dp_admin_attachment` WHERE  `id` = 20 LIMIT 1 [ RunTime:0.000666s ]
[ sql ] [ SQL ] SELECT * FROM `dp_admin_attachment` WHERE  `id` = 21 LIMIT 1 [ RunTime:0.000563s ]
[ sql ] [ SQL ] SELECT * FROM `dp_admin_attachment` WHERE  `id` = 22 LIMIT 1 [ RunTime:0.000670s ]
[ sql ] [ SQL ] SELECT * FROM `dp_admin_attachment` WHERE  `id` = 23 LIMIT 1 [ RunTime:0.000386s ]
[ sql ] [ SQL ] SELECT * FROM `dp_admin_attachment` WHERE  `id` = 24 LIMIT 1 [ RunTime:0.000377s ]
[ sql ] [ SQL ] SELECT * FROM `dp_admin_attachment` WHERE  `id` = 25 LIMIT 1 [ RunTime:0.000347s ]
[ sql ] [ SQL ] SELECT * FROM `dp_admin_attachment` WHERE  `id` = 26 LIMIT 1 [ RunTime:0.000334s ]
[ sql ] [ SQL ] SELECT * FROM `dp_admin_attachment` WHERE  `id` = 21 LIMIT 1 [ RunTime:0.000341s ]
[ sql ] [ SQL ] SELECT * FROM `dp_admin_attachment` WHERE  `id` = 51 LIMIT 1 [ RunTime:0.000352s ]
[ sql ] [ SQL ] SELECT * FROM `dp_admin_attachment` WHERE  `id` = 50 LIMIT 1 [ RunTime:0.000337s ]
[ sql ] [ SQL ] SELECT * FROM `dp_admin_attachment` WHERE  `id` = 5 LIMIT 1 [ RunTime:0.000483s ]
[ sql ] [ SQL ] SELECT * FROM `dp_admin_attachment` WHERE  `id` = 28 LIMIT 1 [ RunTime:0.000588s ]
[ sql ] [ SQL ] SELECT * FROM `dp_admin_attachment` WHERE  `id` = 29 LIMIT 1 [ RunTime:0.000711s ]
[ sql ] [ SQL ] SELECT * FROM `dp_admin_attachment` WHERE  `id` = 30 LIMIT 1 [ RunTime:0.000726s ]
[ sql ] [ SQL ] SELECT * FROM `dp_admin_attachment` WHERE  `id` = 27 LIMIT 1 [ RunTime:0.000541s ]
[ sql ] [ SQL ] SELECT * FROM `dp_admin_attachment` WHERE  `id` = 31 LIMIT 1 [ RunTime:0.000346s ]
[ sql ] [ SQL ] SELECT * FROM `dp_admin_attachment` WHERE  `id` = 47 LIMIT 1 [ RunTime:0.000522s ]
[ sql ] [ SQL ] SELECT * FROM `dp_admin_attachment` WHERE  `id` = 4 LIMIT 1 [ RunTime:0.000604s ]
[ sql ] [ SQL ] SELECT * FROM `dp_admin_attachment` WHERE  `id` = 48 LIMIT 1 [ RunTime:0.000334s ]
[ sql ] [ SQL ] SELECT * FROM `dp_admin_attachment` WHERE  `id` = 49 LIMIT 1 [ RunTime:0.000278s ]
[ sql ] [ SQL ] SELECT * FROM `dp_admin_attachment` WHERE  `id` = 32 LIMIT 1 [ RunTime:0.000274s ]
[ sql ] [ SQL ] SELECT * FROM `dp_admin_attachment` WHERE  `id` = 33 LIMIT 1 [ RunTime:0.000271s ]
[ sql ] [ SQL ] SELECT * FROM `dp_admin_attachment` WHERE  `id` = 34 LIMIT 1 [ RunTime:0.000330s ]
[ sql ] [ SQL ] SELECT * FROM `dp_admin_attachment` WHERE  `id` = 35 LIMIT 1 [ RunTime:0.000229s ]
[ sql ] [ SQL ] SELECT * FROM `dp_admin_attachment` WHERE  `id` = 36 LIMIT 1 [ RunTime:0.000224s ]
[ sql ] [ SQL ] SELECT * FROM `dp_admin_attachment` WHERE  `id` = 37 LIMIT 1 [ RunTime:0.000446s ]
[ sql ] [ SQL ] SELECT * FROM `dp_admin_attachment` WHERE  `id` = 38 LIMIT 1 [ RunTime:0.000325s ]
[ sql ] [ SQL ] SELECT * FROM `dp_admin_attachment` WHERE  `id` = 39 LIMIT 1 [ RunTime:0.000249s ]
[ sql ] [ SQL ] SELECT * FROM `dp_admin_attachment` WHERE  `id` = 40 LIMIT 1 [ RunTime:0.000232s ]
[ sql ] [ SQL ] SELECT * FROM `dp_admin_attachment` WHERE  `id` = 41 LIMIT 1 [ RunTime:0.000243s ]
[ sql ] [ SQL ] SELECT * FROM `dp_admin_attachment` WHERE  `id` = 2 LIMIT 1 [ RunTime:0.000237s ]
[ sql ] [ SQL ] SELECT * FROM `dp_admin_attachment` WHERE  `id` = 2 LIMIT 1 [ RunTime:0.000229s ]
